Initialized native services in: /users/miaoyu/.gradle/native
The client will now receive all logging from the daemon (pid: 28263). The daemon log file: /users/miaoyu/.gradle/daemon/5.6.2/daemon-28263.out.log
Starting 3rd build in daemon [uptime: 34 mins 12.593 secs, performance: 100%]
Using 40 worker leases.
Starting Build
Settings evaluated using settings file '/users/miaoyu/kafka/settings.gradle'.
Projects loaded. Root project using build file '/users/miaoyu/kafka/build.gradle'.
Included projects: [root project 'kafka', project ':clients', project ':connect', project ':core', project ':examples', project ':generator', project ':jmh-benchmarks', project ':log4j-appender', project ':streams', project ':tools', project ':connect:api', project ':connect:basic-auth-extension', project ':connect:file', project ':connect:json', project ':connect:mirror', project ':connect:mirror-client', project ':connect:runtime', project ':connect:transforms', project ':streams:examples', project ':streams:streams-scala', project ':streams:test-utils', project ':streams:upgrade-system-tests-0100', project ':streams:upgrade-system-tests-0101', project ':streams:upgrade-system-tests-0102', project ':streams:upgrade-system-tests-0110', project ':streams:upgrade-system-tests-10', project ':streams:upgrade-system-tests-11', project ':streams:upgrade-system-tests-20', project ':streams:upgrade-system-tests-21', project ':streams:upgrade-system-tests-22', project ':streams:upgrade-system-tests-23']

> Configure project :
Evaluating root project 'kafka' using build file '/users/miaoyu/kafka/build.gradle'.
file or directory '/users/miaoyu/kafka/connect/src/test/resources', not found
file or directory '/users/miaoyu/kafka/connect/src/test/java', not found
file or directory '/users/miaoyu/kafka/examples/src/test/resources', not found
file or directory '/users/miaoyu/kafka/examples/src/test/java', not found
file or directory '/users/miaoyu/kafka/generator/src/test/resources', not found
file or directory '/users/miaoyu/kafka/jmh-benchmarks/src/test/resources', not found
file or directory '/users/miaoyu/kafka/jmh-benchmarks/src/test/java', not found
file or directory '/users/miaoyu/kafka/log4j-appender/src/test/resources', not found
file or directory '/users/miaoyu/kafka/connect/api/src/test/resources', not found
file or directory '/users/miaoyu/kafka/connect/basic-auth-extension/src/test/resources', not found
file or directory '/users/miaoyu/kafka/connect/file/src/test/resources', not found
file or directory '/users/miaoyu/kafka/connect/mirror-client/src/test/resources', not found
file or directory '/users/miaoyu/kafka/connect/transforms/src/test/resources', not found
file or directory '/users/miaoyu/kafka/streams/examples/src/test/resources', not found
file or directory '/users/miaoyu/kafka/streams/test-utils/src/test/resources', not found
file or directory '/users/miaoyu/kafka/streams/upgrade-system-tests-0100/src/test/resources', not found
file or directory '/users/miaoyu/kafka/streams/upgrade-system-tests-0101/src/test/resources', not found
file or directory '/users/miaoyu/kafka/streams/upgrade-system-tests-0102/src/test/resources', not found
file or directory '/users/miaoyu/kafka/streams/upgrade-system-tests-0110/src/test/resources', not found
file or directory '/users/miaoyu/kafka/streams/upgrade-system-tests-10/src/test/resources', not found
file or directory '/users/miaoyu/kafka/streams/upgrade-system-tests-11/src/test/resources', not found
file or directory '/users/miaoyu/kafka/streams/upgrade-system-tests-20/src/test/resources', not found
file or directory '/users/miaoyu/kafka/streams/upgrade-system-tests-21/src/test/resources', not found
file or directory '/users/miaoyu/kafka/streams/upgrade-system-tests-22/src/test/resources', not found
file or directory '/users/miaoyu/kafka/streams/upgrade-system-tests-23/src/test/resources', not found
Building project 'core' with Scala version 2.12.10
Building project 'streams-scala' with Scala version 2.12.10

> Configure project :clients
Evaluating project ':clients' using build file '/users/miaoyu/kafka/clients/build.gradle'.

> Configure project :connect
Evaluating project ':connect' using build file '/users/miaoyu/kafka/connect/build.gradle'.

> Configure project :core
Evaluating project ':core' using build file '/users/miaoyu/kafka/core/build.gradle'.

> Configure project :examples
Evaluating project ':examples' using build file '/users/miaoyu/kafka/examples/build.gradle'.

> Configure project :generator
Evaluating project ':generator' using build file '/users/miaoyu/kafka/generator/build.gradle'.

> Configure project :jmh-benchmarks
Evaluating project ':jmh-benchmarks' using build file '/users/miaoyu/kafka/jmh-benchmarks/build.gradle'.

> Configure project :log4j-appender
Evaluating project ':log4j-appender' using build file '/users/miaoyu/kafka/log4j-appender/build.gradle'.

> Configure project :streams
Evaluating project ':streams' using build file '/users/miaoyu/kafka/streams/build.gradle'.

> Configure project :tools
Evaluating project ':tools' using build file '/users/miaoyu/kafka/tools/build.gradle'.

> Configure project :connect:api
Evaluating project ':connect:api' using build file '/users/miaoyu/kafka/connect/api/build.gradle'.

> Configure project :connect:basic-auth-extension
Evaluating project ':connect:basic-auth-extension' using build file '/users/miaoyu/kafka/connect/basic-auth-extension/build.gradle'.

> Configure project :connect:file
Evaluating project ':connect:file' using build file '/users/miaoyu/kafka/connect/file/build.gradle'.

> Configure project :connect:json
Evaluating project ':connect:json' using build file '/users/miaoyu/kafka/connect/json/build.gradle'.

> Configure project :connect:mirror
Evaluating project ':connect:mirror' using build file '/users/miaoyu/kafka/connect/mirror/build.gradle'.

> Configure project :connect:mirror-client
Evaluating project ':connect:mirror-client' using build file '/users/miaoyu/kafka/connect/mirror-client/build.gradle'.

> Configure project :connect:runtime
Evaluating project ':connect:runtime' using build file '/users/miaoyu/kafka/connect/runtime/build.gradle'.

> Configure project :connect:transforms
Evaluating project ':connect:transforms' using build file '/users/miaoyu/kafka/connect/transforms/build.gradle'.

> Configure project :streams:examples
Evaluating project ':streams:examples' using build file '/users/miaoyu/kafka/streams/examples/build.gradle'.

> Configure project :streams:streams-scala
Evaluating project ':streams:streams-scala' using build file '/users/miaoyu/kafka/streams/streams-scala/build.gradle'.

> Configure project :streams:test-utils
Evaluating project ':streams:test-utils' using build file '/users/miaoyu/kafka/streams/test-utils/build.gradle'.

> Configure project :streams:upgrade-system-tests-0100
Evaluating project ':streams:upgrade-system-tests-0100' using build file '/users/miaoyu/kafka/streams/upgrade-system-tests-0100/build.gradle'.

> Configure project :streams:upgrade-system-tests-0101
Evaluating project ':streams:upgrade-system-tests-0101' using build file '/users/miaoyu/kafka/streams/upgrade-system-tests-0101/build.gradle'.

> Configure project :streams:upgrade-system-tests-0102
Evaluating project ':streams:upgrade-system-tests-0102' using build file '/users/miaoyu/kafka/streams/upgrade-system-tests-0102/build.gradle'.

> Configure project :streams:upgrade-system-tests-0110
Evaluating project ':streams:upgrade-system-tests-0110' using build file '/users/miaoyu/kafka/streams/upgrade-system-tests-0110/build.gradle'.

> Configure project :streams:upgrade-system-tests-10
Evaluating project ':streams:upgrade-system-tests-10' using build file '/users/miaoyu/kafka/streams/upgrade-system-tests-10/build.gradle'.

> Configure project :streams:upgrade-system-tests-11
Evaluating project ':streams:upgrade-system-tests-11' using build file '/users/miaoyu/kafka/streams/upgrade-system-tests-11/build.gradle'.

> Configure project :streams:upgrade-system-tests-20
Evaluating project ':streams:upgrade-system-tests-20' using build file '/users/miaoyu/kafka/streams/upgrade-system-tests-20/build.gradle'.

> Configure project :streams:upgrade-system-tests-21
Evaluating project ':streams:upgrade-system-tests-21' using build file '/users/miaoyu/kafka/streams/upgrade-system-tests-21/build.gradle'.

> Configure project :streams:upgrade-system-tests-22
Evaluating project ':streams:upgrade-system-tests-22' using build file '/users/miaoyu/kafka/streams/upgrade-system-tests-22/build.gradle'.

> Configure project :streams:upgrade-system-tests-23
Evaluating project ':streams:upgrade-system-tests-23' using build file '/users/miaoyu/kafka/streams/upgrade-system-tests-23/build.gradle'.
All projects evaluated.
Selected primary task 'cleanTest' from project :
Selected primary task 'unitTest' from project :
Tasks to be executed: [task ':cleanTest', task ':clients:cleanTest', task ':connect:cleanTest', task ':core:cleanTest', task ':examples:cleanTest', task ':generator:cleanTest', task ':jmh-benchmarks:cleanTest', task ':log4j-appender:cleanTest', task ':streams:cleanTest', task ':tools:cleanTest', task ':connect:api:cleanTest', task ':connect:basic-auth-extension:cleanTest', task ':connect:file:cleanTest', task ':connect:json:cleanTest', task ':connect:mirror:cleanTest', task ':connect:mirror-client:cleanTest', task ':connect:runtime:cleanTest', task ':connect:transforms:cleanTest', task ':streams:examples:cleanTest', task ':streams:streams-scala:cleanTest', task ':streams:test-utils:cleanTest', task ':streams:upgrade-system-tests-0100:cleanTest', task ':streams:upgrade-system-tests-0101:cleanTest', task ':streams:upgrade-system-tests-0102:cleanTest', task ':streams:upgrade-system-tests-0110:cleanTest', task ':streams:upgrade-system-tests-10:cleanTest', task ':streams:upgrade-system-tests-11:cleanTest', task ':streams:upgrade-system-tests-20:cleanTest', task ':streams:upgrade-system-tests-21:cleanTest', task ':streams:upgrade-system-tests-22:cleanTest', task ':streams:upgrade-system-tests-23:cleanTest', task ':generator:compileJava', task ':generator:processResources', task ':generator:classes', task ':clients:processMessages', task ':clients:compileJava', task ':clients:processResources', task ':clients:classes', task ':clients:processTestMessages', task ':clients:compileTestJava', task ':clients:processTestResources', task ':clients:testClasses', task ':clients:unitTest', task ':connect:compileJava', task ':connect:processResources', task ':connect:classes', task ':connect:compileTestJava', task ':connect:processTestResources', task ':connect:testClasses', task ':connect:unitTest', task ':clients:determineCommitId', task ':clients:createVersionFile', task ':clients:jar', task ':core:compileJava', task ':core:compileScala', task ':core:processResources', task ':core:classes', task ':core:compileTestJava', task ':core:compileTestScala', task ':core:processTestResources', task ':core:testClasses', task ':core:unitTest', task ':core:copyDependantLibs', task ':core:jar', task ':examples:compileJava', task ':examples:processResources', task ':examples:classes', task ':examples:compileTestJava', task ':examples:processTestResources', task ':examples:testClasses', task ':examples:unitTest', task ':generator:compileTestJava', task ':generator:processTestResources', task ':generator:testClasses', task ':generator:unitTest', task ':connect:api:compileJava', task ':connect:api:processResources', task ':connect:api:classes', task ':connect:api:copyDependantLibs', task ':connect:api:jar', task ':connect:json:compileJava', task ':connect:json:processResources', task ':connect:json:classes', task ':connect:json:copyDependantLibs', task ':connect:json:jar', task ':streams:compileJava', task ':streams:processResources', task ':streams:classes', task ':streams:copyDependantLibs', task ':streams:determineCommitId', task ':streams:createStreamsVersionFile', task ':streams:jar', task ':jmh-benchmarks:compileJava', task ':jmh-benchmarks:processResources', task ':jmh-benchmarks:classes', task ':jmh-benchmarks:compileTestJava', task ':jmh-benchmarks:processTestResources', task ':jmh-benchmarks:testClasses', task ':jmh-benchmarks:unitTest', task ':log4j-appender:compileJava', task ':log4j-appender:processResources', task ':log4j-appender:classes', task ':log4j-appender:compileTestJava', task ':log4j-appender:processTestResources', task ':log4j-appender:testClasses', task ':log4j-appender:unitTest', task ':streams:test-utils:compileJava', task ':streams:test-utils:processResources', task ':streams:test-utils:classes', task ':streams:test-utils:copyDependantLibs', task ':streams:test-utils:jar', task ':streams:compileTestJava', task ':streams:processTestResources', task ':streams:testClasses', task ':streams:unitTest', task ':log4j-appender:jar', task ':tools:compileJava', task ':tools:processResources', task ':tools:classes', task ':tools:compileTestJava', task ':tools:processTestResources', task ':tools:testClasses', task ':tools:unitTest', task ':connect:api:compileTestJava', task ':connect:api:processTestResources', task ':connect:api:testClasses', task ':connect:api:unitTest', task ':connect:basic-auth-extension:compileJava', task ':connect:basic-auth-extension:processResources', task ':connect:basic-auth-extension:classes', task ':connect:basic-auth-extension:compileTestJava', task ':connect:basic-auth-extension:processTestResources', task ':connect:basic-auth-extension:testClasses', task ':connect:basic-auth-extension:unitTest', task ':connect:file:compileJava', task ':connect:file:processResources', task ':connect:file:classes', task ':connect:file:compileTestJava', task ':connect:file:processTestResources', task ':connect:file:testClasses', task ':connect:file:unitTest', task ':connect:json:compileTestJava', task ':connect:json:processTestResources', task ':connect:json:testClasses', task ':connect:json:unitTest', task ':tools:copyDependantLibs', task ':tools:jar', task ':connect:mirror-client:compileJava', task ':connect:mirror-client:processResources', task ':connect:mirror-client:classes', task ':connect:mirror-client:copyDependantLibs', task ':connect:mirror-client:jar', task ':connect:transforms:compileJava', task ':connect:transforms:processResources', task ':connect:transforms:classes', task ':connect:transforms:copyDependantLibs', task ':connect:transforms:jar', task ':connect:runtime:compileJava', task ':connect:runtime:processResources', task ':connect:runtime:classes', task ':connect:runtime:copyDependantLibs', task ':connect:runtime:jar', task ':connect:mirror:compileJava', task ':connect:mirror:processResources', task ':connect:mirror:classes', task ':connect:runtime:compileTestJava', task ':connect:runtime:processTestResources', task ':connect:runtime:testClasses', task ':connect:mirror:compileTestJava', task ':connect:mirror:processTestResources', task ':connect:mirror:testClasses', task ':connect:mirror:unitTest', task ':connect:mirror-client:compileTestJava', task ':connect:mirror-client:processTestResources', task ':connect:mirror-client:testClasses', task ':connect:mirror-client:unitTest', task ':connect:runtime:unitTest', task ':connect:transforms:compileTestJava', task ':connect:transforms:processTestResources', task ':connect:transforms:testClasses', task ':connect:transforms:unitTest', task ':streams:examples:compileJava', task ':streams:examples:processResources', task ':streams:examples:classes', task ':streams:examples:compileTestJava', task ':streams:examples:processTestResources', task ':streams:examples:testClasses', task ':streams:examples:unitTest', task ':streams:streams-scala:compileJava', task ':streams:streams-scala:compileScala', task ':streams:streams-scala:processResources', task ':streams:streams-scala:classes', task ':streams:streams-scala:compileTestJava', task ':streams:streams-scala:compileTestScala', task ':streams:streams-scala:processTestResources', task ':streams:streams-scala:testClasses', task ':streams:streams-scala:unitTest', task ':streams:test-utils:compileTestJava', task ':streams:test-utils:processTestResources', task ':streams:test-utils:testClasses', task ':streams:test-utils:unitTest', task ':streams:upgrade-system-tests-0100:compileJava', task ':streams:upgrade-system-tests-0100:processResources', task ':streams:upgrade-system-tests-0100:classes', task ':streams:upgrade-system-tests-0100:compileTestJava', task ':streams:upgrade-system-tests-0100:processTestResources', task ':streams:upgrade-system-tests-0100:testClasses', task ':streams:upgrade-system-tests-0100:unitTest', task ':streams:upgrade-system-tests-0101:compileJava', task ':streams:upgrade-system-tests-0101:processResources', task ':streams:upgrade-system-tests-0101:classes', task ':streams:upgrade-system-tests-0101:compileTestJava', task ':streams:upgrade-system-tests-0101:processTestResources', task ':streams:upgrade-system-tests-0101:testClasses', task ':streams:upgrade-system-tests-0101:unitTest', task ':streams:upgrade-system-tests-0102:compileJava', task ':streams:upgrade-system-tests-0102:processResources', task ':streams:upgrade-system-tests-0102:classes', task ':streams:upgrade-system-tests-0102:compileTestJava', task ':streams:upgrade-system-tests-0102:processTestResources', task ':streams:upgrade-system-tests-0102:testClasses', task ':streams:upgrade-system-tests-0102:unitTest', task ':streams:upgrade-system-tests-0110:compileJava', task ':streams:upgrade-system-tests-0110:processResources', task ':streams:upgrade-system-tests-0110:classes', task ':streams:upgrade-system-tests-0110:compileTestJava', task ':streams:upgrade-system-tests-0110:processTestResources', task ':streams:upgrade-system-tests-0110:testClasses', task ':streams:upgrade-system-tests-0110:unitTest', task ':streams:upgrade-system-tests-10:compileJava', task ':streams:upgrade-system-tests-10:processResources', task ':streams:upgrade-system-tests-10:classes', task ':streams:upgrade-system-tests-10:compileTestJava', task ':streams:upgrade-system-tests-10:processTestResources', task ':streams:upgrade-system-tests-10:testClasses', task ':streams:upgrade-system-tests-10:unitTest', task ':streams:upgrade-system-tests-11:compileJava', task ':streams:upgrade-system-tests-11:processResources', task ':streams:upgrade-system-tests-11:classes', task ':streams:upgrade-system-tests-11:compileTestJava', task ':streams:upgrade-system-tests-11:processTestResources', task ':streams:upgrade-system-tests-11:testClasses', task ':streams:upgrade-system-tests-11:unitTest', task ':streams:upgrade-system-tests-20:compileJava', task ':streams:upgrade-system-tests-20:processResources', task ':streams:upgrade-system-tests-20:classes', task ':streams:upgrade-system-tests-20:compileTestJava', task ':streams:upgrade-system-tests-20:processTestResources', task ':streams:upgrade-system-tests-20:testClasses', task ':streams:upgrade-system-tests-20:unitTest', task ':streams:upgrade-system-tests-21:compileJava', task ':streams:upgrade-system-tests-21:processResources', task ':streams:upgrade-system-tests-21:classes', task ':streams:upgrade-system-tests-21:compileTestJava', task ':streams:upgrade-system-tests-21:processTestResources', task ':streams:upgrade-system-tests-21:testClasses', task ':streams:upgrade-system-tests-21:unitTest', task ':streams:upgrade-system-tests-22:compileJava', task ':streams:upgrade-system-tests-22:processResources', task ':streams:upgrade-system-tests-22:classes', task ':streams:upgrade-system-tests-22:compileTestJava', task ':streams:upgrade-system-tests-22:processTestResources', task ':streams:upgrade-system-tests-22:testClasses', task ':streams:upgrade-system-tests-22:unitTest', task ':streams:upgrade-system-tests-23:compileJava', task ':streams:upgrade-system-tests-23:processResources', task ':streams:upgrade-system-tests-23:classes', task ':streams:upgrade-system-tests-23:compileTestJava', task ':streams:upgrade-system-tests-23:processTestResources', task ':streams:upgrade-system-tests-23:testClasses', task ':streams:upgrade-system-tests-23:unitTest']
:cleanTest (Thread[Execution worker for ':',5,main]) started.

> Task :cleanTest UP-TO-DATE
Caching disabled for task ':cleanTest' because:
  Build cache is disabled
Task ':cleanTest' is not up-to-date because:
  Task has not declared any outputs despite executing actions.
:cleanTest (Thread[Execution worker for ':',5,main]) completed. Took 0.005 secs.
:clients:cleanTest (Thread[Execution worker for ':',5,main]) started.

> Task :clients:cleanTest UP-TO-DATE
Caching disabled for task ':clients:cleanTest' because:
  Build cache is disabled
Task ':clients:cleanTest' is not up-to-date because:
  Task has not declared any outputs despite executing actions.
:clients:cleanTest (Thread[Execution worker for ':',5,main]) completed. Took 0.001 secs.
:connect:cleanTest (Thread[Execution worker for ':',5,main]) started.

> Task :connect:cleanTest UP-TO-DATE
Caching disabled for task ':connect:cleanTest' because:
  Build cache is disabled
Task ':connect:cleanTest' is not up-to-date because:
  Task has not declared any outputs despite executing actions.
:connect:cleanTest (Thread[Execution worker for ':',5,main]) completed. Took 0.001 secs.
:core:cleanTest (Thread[Execution worker for ':',5,main]) started.

> Task :core:cleanTest UP-TO-DATE
Caching disabled for task ':core:cleanTest' because:
  Build cache is disabled
Task ':core:cleanTest' is not up-to-date because:
  Task has not declared any outputs despite executing actions.
:core:cleanTest (Thread[Execution worker for ':',5,main]) completed. Took 0.001 secs.
:examples:cleanTest (Thread[Execution worker for ':',5,main]) started.

> Task :examples:cleanTest UP-TO-DATE
Caching disabled for task ':examples:cleanTest' because:
  Build cache is disabled
Task ':examples:cleanTest' is not up-to-date because:
  Task has not declared any outputs despite executing actions.
:examples:cleanTest (Thread[Execution worker for ':',5,main]) completed. Took 0.001 secs.
:generator:cleanTest (Thread[Execution worker for ':',5,main]) started.

> Task :generator:cleanTest UP-TO-DATE
Caching disabled for task ':generator:cleanTest' because:
  Build cache is disabled
Task ':generator:cleanTest' is not up-to-date because:
  Task has not declared any outputs despite executing actions.
:generator:cleanTest (Thread[Execution worker for ':',5,main]) completed. Took 0.001 secs.
:jmh-benchmarks:cleanTest (Thread[Execution worker for ':',5,main]) started.

> Task :jmh-benchmarks:cleanTest UP-TO-DATE
Caching disabled for task ':jmh-benchmarks:cleanTest' because:
  Build cache is disabled
Task ':jmh-benchmarks:cleanTest' is not up-to-date because:
  Task has not declared any outputs despite executing actions.
:jmh-benchmarks:cleanTest (Thread[Execution worker for ':',5,main]) completed. Took 0.0 secs.
:log4j-appender:cleanTest (Thread[Execution worker for ':',5,main]) started.

> Task :log4j-appender:cleanTest UP-TO-DATE
Caching disabled for task ':log4j-appender:cleanTest' because:
  Build cache is disabled
Task ':log4j-appender:cleanTest' is not up-to-date because:
  Task has not declared any outputs despite executing actions.
:log4j-appender:cleanTest (Thread[Execution worker for ':',5,main]) completed. Took 0.0 secs.
:streams:cleanTest (Thread[Execution worker for ':',5,main]) started.

> Task :streams:cleanTest UP-TO-DATE
Caching disabled for task ':streams:cleanTest' because:
  Build cache is disabled
Task ':streams:cleanTest' is not up-to-date because:
  Task has not declared any outputs despite executing actions.
:streams:cleanTest (Thread[Execution worker for ':',5,main]) completed. Took 0.0 secs.
:tools:cleanTest (Thread[Execution worker for ':',5,main]) started.

> Task :tools:cleanTest UP-TO-DATE
Caching disabled for task ':tools:cleanTest' because:
  Build cache is disabled
Task ':tools:cleanTest' is not up-to-date because:
  Task has not declared any outputs despite executing actions.
:tools:cleanTest (Thread[Execution worker for ':',5,main]) completed. Took 0.0 secs.
:connect:api:cleanTest (Thread[Execution worker for ':',5,main]) started.

> Task :connect:api:cleanTest UP-TO-DATE
Caching disabled for task ':connect:api:cleanTest' because:
  Build cache is disabled
Task ':connect:api:cleanTest' is not up-to-date because:
  Task has not declared any outputs despite executing actions.
:connect:api:cleanTest (Thread[Execution worker for ':',5,main]) completed. Took 0.0 secs.
:connect:basic-auth-extension:cleanTest (Thread[Execution worker for ':',5,main]) started.

> Task :connect:basic-auth-extension:cleanTest UP-TO-DATE
Caching disabled for task ':connect:basic-auth-extension:cleanTest' because:
  Build cache is disabled
Task ':connect:basic-auth-extension:cleanTest' is not up-to-date because:
  Task has not declared any outputs despite executing actions.
:connect:basic-auth-extension:cleanTest (Thread[Execution worker for ':',5,main]) completed. Took 0.001 secs.
:connect:file:cleanTest (Thread[Execution worker for ':',5,main]) started.

> Task :connect:file:cleanTest UP-TO-DATE
Caching disabled for task ':connect:file:cleanTest' because:
  Build cache is disabled
Task ':connect:file:cleanTest' is not up-to-date because:
  Task has not declared any outputs despite executing actions.
:connect:file:cleanTest (Thread[Execution worker for ':',5,main]) completed. Took 0.0 secs.
:connect:json:cleanTest (Thread[Execution worker for ':',5,main]) started.

> Task :connect:json:cleanTest UP-TO-DATE
Caching disabled for task ':connect:json:cleanTest' because:
  Build cache is disabled
Task ':connect:json:cleanTest' is not up-to-date because:
  Task has not declared any outputs despite executing actions.
:connect:json:cleanTest (Thread[Execution worker for ':',5,main]) completed. Took 0.0 secs.
:connect:mirror:cleanTest (Thread[Execution worker for ':',5,main]) started.

> Task :connect:mirror:cleanTest UP-TO-DATE
Caching disabled for task ':connect:mirror:cleanTest' because:
  Build cache is disabled
Task ':connect:mirror:cleanTest' is not up-to-date because:
  Task has not declared any outputs despite executing actions.
:connect:mirror:cleanTest (Thread[Execution worker for ':',5,main]) completed. Took 0.0 secs.
:connect:mirror-client:cleanTest (Thread[Execution worker for ':',5,main]) started.

> Task :connect:mirror-client:cleanTest UP-TO-DATE
Caching disabled for task ':connect:mirror-client:cleanTest' because:
  Build cache is disabled
Task ':connect:mirror-client:cleanTest' is not up-to-date because:
  Task has not declared any outputs despite executing actions.
:connect:mirror-client:cleanTest (Thread[Execution worker for ':',5,main]) completed. Took 0.0 secs.
:connect:runtime:cleanTest (Thread[Execution worker for ':',5,main]) started.

> Task :connect:runtime:cleanTest UP-TO-DATE
Caching disabled for task ':connect:runtime:cleanTest' because:
  Build cache is disabled
Task ':connect:runtime:cleanTest' is not up-to-date because:
  Task has not declared any outputs despite executing actions.
:connect:runtime:cleanTest (Thread[Execution worker for ':',5,main]) completed. Took 0.0 secs.
:connect:transforms:cleanTest (Thread[Execution worker for ':' Thread 32,5,main]) started.

> Task :connect:transforms:cleanTest UP-TO-DATE
Caching disabled for task ':connect:transforms:cleanTest' because:
  Build cache is disabled
Task ':connect:transforms:cleanTest' is not up-to-date because:
  Task has not declared any outputs despite executing actions.
:connect:transforms:cleanTest (Thread[Execution worker for ':' Thread 32,5,main]) completed. Took 0.007 secs.
:streams:examples:cleanTest (Thread[Execution worker for ':' Thread 32,5,main]) started.

> Task :streams:examples:cleanTest UP-TO-DATE
Caching disabled for task ':streams:examples:cleanTest' because:
  Build cache is disabled
Task ':streams:examples:cleanTest' is not up-to-date because:
  Task has not declared any outputs despite executing actions.
:streams:examples:cleanTest (Thread[Execution worker for ':' Thread 32,5,main]) completed. Took 0.002 secs.
:streams:streams-scala:cleanTest (Thread[Execution worker for ':' Thread 32,5,main]) started.

> Task :streams:streams-scala:cleanTest UP-TO-DATE
Caching disabled for task ':streams:streams-scala:cleanTest' because:
  Build cache is disabled
Task ':streams:streams-scala:cleanTest' is not up-to-date because:
  Task has not declared any outputs despite executing actions.
:streams:streams-scala:cleanTest (Thread[Execution worker for ':' Thread 32,5,main]) completed. Took 0.001 secs.
:streams:test-utils:cleanTest (Thread[Execution worker for ':' Thread 32,5,main]) started.

> Task :streams:test-utils:cleanTest UP-TO-DATE
Caching disabled for task ':streams:test-utils:cleanTest' because:
  Build cache is disabled
Task ':streams:test-utils:cleanTest' is not up-to-date because:
  Task has not declared any outputs despite executing actions.
:streams:test-utils:cleanTest (Thread[Execution worker for ':' Thread 32,5,main]) completed. Took 0.001 secs.
:streams:upgrade-system-tests-0100:cleanTest (Thread[Execution worker for ':' Thread 32,5,main]) started.

> Task :streams:upgrade-system-tests-0100:cleanTest UP-TO-DATE
Caching disabled for task ':streams:upgrade-system-tests-0100:cleanTest' because:
  Build cache is disabled
Task ':streams:upgrade-system-tests-0100:cleanTest' is not up-to-date because:
  Task has not declared any outputs despite executing actions.
:streams:upgrade-system-tests-0100:cleanTest (Thread[Execution worker for ':' Thread 32,5,main]) completed. Took 0.001 secs.
:streams:upgrade-system-tests-0101:cleanTest (Thread[Execution worker for ':' Thread 39,5,main]) started.

> Task :streams:upgrade-system-tests-0101:cleanTest UP-TO-DATE
Caching disabled for task ':streams:upgrade-system-tests-0101:cleanTest' because:
  Build cache is disabled
Task ':streams:upgrade-system-tests-0101:cleanTest' is not up-to-date because:
  Task has not declared any outputs despite executing actions.
:streams:upgrade-system-tests-0101:cleanTest (Thread[Execution worker for ':' Thread 39,5,main]) completed. Took 0.001 secs.
:streams:upgrade-system-tests-0102:cleanTest (Thread[Execution worker for ':' Thread 39,5,main]) started.

> Task :streams:upgrade-system-tests-0102:cleanTest UP-TO-DATE
Caching disabled for task ':streams:upgrade-system-tests-0102:cleanTest' because:
  Build cache is disabled
Task ':streams:upgrade-system-tests-0102:cleanTest' is not up-to-date because:
  Task has not declared any outputs despite executing actions.
:streams:upgrade-system-tests-0102:cleanTest (Thread[Execution worker for ':' Thread 39,5,main]) completed. Took 0.001 secs.
:streams:upgrade-system-tests-0110:cleanTest (Thread[Execution worker for ':' Thread 39,5,main]) started.

> Task :streams:upgrade-system-tests-0110:cleanTest UP-TO-DATE
Caching disabled for task ':streams:upgrade-system-tests-0110:cleanTest' because:
  Build cache is disabled
Task ':streams:upgrade-system-tests-0110:cleanTest' is not up-to-date because:
  Task has not declared any outputs despite executing actions.
:streams:upgrade-system-tests-0110:cleanTest (Thread[Execution worker for ':' Thread 39,5,main]) completed. Took 0.001 secs.
:streams:upgrade-system-tests-10:cleanTest (Thread[Execution worker for ':' Thread 39,5,main]) started.

> Task :streams:upgrade-system-tests-10:cleanTest UP-TO-DATE
Caching disabled for task ':streams:upgrade-system-tests-10:cleanTest' because:
  Build cache is disabled
Task ':streams:upgrade-system-tests-10:cleanTest' is not up-to-date because:
  Task has not declared any outputs despite executing actions.
:streams:upgrade-system-tests-10:cleanTest (Thread[Execution worker for ':' Thread 39,5,main]) completed. Took 0.001 secs.
:streams:upgrade-system-tests-11:cleanTest (Thread[Execution worker for ':' Thread 39,5,main]) started.

> Task :streams:upgrade-system-tests-11:cleanTest UP-TO-DATE
Caching disabled for task ':streams:upgrade-system-tests-11:cleanTest' because:
  Build cache is disabled
Task ':streams:upgrade-system-tests-11:cleanTest' is not up-to-date because:
  Task has not declared any outputs despite executing actions.
:streams:upgrade-system-tests-11:cleanTest (Thread[Execution worker for ':' Thread 39,5,main]) completed. Took 0.0 secs.
:streams:upgrade-system-tests-20:cleanTest (Thread[Execution worker for ':' Thread 39,5,main]) started.

> Task :streams:upgrade-system-tests-20:cleanTest UP-TO-DATE
Caching disabled for task ':streams:upgrade-system-tests-20:cleanTest' because:
  Build cache is disabled
Task ':streams:upgrade-system-tests-20:cleanTest' is not up-to-date because:
  Task has not declared any outputs despite executing actions.
:streams:upgrade-system-tests-20:cleanTest (Thread[Execution worker for ':' Thread 39,5,main]) completed. Took 0.001 secs.
:streams:upgrade-system-tests-21:cleanTest (Thread[Execution worker for ':' Thread 39,5,main]) started.

> Task :streams:upgrade-system-tests-21:cleanTest UP-TO-DATE
Caching disabled for task ':streams:upgrade-system-tests-21:cleanTest' because:
  Build cache is disabled
Task ':streams:upgrade-system-tests-21:cleanTest' is not up-to-date because:
  Task has not declared any outputs despite executing actions.
:streams:upgrade-system-tests-21:cleanTest (Thread[Execution worker for ':' Thread 39,5,main]) completed. Took 0.001 secs.
:streams:upgrade-system-tests-22:cleanTest (Thread[Execution worker for ':' Thread 39,5,main]) started.

> Task :streams:upgrade-system-tests-22:cleanTest UP-TO-DATE
Caching disabled for task ':streams:upgrade-system-tests-22:cleanTest' because:
  Build cache is disabled
Task ':streams:upgrade-system-tests-22:cleanTest' is not up-to-date because:
  Task has not declared any outputs despite executing actions.
:streams:upgrade-system-tests-22:cleanTest (Thread[Execution worker for ':' Thread 39,5,main]) completed. Took 0.0 secs.
:streams:upgrade-system-tests-23:cleanTest (Thread[Execution worker for ':' Thread 39,5,main]) started.

> Task :streams:upgrade-system-tests-23:cleanTest UP-TO-DATE
Caching disabled for task ':streams:upgrade-system-tests-23:cleanTest' because:
  Build cache is disabled
Task ':streams:upgrade-system-tests-23:cleanTest' is not up-to-date because:
  Task has not declared any outputs despite executing actions.
:streams:upgrade-system-tests-23:cleanTest (Thread[Execution worker for ':' Thread 39,5,main]) completed. Took 0.001 secs.
:generator:compileJava (Thread[Execution worker for ':' Thread 39,5,main]) started.

> Task :generator:compileJava UP-TO-DATE
Caching disabled for task ':generator:compileJava' because:
  Build cache is disabled
Skipping task ':generator:compileJava' as it is up-to-date.
:generator:compileJava (Thread[Execution worker for ':' Thread 39,5,main]) completed. Took 0.018 secs.
:generator:processResources (Thread[Execution worker for ':' Thread 39,5,main]) started.

> Task :generator:processResources NO-SOURCE
file or directory '/users/miaoyu/kafka/generator/src/main/resources', not found
Skipping task ':generator:processResources' as it has no source files and no previous output files.
:generator:processResources (Thread[Execution worker for ':' Thread 39,5,main]) completed. Took 0.0 secs.
:generator:classes (Thread[Execution worker for ':' Thread 39,5,main]) started.

> Task :generator:classes UP-TO-DATE
Skipping task ':generator:classes' as it has no actions.
:generator:classes (Thread[Execution worker for ':' Thread 39,5,main]) completed. Took 0.0 secs.
:clients:processMessages (Thread[Execution worker for ':' Thread 39,5,main]) started.

> Task :clients:processMessages UP-TO-DATE
Caching disabled for task ':clients:processMessages' because:
  Build cache is disabled
Skipping task ':clients:processMessages' as it is up-to-date.
:clients:processMessages (Thread[Execution worker for ':' Thread 39,5,main]) completed. Took 0.005 secs.
:clients:compileJava (Thread[Execution worker for ':' Thread 39,5,main]) started.

> Task :clients:compileJava UP-TO-DATE
Caching disabled for task ':clients:compileJava' because:
  Build cache is disabled
Skipping task ':clients:compileJava' as it is up-to-date.
:clients:compileJava (Thread[Execution worker for ':' Thread 39,5,main]) completed. Took 0.036 secs.
:clients:processResources (Thread[Execution worker for ':' Thread 39,5,main]) started.

> Task :clients:processResources UP-TO-DATE
Caching disabled for task ':clients:processResources' because:
  Build cache is disabled
Skipping task ':clients:processResources' as it is up-to-date.
:clients:processResources (Thread[Execution worker for ':' Thread 39,5,main]) completed. Took 0.006 secs.
:clients:classes (Thread[Execution worker for ':' Thread 39,5,main]) started.

> Task :clients:classes UP-TO-DATE
Skipping task ':clients:classes' as it has no actions.
:clients:classes (Thread[Execution worker for ':' Thread 39,5,main]) completed. Took 0.0 secs.
:clients:processTestMessages (Thread[Execution worker for ':' Thread 18,5,main]) started.

> Task :clients:processTestMessages UP-TO-DATE
Caching disabled for task ':clients:processTestMessages' because:
  Build cache is disabled
Skipping task ':clients:processTestMessages' as it is up-to-date.
:clients:processTestMessages (Thread[Execution worker for ':' Thread 18,5,main]) completed. Took 0.004 secs.
:clients:compileTestJava (Thread[Execution worker for ':' Thread 18,5,main]) started.

> Task :clients:compileTestJava UP-TO-DATE
Caching disabled for task ':clients:compileTestJava' because:
  Build cache is disabled
Skipping task ':clients:compileTestJava' as it is up-to-date.
:clients:compileTestJava (Thread[Execution worker for ':' Thread 18,5,main]) completed. Took 0.039 secs.
:clients:processTestResources (Thread[Execution worker for ':' Thread 18,5,main]) started.

> Task :clients:processTestResources UP-TO-DATE
Caching disabled for task ':clients:processTestResources' because:
  Build cache is disabled
Skipping task ':clients:processTestResources' as it is up-to-date.
:clients:processTestResources (Thread[Execution worker for ':' Thread 18,5,main]) completed. Took 0.002 secs.
:clients:testClasses (Thread[Execution worker for ':' Thread 18,5,main]) started.

> Task :clients:testClasses UP-TO-DATE
Skipping task ':clients:testClasses' as it has no actions.
:clients:testClasses (Thread[Execution worker for ':' Thread 18,5,main]) completed. Took 0.0 secs.
:clients:unitTest (Thread[Execution worker for ':' Thread 18,5,main]) started.
Gradle Test Executor 23 started executing tests.
Gradle Test Executor 21 started executing tests.
Gradle Test Executor 25 started executing tests.
Gradle Test Executor 27 started executing tests.
Gradle Test Executor 29 started executing tests.

> Task :clients:unitTest
Caching disabled for task ':clients:unitTest' because:
  Build cache is disabled
Task ':clients:unitTest' is not up-to-date because:
  Task has failed previously.
Starting process 'Gradle Test Executor 21'. Working directory: /users/miaoyu/kafka/clients Command: /usr/lib/jvm/java-8-openjdk-amd64/bin/java -Djava.security.manager=worker.org.gradle.process.internal.worker.child.BootstrapSecurityManager -Dorg.gradle.native=false -javaagent:build/tmp/expandedArchives/org.jacoco.agent-0.8.3.jar_4b57cf550318c2dfec984d52b9993337/jacocoagent.jar=destfile=build/jacoco/unitTest.exec,append=true,inclnolocationclasses=false,dumponexit=true,output=file,jmx=false -Xms256m -Xmx4096m -Dfile.encoding=UTF-8 -Duser.country=US -Duser.language=en -Duser.variant -ea -cp /users/miaoyu/.gradle/caches/5.6.2/workerMain/gradle-worker.jar worker.org.gradle.process.internal.worker.GradleWorkerMain 'Gradle Test Executor 21'
Starting process 'Gradle Test Executor 22'. Working directory: /users/miaoyu/kafka/clients Command: /usr/lib/jvm/java-8-openjdk-amd64/bin/java -Djava.security.manager=worker.org.gradle.process.internal.worker.child.BootstrapSecurityManager -Dorg.gradle.native=false -javaagent:build/tmp/expandedArchives/org.jacoco.agent-0.8.3.jar_4b57cf550318c2dfec984d52b9993337/jacocoagent.jar=destfile=build/jacoco/unitTest.exec,append=true,inclnolocationclasses=false,dumponexit=true,output=file,jmx=false -Xms256m -Xmx4096m -Dfile.encoding=UTF-8 -Duser.country=US -Duser.language=en -Duser.variant -ea -cp /users/miaoyu/.gradle/caches/5.6.2/workerMain/gradle-worker.jar worker.org.gradle.process.internal.worker.GradleWorkerMain 'Gradle Test Executor 22'
Starting process 'Gradle Test Executor 23'. Working directory: /users/miaoyu/kafka/clients Command: /usr/lib/jvm/java-8-openjdk-amd64/bin/java -Djava.security.manager=worker.org.gradle.process.internal.worker.child.BootstrapSecurityManager -Dorg.gradle.native=false -javaagent:build/tmp/expandedArchives/org.jacoco.agent-0.8.3.jar_4b57cf550318c2dfec984d52b9993337/jacocoagent.jar=destfile=build/jacoco/unitTest.exec,append=true,inclnolocationclasses=false,dumponexit=true,output=file,jmx=false -Xms256m -Xmx4096m -Dfile.encoding=UTF-8 -Duser.country=US -Duser.language=en -Duser.variant -ea -cp /users/miaoyu/.gradle/caches/5.6.2/workerMain/gradle-worker.jar worker.org.gradle.process.internal.worker.GradleWorkerMain 'Gradle Test Executor 23'
Successfully started process 'Gradle Test Executor 21'
Successfully started process 'Gradle Test Executor 23'
Successfully started process 'Gradle Test Executor 22'
Starting process 'Gradle Test Executor 24'. Working directory: /users/miaoyu/kafka/clients Command: /usr/lib/jvm/java-8-openjdk-amd64/bin/java -Djava.security.manager=worker.org.gradle.process.internal.worker.child.BootstrapSecurityManager -Dorg.gradle.native=false -javaagent:build/tmp/expandedArchives/org.jacoco.agent-0.8.3.jar_4b57cf550318c2dfec984d52b9993337/jacocoagent.jar=destfile=build/jacoco/unitTest.exec,append=true,inclnolocationclasses=false,dumponexit=true,output=file,jmx=false -Xms256m -Xmx4096m -Dfile.encoding=UTF-8 -Duser.country=US -Duser.language=en -Duser.variant -ea -cp /users/miaoyu/.gradle/caches/5.6.2/workerMain/gradle-worker.jar worker.org.gradle.process.internal.worker.GradleWorkerMain 'Gradle Test Executor 24'
Starting process 'Gradle Test Executor 25'. Working directory: /users/miaoyu/kafka/clients Command: /usr/lib/jvm/java-8-openjdk-amd64/bin/java -Djava.security.manager=worker.org.gradle.process.internal.worker.child.BootstrapSecurityManager -Dorg.gradle.native=false -javaagent:build/tmp/expandedArchives/org.jacoco.agent-0.8.3.jar_4b57cf550318c2dfec984d52b9993337/jacocoagent.jar=destfile=build/jacoco/unitTest.exec,append=true,inclnolocationclasses=false,dumponexit=true,output=file,jmx=false -Xms256m -Xmx4096m -Dfile.encoding=UTF-8 -Duser.country=US -Duser.language=en -Duser.variant -ea -cp /users/miaoyu/.gradle/caches/5.6.2/workerMain/gradle-worker.jar worker.org.gradle.process.internal.worker.GradleWorkerMain 'Gradle Test Executor 25'
Starting process 'Gradle Test Executor 26'. Working directory: /users/miaoyu/kafka/clients Command: /usr/lib/jvm/java-8-openjdk-amd64/bin/java -Djava.security.manager=worker.org.gradle.process.internal.worker.child.BootstrapSecurityManager -Dorg.gradle.native=false -javaagent:build/tmp/expandedArchives/org.jacoco.agent-0.8.3.jar_4b57cf550318c2dfec984d52b9993337/jacocoagent.jar=destfile=build/jacoco/unitTest.exec,append=true,inclnolocationclasses=false,dumponexit=true,output=file,jmx=false -Xms256m -Xmx4096m -Dfile.encoding=UTF-8 -Duser.country=US -Duser.language=en -Duser.variant -ea -cp /users/miaoyu/.gradle/caches/5.6.2/workerMain/gradle-worker.jar worker.org.gradle.process.internal.worker.GradleWorkerMain 'Gradle Test Executor 26'
Starting process 'Gradle Test Executor 27'. Working directory: /users/miaoyu/kafka/clients Command: /usr/lib/jvm/java-8-openjdk-amd64/bin/java -Djava.security.manager=worker.org.gradle.process.internal.worker.child.BootstrapSecurityManager -Dorg.gradle.native=false -javaagent:build/tmp/expandedArchives/org.jacoco.agent-0.8.3.jar_4b57cf550318c2dfec984d52b9993337/jacocoagent.jar=destfile=build/jacoco/unitTest.exec,append=true,inclnolocationclasses=false,dumponexit=true,output=file,jmx=false -Xms256m -Xmx4096m -Dfile.encoding=UTF-8 -Duser.country=US -Duser.language=en -Duser.variant -ea -cp /users/miaoyu/.gradle/caches/5.6.2/workerMain/gradle-worker.jar worker.org.gradle.process.internal.worker.GradleWorkerMain 'Gradle Test Executor 27'
Successfully started process 'Gradle Test Executor 25'
Starting process 'Gradle Test Executor 28'. Working directory: /users/miaoyu/kafka/clients Command: /usr/lib/jvm/java-8-openjdk-amd64/bin/java -Djava.security.manager=worker.org.gradle.process.internal.worker.child.BootstrapSecurityManager -Dorg.gradle.native=false -javaagent:build/tmp/expandedArchives/org.jacoco.agent-0.8.3.jar_4b57cf550318c2dfec984d52b9993337/jacocoagent.jar=destfile=build/jacoco/unitTest.exec,append=true,inclnolocationclasses=false,dumponexit=true,output=file,jmx=false -Xms256m -Xmx4096m -Dfile.encoding=UTF-8 -Duser.country=US -Duser.language=en -Duser.variant -ea -cp /users/miaoyu/.gradle/caches/5.6.2/workerMain/gradle-worker.jar worker.org.gradle.process.internal.worker.GradleWorkerMain 'Gradle Test Executor 28'
Starting process 'Gradle Test Executor 29'. Working directory: /users/miaoyu/kafka/clients Command: /usr/lib/jvm/java-8-openjdk-amd64/bin/java -Djava.security.manager=worker.org.gradle.process.internal.worker.child.BootstrapSecurityManager -Dorg.gradle.native=false -javaagent:build/tmp/expandedArchives/org.jacoco.agent-0.8.3.jar_4b57cf550318c2dfec984d52b9993337/jacocoagent.jar=destfile=build/jacoco/unitTest.exec,append=true,inclnolocationclasses=false,dumponexit=true,output=file,jmx=false -Xms256m -Xmx4096m -Dfile.encoding=UTF-8 -Duser.country=US -Duser.language=en -Duser.variant -ea -cp /users/miaoyu/.gradle/caches/5.6.2/workerMain/gradle-worker.jar worker.org.gradle.process.internal.worker.GradleWorkerMain 'Gradle Test Executor 29'
Successfully started process 'Gradle Test Executor 27'
Starting process 'Gradle Test Executor 30'. Working directory: /users/miaoyu/kafka/clients Command: /usr/lib/jvm/java-8-openjdk-amd64/bin/java -Djava.security.manager=worker.org.gradle.process.internal.worker.child.BootstrapSecurityManager -Dorg.gradle.native=false -javaagent:build/tmp/expandedArchives/org.jacoco.agent-0.8.3.jar_4b57cf550318c2dfec984d52b9993337/jacocoagent.jar=destfile=build/jacoco/unitTest.exec,append=true,inclnolocationclasses=false,dumponexit=true,output=file,jmx=false -Xms256m -Xmx4096m -Dfile.encoding=UTF-8 -Duser.country=US -Duser.language=en -Duser.variant -ea -cp /users/miaoyu/.gradle/caches/5.6.2/workerMain/gradle-worker.jar worker.org.gradle.process.internal.worker.GradleWorkerMain 'Gradle Test Executor 30'
Starting process 'Gradle Test Executor 32'. Working directory: /users/miaoyu/kafka/clients Command: /usr/lib/jvm/java-8-openjdk-amd64/bin/java -Djava.security.manager=worker.org.gradle.process.internal.worker.child.BootstrapSecurityManager -Dorg.gradle.native=false -javaagent:build/tmp/expandedArchives/org.jacoco.agent-0.8.3.jar_4b57cf550318c2dfec984d52b9993337/jacocoagent.jar=destfile=build/jacoco/unitTest.exec,append=true,inclnolocationclasses=false,dumponexit=true,output=file,jmx=false -Xms256m -Xmx4096m -Dfile.encoding=UTF-8 -Duser.country=US -Duser.language=en -Duser.variant -ea -cp /users/miaoyu/.gradle/caches/5.6.2/workerMain/gradle-worker.jar worker.org.gradle.process.internal.worker.GradleWorkerMain 'Gradle Test Executor 32'
Starting process 'Gradle Test Executor 31'. Working directory: /users/miaoyu/kafka/clients Command: /usr/lib/jvm/java-8-openjdk-amd64/bin/java -Djava.security.manager=worker.org.gradle.process.internal.worker.child.BootstrapSecurityManager -Dorg.gradle.native=false -javaagent:build/tmp/expandedArchives/org.jacoco.agent-0.8.3.jar_4b57cf550318c2dfec984d52b9993337/jacocoagent.jar=destfile=build/jacoco/unitTest.exec,append=true,inclnolocationclasses=false,dumponexit=true,output=file,jmx=false -Xms256m -Xmx4096m -Dfile.encoding=UTF-8 -Duser.country=US -Duser.language=en -Duser.variant -ea -cp /users/miaoyu/.gradle/caches/5.6.2/workerMain/gradle-worker.jar worker.org.gradle.process.internal.worker.GradleWorkerMain 'Gradle Test Executor 31'
Starting process 'Gradle Test Executor 34'. Working directory: /users/miaoyu/kafka/clients Command: /usr/lib/jvm/java-8-openjdk-amd64/bin/java -Djava.security.manager=worker.org.gradle.process.internal.worker.child.BootstrapSecurityManager -Dorg.gradle.native=false -javaagent:build/tmp/expandedArchives/org.jacoco.agent-0.8.3.jar_4b57cf550318c2dfec984d52b9993337/jacocoagent.jar=destfile=build/jacoco/unitTest.exec,append=true,inclnolocationclasses=false,dumponexit=true,output=file,jmx=false -Xms256m -Xmx4096m -Dfile.encoding=UTF-8 -Duser.country=US -Duser.language=en -Duser.variant -ea -cp /users/miaoyu/.gradle/caches/5.6.2/workerMain/gradle-worker.jar worker.org.gradle.process.internal.worker.GradleWorkerMain 'Gradle Test Executor 34'
Starting process 'Gradle Test Executor 37'. Working directory: /users/miaoyu/kafka/clients Command: /usr/lib/jvm/java-8-openjdk-amd64/bin/java -Djava.security.manager=worker.org.gradle.process.internal.worker.child.BootstrapSecurityManager -Dorg.gradle.native=false -javaagent:build/tmp/expandedArchives/org.jacoco.agent-0.8.3.jar_4b57cf550318c2dfec984d52b9993337/jacocoagent.jar=destfile=build/jacoco/unitTest.exec,append=true,inclnolocationclasses=false,dumponexit=true,output=file,jmx=false -Xms256m -Xmx4096m -Dfile.encoding=UTF-8 -Duser.country=US -Duser.language=en -Duser.variant -ea -cp /users/miaoyu/.gradle/caches/5.6.2/workerMain/gradle-worker.jar worker.org.gradle.process.internal.worker.GradleWorkerMain 'Gradle Test Executor 37'
Starting process 'Gradle Test Executor 33'. Working directory: /users/miaoyu/kafka/clients Command: /usr/lib/jvm/java-8-openjdk-amd64/bin/java -Djava.security.manager=worker.org.gradle.process.internal.worker.child.BootstrapSecurityManager -Dorg.gradle.native=false -javaagent:build/tmp/expandedArchives/org.jacoco.agent-0.8.3.jar_4b57cf550318c2dfec984d52b9993337/jacocoagent.jar=destfile=build/jacoco/unitTest.exec,append=true,inclnolocationclasses=false,dumponexit=true,output=file,jmx=false -Xms256m -Xmx4096m -Dfile.encoding=UTF-8 -Duser.country=US -Duser.language=en -Duser.variant -ea -cp /users/miaoyu/.gradle/caches/5.6.2/workerMain/gradle-worker.jar worker.org.gradle.process.internal.worker.GradleWorkerMain 'Gradle Test Executor 33'
Starting process 'Gradle Test Executor 40'. Working directory: /users/miaoyu/kafka/clients Command: /usr/lib/jvm/java-8-openjdk-amd64/bin/java -Djava.security.manager=worker.org.gradle.process.internal.worker.child.BootstrapSecurityManager -Dorg.gradle.native=false -javaagent:build/tmp/expandedArchives/org.jacoco.agent-0.8.3.jar_4b57cf550318c2dfec984d52b9993337/jacocoagent.jar=destfile=build/jacoco/unitTest.exec,append=true,inclnolocationclasses=false,dumponexit=true,output=file,jmx=false -Xms256m -Xmx4096m -Dfile.encoding=UTF-8 -Duser.country=US -Duser.language=en -Duser.variant -ea -cp /users/miaoyu/.gradle/caches/5.6.2/workerMain/gradle-worker.jar worker.org.gradle.process.internal.worker.GradleWorkerMain 'Gradle Test Executor 40'
Starting process 'Gradle Test Executor 39'. Working directory: /users/miaoyu/kafka/clients Command: /usr/lib/jvm/java-8-openjdk-amd64/bin/java -Djava.security.manager=worker.org.gradle.process.internal.worker.child.BootstrapSecurityManager -Dorg.gradle.native=false -javaagent:build/tmp/expandedArchives/org.jacoco.agent-0.8.3.jar_4b57cf550318c2dfec984d52b9993337/jacocoagent.jar=destfile=build/jacoco/unitTest.exec,append=true,inclnolocationclasses=false,dumponexit=true,output=file,jmx=false -Xms256m -Xmx4096m -Dfile.encoding=UTF-8 -Duser.country=US -Duser.language=en -Duser.variant -ea -cp /users/miaoyu/.gradle/caches/5.6.2/workerMain/gradle-worker.jar worker.org.gradle.process.internal.worker.GradleWorkerMain 'Gradle Test Executor 39'
Starting process 'Gradle Test Executor 35'. Working directory: /users/miaoyu/kafka/clients Command: /usr/lib/jvm/java-8-openjdk-amd64/bin/java -Djava.security.manager=worker.org.gradle.process.internal.worker.child.BootstrapSecurityManager -Dorg.gradle.native=false -javaagent:build/tmp/expandedArchives/org.jacoco.agent-0.8.3.jar_4b57cf550318c2dfec984d52b9993337/jacocoagent.jar=destfile=build/jacoco/unitTest.exec,append=true,inclnolocationclasses=false,dumponexit=true,output=file,jmx=false -Xms256m -Xmx4096m -Dfile.encoding=UTF-8 -Duser.country=US -Duser.language=en -Duser.variant -ea -cp /users/miaoyu/.gradle/caches/5.6.2/workerMain/gradle-worker.jar worker.org.gradle.process.internal.worker.GradleWorkerMain 'Gradle Test Executor 35'
Starting process 'Gradle Test Executor 36'. Working directory: /users/miaoyu/kafka/clients Command: /usr/lib/jvm/java-8-openjdk-amd64/bin/java -Djava.security.manager=worker.org.gradle.process.internal.worker.child.BootstrapSecurityManager -Dorg.gradle.native=false -javaagent:build/tmp/expandedArchives/org.jacoco.agent-0.8.3.jar_4b57cf550318c2dfec984d52b9993337/jacocoagent.jar=destfile=build/jacoco/unitTest.exec,append=true,inclnolocationclasses=false,dumponexit=true,output=file,jmx=false -Xms256m -Xmx4096m -Dfile.encoding=UTF-8 -Duser.country=US -Duser.language=en -Duser.variant -ea -cp /users/miaoyu/.gradle/caches/5.6.2/workerMain/gradle-worker.jar worker.org.gradle.process.internal.worker.GradleWorkerMain 'Gradle Test Executor 36'
Starting process 'Gradle Test Executor 38'. Working directory: /users/miaoyu/kafka/clients Command: /usr/lib/jvm/java-8-openjdk-amd64/bin/java -Djava.security.manager=worker.org.gradle.process.internal.worker.child.BootstrapSecurityManager -Dorg.gradle.native=false -javaagent:build/tmp/expandedArchives/org.jacoco.agent-0.8.3.jar_4b57cf550318c2dfec984d52b9993337/jacocoagent.jar=destfile=build/jacoco/unitTest.exec,append=true,inclnolocationclasses=false,dumponexit=true,output=file,jmx=false -Xms256m -Xmx4096m -Dfile.encoding=UTF-8 -Duser.country=US -Duser.language=en -Duser.variant -ea -cp /users/miaoyu/.gradle/caches/5.6.2/workerMain/gradle-worker.jar worker.org.gradle.process.internal.worker.GradleWorkerMain 'Gradle Test Executor 38'
Successfully started process 'Gradle Test Executor 24'
Successfully started process 'Gradle Test Executor 26'
Successfully started process 'Gradle Test Executor 36'
Successfully started process 'Gradle Test Executor 39'
Successfully started process 'Gradle Test Executor 33'
Successfully started process 'Gradle Test Executor 34'
Successfully started process 'Gradle Test Executor 30'
Successfully started process 'Gradle Test Executor 32'
Successfully started process 'Gradle Test Executor 31'
Successfully started process 'Gradle Test Executor 37'
Successfully started process 'Gradle Test Executor 40'
Successfully started process 'Gradle Test Executor 35'
Successfully started process 'Gradle Test Executor 38'
Successfully started process 'Gradle Test Executor 29'
Successfully started process 'Gradle Test Executor 28'

Gradle Test Executor 36 started executing tests.
Gradle Test Executor 26 started executing tests.
Gradle Test Executor 24 started executing tests.
Gradle Test Executor 39 started executing tests.
Gradle Test Executor 28 started executing tests.
Gradle Test Executor 22 started executing tests.
Gradle Test Executor 40 started executing tests.
Gradle Test Executor 35 started executing tests.
Gradle Test Executor 33 started executing tests.
Gradle Test Executor 32 started executing tests.
Gradle Test Executor 34 started executing tests.
Gradle Test Executor 30 started executing tests.
Gradle Test Executor 37 started executing tests.
Gradle Test Executor 38 started executing tests.
Gradle Test Executor 31 started executing tests.

> Task :clients:unitTest
org.apache.kafka.clients.ClientUtilsTest.testResolveDnsLookupAllIps failed, log available in /users/miaoyu/kafka/clients/build/reports/testOutput/org.apache.kafka.clients.ClientUtilsTest.testResolveDnsLookupAllIps.test.stdout

org.apache.kafka.clients.ClientUtilsTest > testResolveDnsLookupAllIps FAILED
    java.lang.AssertionError: expected:<2> but was:<1>
        at org.junit.Assert.fail(Assert.java:89)
        at org.junit.Assert.failNotEquals(Assert.java:835)
        at org.junit.Assert.assertEquals(Assert.java:647)
        at org.junit.Assert.assertEquals(Assert.java:633)
        at org.apache.kafka.clients.ClientUtilsTest.testResolveDnsLookupAllIps(ClientUtilsTest.java:110)
org.apache.kafka.clients.ClusterConnectionStatesTest.testHostResolveChange failed, log available in /users/miaoyu/kafka/clients/build/reports/testOutput/org.apache.kafka.clients.ClusterConnectionStatesTest.testHostResolveChange.test.stdout

org.apache.kafka.clients.ClusterConnectionStatesTest > testHostResolveChange FAILED
    java.lang.AssertionError: expected:<2> but was:<1>
        at org.junit.Assert.fail(Assert.java:89)
        at org.junit.Assert.failNotEquals(Assert.java:835)
        at org.junit.Assert.assertEquals(Assert.java:647)
        at org.junit.Assert.assertEquals(Assert.java:633)
        at org.apache.kafka.clients.ClusterConnectionStatesTest.testHostResolveChange(ClusterConnectionStatesTest.java:284)
org.apache.kafka.clients.ClusterConnectionStatesTest.testMultipleIPsWithDefault failed, log available in /users/miaoyu/kafka/clients/build/reports/testOutput/org.apache.kafka.clients.ClusterConnectionStatesTest.testMultipleIPsWithDefault.test.stdout

org.apache.kafka.clients.ClusterConnectionStatesTest > testMultipleIPsWithDefault FAILED
    java.lang.AssertionError: expected:<2> but was:<1>
        at org.junit.Assert.fail(Assert.java:89)
        at org.junit.Assert.failNotEquals(Assert.java:835)
        at org.junit.Assert.assertEquals(Assert.java:647)
        at org.junit.Assert.assertEquals(Assert.java:633)
        at org.apache.kafka.clients.ClusterConnectionStatesTest.testMultipleIPsWithDefault(ClusterConnectionStatesTest.java:259)
org.apache.kafka.clients.ClusterConnectionStatesTest.testMultipleIPsWithUseAll failed, log available in /users/miaoyu/kafka/clients/build/reports/testOutput/org.apache.kafka.clients.ClusterConnectionStatesTest.testMultipleIPsWithUseAll.test.stdout

org.apache.kafka.clients.ClusterConnectionStatesTest > testMultipleIPsWithUseAll FAILED
    java.lang.AssertionError: expected:<2> but was:<1>
        at org.junit.Assert.fail(Assert.java:89)
        at org.junit.Assert.failNotEquals(Assert.java:835)
        at org.junit.Assert.assertEquals(Assert.java:647)
        at org.junit.Assert.assertEquals(Assert.java:633)
        at org.apache.kafka.clients.ClusterConnectionStatesTest.testMultipleIPsWithUseAll(ClusterConnectionStatesTest.java:269)

org.apache.kafka.clients.MetadataTest > testClusterCopy STANDARD_OUT
    [2022-07-16 15:10:53,928] ERROR Metadata response reported invalid topics [topic3] (org.apache.kafka.clients.Metadata:276)
    [2022-07-16 15:10:53,947] ERROR Topic authorization failed for topics [topic4] (org.apache.kafka.clients.Metadata:283)

org.apache.kafka.clients.MetadataTest > testMetadataTopicErrors STANDARD_OUT
    [2022-07-16 15:10:53,954] ERROR Metadata response reported invalid topics [invalidTopic] (org.apache.kafka.clients.Metadata:276)
    [2022-07-16 15:10:53,958] ERROR Topic authorization failed for topics [sensitiveTopic2, sensitiveTopic1] (org.apache.kafka.clients.Metadata:283)
    [2022-07-16 15:10:53,970] ERROR Metadata response reported invalid topics [invalidTopic] (org.apache.kafka.clients.Metadata:276)
    [2022-07-16 15:10:53,986] ERROR Topic authorization failed for topics [sensitiveTopic2, sensitiveTopic1] (org.apache.kafka.clients.Metadata:283)
    [2022-07-16 15:10:53,991] ERROR Metadata response reported invalid topics [invalidTopic] (org.apache.kafka.clients.Metadata:276)
    [2022-07-16 15:10:53,992] ERROR Topic authorization failed for topics [sensitiveTopic2, sensitiveTopic1] (org.apache.kafka.clients.Metadata:283)
    [2022-07-16 15:10:53,994] ERROR Metadata response reported invalid topics [invalidTopic] (org.apache.kafka.clients.Metadata:276)
    [2022-07-16 15:10:53,995] ERROR Topic authorization failed for topics [sensitiveTopic2, sensitiveTopic1] (org.apache.kafka.clients.Metadata:283)

org.apache.kafka.clients.MetadataTest > testInvalidTopicError STANDARD_OUT
    [2022-07-16 15:10:53,999] ERROR Metadata response reported invalid topics [topic dfsa] (org.apache.kafka.clients.Metadata:276)
    [2022-07-16 15:10:54,002] ERROR Metadata response reported invalid topics [topic dfsa] (org.apache.kafka.clients.Metadata:276)

org.apache.kafka.clients.MetadataTest > testTopicAuthorizationError STANDARD_OUT
    [2022-07-16 15:10:54,046] ERROR Topic authorization failed for topics [foo] (org.apache.kafka.clients.Metadata:283)
    [2022-07-16 15:10:54,050] ERROR Topic authorization failed for topics [foo] (org.apache.kafka.clients.Metadata:283)

org.apache.kafka.common.config.AbstractConfigTest > testAutoConfigResolutionWithInvalidConfigProviderClass STANDARD_OUT
    [2022-07-16 15:10:54,152] ERROR ClassNotFoundException exception occurred: org.apache.kafka.common.config.provider.InvalidConfigProvider (org.apache.kafka.common.config.AbstractConfigTest$TestIndirectConfigResolution:536)

Gradle Test Executor 23 finished executing tests.
Gradle Test Executor 30 finished executing tests.
Gradle Test Executor 28 finished executing tests.
Gradle Test Executor 29 finished executing tests.

> Task :clients:unitTest

org.apache.kafka.clients.consumer.internals.ConsumerNetworkClientTest > testInvalidTopicExceptionPropagatedFromMetadata STANDARD_OUT
    [2022-07-16 15:10:54,795] ERROR Metadata response reported invalid topics [topic] (org.apache.kafka.clients.Metadata:276)

org.apache.kafka.clients.consumer.internals.ConsumerCoordinatorTest > testInvalidSessionTimeout[rebalance protocol = EAGER] STANDARD_OUT
    [2022-07-16 15:10:54,844] ERROR Attempt to join group failed due to fatal error: The session timeout is not within the range allowed by the broker (as configured by group.min.session.timeout.ms and group.max.session.timeout.ms). (org.apache.kafka.clients.consumer.internals.AbstractCoordinator:602)

org.apache.kafka.clients.consumer.KafkaConsumerTest > testUnsubscribeShouldTriggerPartitionsRevokedWithValidGeneration STANDARD_OUT
    [2022-07-16 15:10:56,299] ERROR User provided listener org.apache.kafka.clients.consumer.KafkaConsumerTest$9 failed on invocation of onPartitionsAssigned for partitions [test-0] (org.apache.kafka.clients.consumer.internals.ConsumerCoordinator:277)
    java.lang.RuntimeException: Hit partition assign [test-0]
    	at org.apache.kafka.clients.consumer.KafkaConsumerTest$9.onPartitionsAssigned(KafkaConsumerTest.java:1824)
    	at org.apache.kafka.clients.consumer.internals.ConsumerCoordinator.invokePartitionsAssigned(ConsumerCoordinator.java:272)
    	at org.apache.kafka.clients.consumer.internals.ConsumerCoordinator.onJoinComplete(ConsumerCoordinator.java:400)
    	at org.apache.kafka.clients.consumer.internals.AbstractCoordinator.joinGroupIfNeeded(AbstractCoordinator.java:421)
    	at org.apache.kafka.clients.consumer.internals.AbstractCoordinator.ensureActiveGroup(AbstractCoordinator.java:340)
    	at org.apache.kafka.clients.consumer.internals.ConsumerCoordinator.poll(ConsumerCoordinator.java:471)
    	at org.apache.kafka.clients.consumer.KafkaConsumer.updateAssignmentMetadataIfNeeded(KafkaConsumer.java:1267)
    	at org.apache.kafka.clients.consumer.KafkaConsumerTest.lambda$testUnsubscribeShouldTriggerPartitionsRevokedWithValidGeneration$1(KafkaConsumerTest.java:1163)
    	at org.junit.Assert.assertThrows(Assert.java:1003)
    	at org.junit.Assert.assertThrows(Assert.java:983)
    	at org.apache.kafka.clients.consumer.KafkaConsumerTest.testUnsubscribeShouldTriggerPartitionsRevokedWithValidGeneration(KafkaConsumerTest.java:1162)
    	at sun.reflect.NativeMethodAccessorImpl.invoke0(Native Method)
    	at sun.reflect.NativeMethodAccessorImpl.invoke(NativeMethodAccessorImpl.java:62)
    	at sun.reflect.DelegatingMethodAccessorImpl.invoke(DelegatingMethodAccessorImpl.java:43)
    	at java.lang.reflect.Method.invoke(Method.java:498)
    	at org.junit.runners.model.FrameworkMethod$1.runReflectiveCall(FrameworkMethod.java:59)
    	at org.junit.internal.runners.model.ReflectiveCallable.run(ReflectiveCallable.java:12)
    	at org.junit.runners.model.FrameworkMethod.invokeExplosively(FrameworkMethod.java:56)
    	at org.junit.internal.runners.statements.InvokeMethod.evaluate(InvokeMethod.java:17)
    	at org.junit.runners.ParentRunner$3.evaluate(ParentRunner.java:305)
    	at org.junit.runners.BlockJUnit4ClassRunner$1.evaluate(BlockJUnit4ClassRunner.java:100)
    	at org.junit.runners.ParentRunner.runLeaf(ParentRunner.java:365)
    	at org.junit.runners.BlockJUnit4ClassRunner.runChild(BlockJUnit4ClassRunner.java:103)
    	at org.junit.runners.BlockJUnit4ClassRunner.runChild(BlockJUnit4ClassRunner.java:63)
    	at org.junit.runners.ParentRunner$4.run(ParentRunner.java:330)
    	at org.junit.runners.ParentRunner$1.schedule(ParentRunner.java:78)
    	at org.junit.runners.ParentRunner.runChildren(ParentRunner.java:328)
    	at org.junit.runners.ParentRunner.access$100(ParentRunner.java:65)
    	at org.junit.runners.ParentRunner$2.evaluate(ParentRunner.java:292)
    	at org.junit.runners.ParentRunner$3.evaluate(ParentRunner.java:305)
    	at org.junit.runners.ParentRunner.run(ParentRunner.java:412)
    	at org.gradle.api.internal.tasks.testing.junit.JUnitTestClassExecutor.runTestClass(JUnitTestClassExecutor.java:110)
    	at org.gradle.api.internal.tasks.testing.junit.JUnitTestClassExecutor.execute(JUnitTestClassExecutor.java:58)
    	at org.gradle.api.internal.tasks.testing.junit.JUnitTestClassExecutor.execute(JUnitTestClassExecutor.java:38)
    	at org.gradle.api.internal.tasks.testing.junit.AbstractJUnitTestClassProcessor.processTestClass(AbstractJUnitTestClassProcessor.java:62)
    	at org.gradle.api.internal.tasks.testing.SuiteTestClassProcessor.processTestClass(SuiteTestClassProcessor.java:51)
    	at sun.reflect.NativeMethodAccessorImpl.invoke0(Native Method)
    	at sun.reflect.NativeMethodAccessorImpl.invoke(NativeMethodAccessorImpl.java:62)
    	at sun.reflect.DelegatingMethodAccessorImpl.invoke(DelegatingMethodAccessorImpl.java:43)
    	at java.lang.reflect.Method.invoke(Method.java:498)
    	at org.gradle.internal.dispatch.ReflectionDispatch.dispatch(ReflectionDispatch.java:36)
    	at org.gradle.internal.dispatch.ReflectionDispatch.dispatch(ReflectionDispatch.java:24)
    	at org.gradle.internal.dispatch.ContextClassLoaderDispatch.dispatch(ContextClassLoaderDispatch.java:33)
    	at org.gradle.internal.dispatch.ProxyDispatchAdapter$DispatchingInvocationHandler.invoke(ProxyDispatchAdapter.java:94)
    	at com.sun.proxy.$Proxy2.processTestClass(Unknown Source)
    	at org.gradle.api.internal.tasks.testing.worker.TestWorker.processTestClass(TestWorker.java:118)
    	at sun.reflect.NativeMethodAccessorImpl.invoke0(Native Method)
    	at sun.reflect.NativeMethodAccessorImpl.invoke(NativeMethodAccessorImpl.java:62)
    	at sun.reflect.DelegatingMethodAccessorImpl.invoke(DelegatingMethodAccessorImpl.java:43)
    	at java.lang.reflect.Method.invoke(Method.java:498)
    	at org.gradle.internal.dispatch.ReflectionDispatch.dispatch(ReflectionDispatch.java:36)
    	at org.gradle.internal.dispatch.ReflectionDispatch.dispatch(ReflectionDispatch.java:24)
    	at org.gradle.internal.remote.internal.hub.MessageHubBackedObjectConnection$DispatchWrapper.dispatch(MessageHubBackedObjectConnection.java:182)
    	at org.gradle.internal.remote.internal.hub.MessageHubBackedObjectConnection$DispatchWrapper.dispatch(MessageHubBackedObjectConnection.java:164)
    	at org.gradle.internal.remote.internal.hub.MessageHub$Handler.run(MessageHub.java:412)
    	at org.gradle.internal.concurrent.ExecutorPolicy$CatchAndRecordFailures.onExecute(ExecutorPolicy.java:64)
    	at org.gradle.internal.concurrent.ManagedExecutorImpl$1.run(ManagedExecutorImpl.java:48)
    	at java.util.concurrent.ThreadPoolExecutor.runWorker(ThreadPoolExecutor.java:1149)
    	at java.util.concurrent.ThreadPoolExecutor$Worker.run(ThreadPoolExecutor.java:624)
    	at org.gradle.internal.concurrent.ThreadFactoryImpl$ManagedThreadRunnable.run(ThreadFactoryImpl.java:56)
    	at java.lang.Thread.run(Thread.java:748)
    [2022-07-16 15:10:56,337] ERROR User provided listener org.apache.kafka.clients.consumer.KafkaConsumerTest$9 failed on invocation of onPartitionsRevoked for partitions [test-0] (org.apache.kafka.clients.consumer.internals.ConsumerCoordinator:296)
    java.lang.RuntimeException: Hit partition revoke [test-0]
    	at org.apache.kafka.clients.consumer.KafkaConsumerTest$9.onPartitionsRevoked(KafkaConsumerTest.java:1819)
    	at org.apache.kafka.clients.consumer.internals.ConsumerCoordinator.invokePartitionsRevoked(ConsumerCoordinator.java:291)
    	at org.apache.kafka.clients.consumer.internals.ConsumerCoordinator.onLeavePrepare(ConsumerCoordinator.java:707)
    	at org.apache.kafka.clients.consumer.KafkaConsumer.unsubscribe(KafkaConsumer.java:1073)
    	at org.junit.Assert.assertThrows(Assert.java:1003)
    	at org.junit.Assert.assertThrows(Assert.java:983)
    	at org.apache.kafka.clients.consumer.KafkaConsumerTest.testUnsubscribeShouldTriggerPartitionsRevokedWithValidGeneration(KafkaConsumerTest.java:1166)
    	at sun.reflect.NativeMethodAccessorImpl.invoke0(Native Method)
    	at sun.reflect.NativeMethodAccessorImpl.invoke(NativeMethodAccessorImpl.java:62)
    	at sun.reflect.DelegatingMethodAccessorImpl.invoke(DelegatingMethodAccessorImpl.java:43)
    	at java.lang.reflect.Method.invoke(Method.java:498)
    	at org.junit.runners.model.FrameworkMethod$1.runReflectiveCall(FrameworkMethod.java:59)
    	at org.junit.internal.runners.model.ReflectiveCallable.run(ReflectiveCallable.java:12)
    	at org.junit.runners.model.FrameworkMethod.invokeExplosively(FrameworkMethod.java:56)
    	at org.junit.internal.runners.statements.InvokeMethod.evaluate(InvokeMethod.java:17)
    	at org.junit.runners.ParentRunner$3.evaluate(ParentRunner.java:305)
    	at org.junit.runners.BlockJUnit4ClassRunner$1.evaluate(BlockJUnit4ClassRunner.java:100)
    	at org.junit.runners.ParentRunner.runLeaf(ParentRunner.java:365)
    	at org.junit.runners.BlockJUnit4ClassRunner.runChild(BlockJUnit4ClassRunner.java:103)
    	at org.junit.runners.BlockJUnit4ClassRunner.runChild(BlockJUnit4ClassRunner.java:63)
    	at org.junit.runners.ParentRunner$4.run(ParentRunner.java:330)
    	at org.junit.runners.ParentRunner$1.schedule(ParentRunner.java:78)
    	at org.junit.runners.ParentRunner.runChildren(ParentRunner.java:328)
    	at org.junit.runners.ParentRunner.access$100(ParentRunner.java:65)
    	at org.junit.runners.ParentRunner$2.evaluate(ParentRunner.java:292)
    	at org.junit.runners.ParentRunner$3.evaluate(ParentRunner.java:305)
    	at org.junit.runners.ParentRunner.run(ParentRunner.java:412)
    	at org.gradle.api.internal.tasks.testing.junit.JUnitTestClassExecutor.runTestClass(JUnitTestClassExecutor.java:110)
    	at org.gradle.api.internal.tasks.testing.junit.JUnitTestClassExecutor.execute(JUnitTestClassExecutor.java:58)
    	at org.gradle.api.internal.tasks.testing.junit.JUnitTestClassExecutor.execute(JUnitTestClassExecutor.java:38)
    	at org.gradle.api.internal.tasks.testing.junit.AbstractJUnitTestClassProcessor.processTestClass(AbstractJUnitTestClassProcessor.java:62)
    	at org.gradle.api.internal.tasks.testing.SuiteTestClassProcessor.processTestClass(SuiteTestClassProcessor.java:51)
    	at sun.reflect.NativeMethodAccessorImpl.invoke0(Native Method)
    	at sun.reflect.NativeMethodAccessorImpl.invoke(NativeMethodAccessorImpl.java:62)
    	at sun.reflect.DelegatingMethodAccessorImpl.invoke(DelegatingMethodAccessorImpl.java:43)
    	at java.lang.reflect.Method.invoke(Method.java:498)
    	at org.gradle.internal.dispatch.ReflectionDispatch.dispatch(ReflectionDispatch.java:36)
    	at org.gradle.internal.dispatch.ReflectionDispatch.dispatch(ReflectionDispatch.java:24)
    	at org.gradle.internal.dispatch.ContextClassLoaderDispatch.dispatch(ContextClassLoaderDispatch.java:33)
    	at org.gradle.internal.dispatch.ProxyDispatchAdapter$DispatchingInvocationHandler.invoke(ProxyDispatchAdapter.java:94)
    	at com.sun.proxy.$Proxy2.processTestClass(Unknown Source)
    	at org.gradle.api.internal.tasks.testing.worker.TestWorker.processTestClass(TestWorker.java:118)
    	at sun.reflect.NativeMethodAccessorImpl.invoke0(Native Method)
    	at sun.reflect.NativeMethodAccessorImpl.invoke(NativeMethodAccessorImpl.java:62)
    	at sun.reflect.DelegatingMethodAccessorImpl.invoke(DelegatingMethodAccessorImpl.java:43)
    	at java.lang.reflect.Method.invoke(Method.java:498)
    	at org.gradle.internal.dispatch.ReflectionDispatch.dispatch(ReflectionDispatch.java:36)
    	at org.gradle.internal.dispatch.ReflectionDispatch.dispatch(ReflectionDispatch.java:24)
    	at org.gradle.internal.remote.internal.hub.MessageHubBackedObjectConnection$DispatchWrapper.dispatch(MessageHubBackedObjectConnection.java:182)
    	at org.gradle.internal.remote.internal.hub.MessageHubBackedObjectConnection$DispatchWrapper.dispatch(MessageHubBackedObjectConnection.java:164)
    	at org.gradle.internal.remote.internal.hub.MessageHub$Handler.run(MessageHub.java:412)
    	at org.gradle.internal.concurrent.ExecutorPolicy$CatchAndRecordFailures.onExecute(ExecutorPolicy.java:64)
    	at org.gradle.internal.concurrent.ManagedExecutorImpl$1.run(ManagedExecutorImpl.java:48)
    	at java.util.concurrent.ThreadPoolExecutor.runWorker(ThreadPoolExecutor.java:1149)
    	at java.util.concurrent.ThreadPoolExecutor$Worker.run(ThreadPoolExecutor.java:624)
    	at org.gradle.internal.concurrent.ThreadFactoryImpl$ManagedThreadRunnable.run(ThreadFactoryImpl.java:56)
    	at java.lang.Thread.run(Thread.java:748)

org.apache.kafka.clients.consumer.internals.ConsumerNetworkClientTest > testTopicAuthorizationExceptionPropagatedFromMetadata STANDARD_OUT
    [2022-07-16 15:10:56,626] ERROR Topic authorization failed for topics [topic] (org.apache.kafka.clients.Metadata:283)

org.apache.kafka.clients.consumer.KafkaConsumerTest > testCloseInterrupt STANDARD_OUT
    [2022-07-16 15:10:56,628] ERROR Failed to close coordinator (org.apache.kafka.clients.consumer.KafkaConsumer:2297)
    org.apache.kafka.common.errors.InterruptException: java.lang.InterruptedException
    	at org.apache.kafka.clients.consumer.internals.ConsumerNetworkClient.maybeThrowInterruptException(ConsumerNetworkClient.java:517)
    	at org.apache.kafka.clients.consumer.internals.ConsumerNetworkClient.poll(ConsumerNetworkClient.java:278)
    	at org.apache.kafka.clients.consumer.internals.ConsumerNetworkClient.poll(ConsumerNetworkClient.java:233)
    	at org.apache.kafka.clients.consumer.internals.ConsumerNetworkClient.poll(ConsumerNetworkClient.java:224)
    	at org.apache.kafka.clients.consumer.internals.ConsumerNetworkClient.awaitPendingRequests(ConsumerNetworkClient.java:335)
    	at org.apache.kafka.clients.consumer.internals.AbstractCoordinator.close(AbstractCoordinator.java:896)
    	at org.apache.kafka.clients.consumer.internals.ConsumerCoordinator.close(ConsumerCoordinator.java:832)
    	at org.apache.kafka.clients.consumer.KafkaConsumer.close(KafkaConsumer.java:2294)
    	at org.apache.kafka.clients.consumer.KafkaConsumer.close(KafkaConsumer.java:2261)
    	at org.apache.kafka.clients.consumer.KafkaConsumerTest$6.run(KafkaConsumerTest.java:1637)
    	at java.util.concurrent.Executors$RunnableAdapter.call(Executors.java:511)
    	at java.util.concurrent.FutureTask.run(FutureTask.java:266)
    	at java.util.concurrent.ThreadPoolExecutor.runWorker(ThreadPoolExecutor.java:1149)
    	at java.util.concurrent.ThreadPoolExecutor$Worker.run(ThreadPoolExecutor.java:624)
    	at java.lang.Thread.run(Thread.java:748)
    Caused by: java.lang.InterruptedException
    	... 15 more

org.apache.kafka.common.network.SelectorTest > testCantSendWithInProgress STANDARD_OUT
    [2022-07-16 15:10:56,685] ERROR Unexpected exception during send, closing connection 0 and rethrowing exception {} (org.apache.kafka.common.network.Selector:403)
    java.lang.IllegalStateException: Attempt to begin a send operation with prior send operation still in progress, connection id is 0
    	at org.apache.kafka.common.network.KafkaChannel.setSend(KafkaChannel.java:373)
    	at org.apache.kafka.common.network.Selector.send(Selector.java:395)
    	at org.apache.kafka.common.network.SelectorTest.testCantSendWithInProgress(SelectorTest.java:153)
    	at sun.reflect.NativeMethodAccessorImpl.invoke0(Native Method)
    	at sun.reflect.NativeMethodAccessorImpl.invoke(NativeMethodAccessorImpl.java:62)
    	at sun.reflect.DelegatingMethodAccessorImpl.invoke(DelegatingMethodAccessorImpl.java:43)
    	at java.lang.reflect.Method.invoke(Method.java:498)
    	at org.junit.runners.model.FrameworkMethod$1.runReflectiveCall(FrameworkMethod.java:59)
    	at org.junit.internal.runners.model.ReflectiveCallable.run(ReflectiveCallable.java:12)
    	at org.junit.runners.model.FrameworkMethod.invokeExplosively(FrameworkMethod.java:56)
    	at org.junit.internal.runners.statements.InvokeMethod.evaluate(InvokeMethod.java:17)
    	at org.junit.internal.runners.statements.RunBefores.evaluate(RunBefores.java:26)
    	at org.junit.internal.runners.statements.RunAfters.evaluate(RunAfters.java:27)
    	at org.junit.runners.ParentRunner$3.evaluate(ParentRunner.java:305)
    	at org.junit.runners.BlockJUnit4ClassRunner$1.evaluate(BlockJUnit4ClassRunner.java:100)
    	at org.junit.runners.ParentRunner.runLeaf(ParentRunner.java:365)
    	at org.junit.runners.BlockJUnit4ClassRunner.runChild(BlockJUnit4ClassRunner.java:103)
    	at org.junit.runners.BlockJUnit4ClassRunner.runChild(BlockJUnit4ClassRunner.java:63)
    	at org.junit.runners.ParentRunner$4.run(ParentRunner.java:330)
    	at org.junit.runners.ParentRunner$1.schedule(ParentRunner.java:78)
    	at org.junit.runners.ParentRunner.runChildren(ParentRunner.java:328)
    	at org.junit.runners.ParentRunner.access$100(ParentRunner.java:65)
    	at org.junit.runners.ParentRunner$2.evaluate(ParentRunner.java:292)
    	at org.junit.runners.ParentRunner$3.evaluate(ParentRunner.java:305)
    	at org.junit.runners.ParentRunner.run(ParentRunner.java:412)
    	at org.gradle.api.internal.tasks.testing.junit.JUnitTestClassExecutor.runTestClass(JUnitTestClassExecutor.java:110)
    	at org.gradle.api.internal.tasks.testing.junit.JUnitTestClassExecutor.execute(JUnitTestClassExecutor.java:58)
    	at org.gradle.api.internal.tasks.testing.junit.JUnitTestClassExecutor.execute(JUnitTestClassExecutor.java:38)
    	at org.gradle.api.internal.tasks.testing.junit.AbstractJUnitTestClassProcessor.processTestClass(AbstractJUnitTestClassProcessor.java:62)
    	at org.gradle.api.internal.tasks.testing.SuiteTestClassProcessor.processTestClass(SuiteTestClassProcessor.java:51)
    	at sun.reflect.NativeMethodAccessorImpl.invoke0(Native Method)
    	at sun.reflect.NativeMethodAccessorImpl.invoke(NativeMethodAccessorImpl.java:62)
    	at sun.reflect.DelegatingMethodAccessorImpl.invoke(DelegatingMethodAccessorImpl.java:43)
    	at java.lang.reflect.Method.invoke(Method.java:498)
    	at org.gradle.internal.dispatch.ReflectionDispatch.dispatch(ReflectionDispatch.java:36)
    	at org.gradle.internal.dispatch.ReflectionDispatch.dispatch(ReflectionDispatch.java:24)
    	at org.gradle.internal.dispatch.ContextClassLoaderDispatch.dispatch(ContextClassLoaderDispatch.java:33)
    	at org.gradle.internal.dispatch.ProxyDispatchAdapter$DispatchingInvocationHandler.invoke(ProxyDispatchAdapter.java:94)
    	at com.sun.proxy.$Proxy2.processTestClass(Unknown Source)
    	at org.gradle.api.internal.tasks.testing.worker.TestWorker.processTestClass(TestWorker.java:118)
    	at sun.reflect.NativeMethodAccessorImpl.invoke0(Native Method)
    	at sun.reflect.NativeMethodAccessorImpl.invoke(NativeMethodAccessorImpl.java:62)
    	at sun.reflect.DelegatingMethodAccessorImpl.invoke(DelegatingMethodAccessorImpl.java:43)
    	at java.lang.reflect.Method.invoke(Method.java:498)
    	at org.gradle.internal.dispatch.ReflectionDispatch.dispatch(ReflectionDispatch.java:36)
    	at org.gradle.internal.dispatch.ReflectionDispatch.dispatch(ReflectionDispatch.java:24)
    	at org.gradle.internal.remote.internal.hub.MessageHubBackedObjectConnection$DispatchWrapper.dispatch(MessageHubBackedObjectConnection.java:182)
    	at org.gradle.internal.remote.internal.hub.MessageHubBackedObjectConnection$DispatchWrapper.dispatch(MessageHubBackedObjectConnection.java:164)
    	at org.gradle.internal.remote.internal.hub.MessageHub$Handler.run(MessageHub.java:412)
    	at org.gradle.internal.concurrent.ExecutorPolicy$CatchAndRecordFailures.onExecute(ExecutorPolicy.java:64)
    	at org.gradle.internal.concurrent.ManagedExecutorImpl$1.run(ManagedExecutorImpl.java:48)
    	at java.util.concurrent.ThreadPoolExecutor.runWorker(ThreadPoolExecutor.java:1149)
    	at java.util.concurrent.ThreadPoolExecutor$Worker.run(ThreadPoolExecutor.java:624)
    	at org.gradle.internal.concurrent.ThreadFactoryImpl$ManagedThreadRunnable.run(ThreadFactoryImpl.java:56)
    	at java.lang.Thread.run(Thread.java:748)

Gradle Test Executor 27 finished executing tests.
Gradle Test Executor 37 finished executing tests.
Gradle Test Executor 38 finished executing tests.
Gradle Test Executor 39 finished executing tests.

> Task :clients:unitTest

org.apache.kafka.clients.consumer.KafkaConsumerTest > testRebalanceException STANDARD_OUT
    [2022-07-16 15:10:56,867] ERROR User provided listener org.apache.kafka.clients.consumer.KafkaConsumerTest$9 failed on invocation of onPartitionsAssigned for partitions [test-0] (org.apache.kafka.clients.consumer.internals.ConsumerCoordinator:277)
    java.lang.RuntimeException: Hit partition assign [test-0]
    	at org.apache.kafka.clients.consumer.KafkaConsumerTest$9.onPartitionsAssigned(KafkaConsumerTest.java:1824)
    	at org.apache.kafka.clients.consumer.internals.ConsumerCoordinator.invokePartitionsAssigned(ConsumerCoordinator.java:272)
    	at org.apache.kafka.clients.consumer.internals.ConsumerCoordinator.onJoinComplete(ConsumerCoordinator.java:400)
    	at org.apache.kafka.clients.consumer.internals.AbstractCoordinator.joinGroupIfNeeded(AbstractCoordinator.java:421)
    	at org.apache.kafka.clients.consumer.internals.AbstractCoordinator.ensureActiveGroup(AbstractCoordinator.java:340)
    	at org.apache.kafka.clients.consumer.internals.ConsumerCoordinator.poll(ConsumerCoordinator.java:471)
    	at org.apache.kafka.clients.consumer.KafkaConsumer.updateAssignmentMetadataIfNeeded(KafkaConsumer.java:1267)
    	at org.apache.kafka.clients.consumer.KafkaConsumerTest.testRebalanceException(KafkaConsumerTest.java:1762)
    	at sun.reflect.NativeMethodAccessorImpl.invoke0(Native Method)
    	at sun.reflect.NativeMethodAccessorImpl.invoke(NativeMethodAccessorImpl.java:62)
    	at sun.reflect.DelegatingMethodAccessorImpl.invoke(DelegatingMethodAccessorImpl.java:43)
    	at java.lang.reflect.Method.invoke(Method.java:498)
    	at org.junit.runners.model.FrameworkMethod$1.runReflectiveCall(FrameworkMethod.java:59)
    	at org.junit.internal.runners.model.ReflectiveCallable.run(ReflectiveCallable.java:12)
    	at org.junit.runners.model.FrameworkMethod.invokeExplosively(FrameworkMethod.java:56)
    	at org.junit.internal.runners.statements.InvokeMethod.evaluate(InvokeMethod.java:17)
    	at org.junit.runners.ParentRunner$3.evaluate(ParentRunner.java:305)
    	at org.junit.runners.BlockJUnit4ClassRunner$1.evaluate(BlockJUnit4ClassRunner.java:100)
    	at org.junit.runners.ParentRunner.runLeaf(ParentRunner.java:365)
    	at org.junit.runners.BlockJUnit4ClassRunner.runChild(BlockJUnit4ClassRunner.java:103)
    	at org.junit.runners.BlockJUnit4ClassRunner.runChild(BlockJUnit4ClassRunner.java:63)
    	at org.junit.runners.ParentRunner$4.run(ParentRunner.java:330)
    	at org.junit.runners.ParentRunner$1.schedule(ParentRunner.java:78)
    	at org.junit.runners.ParentRunner.runChildren(ParentRunner.java:328)
    	at org.junit.runners.ParentRunner.access$100(ParentRunner.java:65)
    	at org.junit.runners.ParentRunner$2.evaluate(ParentRunner.java:292)
    	at org.junit.runners.ParentRunner$3.evaluate(ParentRunner.java:305)
    	at org.junit.runners.ParentRunner.run(ParentRunner.java:412)
    	at org.gradle.api.internal.tasks.testing.junit.JUnitTestClassExecutor.runTestClass(JUnitTestClassExecutor.java:110)
    	at org.gradle.api.internal.tasks.testing.junit.JUnitTestClassExecutor.execute(JUnitTestClassExecutor.java:58)
    	at org.gradle.api.internal.tasks.testing.junit.JUnitTestClassExecutor.execute(JUnitTestClassExecutor.java:38)
    	at org.gradle.api.internal.tasks.testing.junit.AbstractJUnitTestClassProcessor.processTestClass(AbstractJUnitTestClassProcessor.java:62)
    	at org.gradle.api.internal.tasks.testing.SuiteTestClassProcessor.processTestClass(SuiteTestClassProcessor.java:51)
    	at sun.reflect.NativeMethodAccessorImpl.invoke0(Native Method)
    	at sun.reflect.NativeMethodAccessorImpl.invoke(NativeMethodAccessorImpl.java:62)
    	at sun.reflect.DelegatingMethodAccessorImpl.invoke(DelegatingMethodAccessorImpl.java:43)
    	at java.lang.reflect.Method.invoke(Method.java:498)
    	at org.gradle.internal.dispatch.ReflectionDispatch.dispatch(ReflectionDispatch.java:36)
    	at org.gradle.internal.dispatch.ReflectionDispatch.dispatch(ReflectionDispatch.java:24)
    	at org.gradle.internal.dispatch.ContextClassLoaderDispatch.dispatch(ContextClassLoaderDispatch.java:33)
    	at org.gradle.internal.dispatch.ProxyDispatchAdapter$DispatchingInvocationHandler.invoke(ProxyDispatchAdapter.java:94)
    	at com.sun.proxy.$Proxy2.processTestClass(Unknown Source)
    	at org.gradle.api.internal.tasks.testing.worker.TestWorker.processTestClass(TestWorker.java:118)
    	at sun.reflect.NativeMethodAccessorImpl.invoke0(Native Method)
    	at sun.reflect.NativeMethodAccessorImpl.invoke(NativeMethodAccessorImpl.java:62)
    	at sun.reflect.DelegatingMethodAccessorImpl.invoke(DelegatingMethodAccessorImpl.java:43)
    	at java.lang.reflect.Method.invoke(Method.java:498)
    	at org.gradle.internal.dispatch.ReflectionDispatch.dispatch(ReflectionDispatch.java:36)
    	at org.gradle.internal.dispatch.ReflectionDispatch.dispatch(ReflectionDispatch.java:24)
    	at org.gradle.internal.remote.internal.hub.MessageHubBackedObjectConnection$DispatchWrapper.dispatch(MessageHubBackedObjectConnection.java:182)
    	at org.gradle.internal.remote.internal.hub.MessageHubBackedObjectConnection$DispatchWrapper.dispatch(MessageHubBackedObjectConnection.java:164)
    	at org.gradle.internal.remote.internal.hub.MessageHub$Handler.run(MessageHub.java:412)
    	at org.gradle.internal.concurrent.ExecutorPolicy$CatchAndRecordFailures.onExecute(ExecutorPolicy.java:64)
    	at org.gradle.internal.concurrent.ManagedExecutorImpl$1.run(ManagedExecutorImpl.java:48)
    	at java.util.concurrent.ThreadPoolExecutor.runWorker(ThreadPoolExecutor.java:1149)
    	at java.util.concurrent.ThreadPoolExecutor$Worker.run(ThreadPoolExecutor.java:624)
    	at org.gradle.internal.concurrent.ThreadFactoryImpl$ManagedThreadRunnable.run(ThreadFactoryImpl.java:56)
    	at java.lang.Thread.run(Thread.java:748)
    [2022-07-16 15:10:56,877] ERROR User provided listener org.apache.kafka.clients.consumer.KafkaConsumerTest$9 failed on invocation of onPartitionsRevoked for partitions [test-0] (org.apache.kafka.clients.consumer.internals.ConsumerCoordinator:296)
    java.lang.RuntimeException: Hit partition revoke [test-0]
    	at org.apache.kafka.clients.consumer.KafkaConsumerTest$9.onPartitionsRevoked(KafkaConsumerTest.java:1819)
    	at org.apache.kafka.clients.consumer.internals.ConsumerCoordinator.invokePartitionsRevoked(ConsumerCoordinator.java:291)
    	at org.apache.kafka.clients.consumer.internals.ConsumerCoordinator.onLeavePrepare(ConsumerCoordinator.java:707)
    	at org.apache.kafka.clients.consumer.internals.AbstractCoordinator.close(AbstractCoordinator.java:887)
    	at org.apache.kafka.clients.consumer.internals.ConsumerCoordinator.close(ConsumerCoordinator.java:832)
    	at org.apache.kafka.clients.consumer.KafkaConsumer.close(KafkaConsumer.java:2294)
    	at org.apache.kafka.clients.consumer.KafkaConsumer.close(KafkaConsumer.java:2261)
    	at org.apache.kafka.clients.consumer.KafkaConsumerTest.testRebalanceException(KafkaConsumerTest.java:1773)
    	at sun.reflect.NativeMethodAccessorImpl.invoke0(Native Method)
    	at sun.reflect.NativeMethodAccessorImpl.invoke(NativeMethodAccessorImpl.java:62)
    	at sun.reflect.DelegatingMethodAccessorImpl.invoke(DelegatingMethodAccessorImpl.java:43)
    	at java.lang.reflect.Method.invoke(Method.java:498)
    	at org.junit.runners.model.FrameworkMethod$1.runReflectiveCall(FrameworkMethod.java:59)
    	at org.junit.internal.runners.model.ReflectiveCallable.run(ReflectiveCallable.java:12)
    	at org.junit.runners.model.FrameworkMethod.invokeExplosively(FrameworkMethod.java:56)
    	at org.junit.internal.runners.statements.InvokeMethod.evaluate(InvokeMethod.java:17)
    	at org.junit.runners.ParentRunner$3.evaluate(ParentRunner.java:305)
    	at org.junit.runners.BlockJUnit4ClassRunner$1.evaluate(BlockJUnit4ClassRunner.java:100)
    	at org.junit.runners.ParentRunner.runLeaf(ParentRunner.java:365)
    	at org.junit.runners.BlockJUnit4ClassRunner.runChild(BlockJUnit4ClassRunner.java:103)
    	at org.junit.runners.BlockJUnit4ClassRunner.runChild(BlockJUnit4ClassRunner.java:63)
    	at org.junit.runners.ParentRunner$4.run(ParentRunner.java:330)
    	at org.junit.runners.ParentRunner$1.schedule(ParentRunner.java:78)
    	at org.junit.runners.ParentRunner.runChildren(ParentRunner.java:328)
    	at org.junit.runners.ParentRunner.access$100(ParentRunner.java:65)
    	at org.junit.runners.ParentRunner$2.evaluate(ParentRunner.java:292)
    	at org.junit.runners.ParentRunner$3.evaluate(ParentRunner.java:305)
    	at org.junit.runners.ParentRunner.run(ParentRunner.java:412)
    	at org.gradle.api.internal.tasks.testing.junit.JUnitTestClassExecutor.runTestClass(JUnitTestClassExecutor.java:110)
    	at org.gradle.api.internal.tasks.testing.junit.JUnitTestClassExecutor.execute(JUnitTestClassExecutor.java:58)
    	at org.gradle.api.internal.tasks.testing.junit.JUnitTestClassExecutor.execute(JUnitTestClassExecutor.java:38)
    	at org.gradle.api.internal.tasks.testing.junit.AbstractJUnitTestClassProcessor.processTestClass(AbstractJUnitTestClassProcessor.java:62)
    	at org.gradle.api.internal.tasks.testing.SuiteTestClassProcessor.processTestClass(SuiteTestClassProcessor.java:51)
    	at sun.reflect.NativeMethodAccessorImpl.invoke0(Native Method)
    	at sun.reflect.NativeMethodAccessorImpl.invoke(NativeMethodAccessorImpl.java:62)
    	at sun.reflect.DelegatingMethodAccessorImpl.invoke(DelegatingMethodAccessorImpl.java:43)
    	at java.lang.reflect.Method.invoke(Method.java:498)
    	at org.gradle.internal.dispatch.ReflectionDispatch.dispatch(ReflectionDispatch.java:36)
    	at org.gradle.internal.dispatch.ReflectionDispatch.dispatch(ReflectionDispatch.java:24)
    	at org.gradle.internal.dispatch.ContextClassLoaderDispatch.dispatch(ContextClassLoaderDispatch.java:33)
    	at org.gradle.internal.dispatch.ProxyDispatchAdapter$DispatchingInvocationHandler.invoke(ProxyDispatchAdapter.java:94)
    	at com.sun.proxy.$Proxy2.processTestClass(Unknown Source)
    	at org.gradle.api.internal.tasks.testing.worker.TestWorker.processTestClass(TestWorker.java:118)
    	at sun.reflect.NativeMethodAccessorImpl.invoke0(Native Method)
    	at sun.reflect.NativeMethodAccessorImpl.invoke(NativeMethodAccessorImpl.java:62)
    	at sun.reflect.DelegatingMethodAccessorImpl.invoke(DelegatingMethodAccessorImpl.java:43)
    	at java.lang.reflect.Method.invoke(Method.java:498)
    	at org.gradle.internal.dispatch.ReflectionDispatch.dispatch(ReflectionDispatch.java:36)
    	at org.gradle.internal.dispatch.ReflectionDispatch.dispatch(ReflectionDispatch.java:24)
    	at org.gradle.internal.remote.internal.hub.MessageHubBackedObjectConnection$DispatchWrapper.dispatch(MessageHubBackedObjectConnection.java:182)
    	at org.gradle.internal.remote.internal.hub.MessageHubBackedObjectConnection$DispatchWrapper.dispatch(MessageHubBackedObjectConnection.java:164)
    	at org.gradle.internal.remote.internal.hub.MessageHub$Handler.run(MessageHub.java:412)
    	at org.gradle.internal.concurrent.ExecutorPolicy$CatchAndRecordFailures.onExecute(ExecutorPolicy.java:64)
    	at org.gradle.internal.concurrent.ManagedExecutorImpl$1.run(ManagedExecutorImpl.java:48)
    	at java.util.concurrent.ThreadPoolExecutor.runWorker(ThreadPoolExecutor.java:1149)
    	at java.util.concurrent.ThreadPoolExecutor$Worker.run(ThreadPoolExecutor.java:624)
    	at org.gradle.internal.concurrent.ThreadFactoryImpl$ManagedThreadRunnable.run(ThreadFactoryImpl.java:56)
    	at java.lang.Thread.run(Thread.java:748)
    [2022-07-16 15:10:56,881] ERROR Failed to close coordinator (org.apache.kafka.clients.consumer.KafkaConsumer:2297)
    org.apache.kafka.common.KafkaException: User rebalance callback throws an error
    	at org.apache.kafka.clients.consumer.internals.ConsumerCoordinator.onLeavePrepare(ConsumerCoordinator.java:715)
    	at org.apache.kafka.clients.consumer.internals.AbstractCoordinator.close(AbstractCoordinator.java:887)
    	at org.apache.kafka.clients.consumer.internals.ConsumerCoordinator.close(ConsumerCoordinator.java:832)
    	at org.apache.kafka.clients.consumer.KafkaConsumer.close(KafkaConsumer.java:2294)
    	at org.apache.kafka.clients.consumer.KafkaConsumer.close(KafkaConsumer.java:2261)
    	at org.apache.kafka.clients.consumer.KafkaConsumerTest.testRebalanceException(KafkaConsumerTest.java:1773)
    	at sun.reflect.NativeMethodAccessorImpl.invoke0(Native Method)
    	at sun.reflect.NativeMethodAccessorImpl.invoke(NativeMethodAccessorImpl.java:62)
    	at sun.reflect.DelegatingMethodAccessorImpl.invoke(DelegatingMethodAccessorImpl.java:43)
    	at java.lang.reflect.Method.invoke(Method.java:498)
    	at org.junit.runners.model.FrameworkMethod$1.runReflectiveCall(FrameworkMethod.java:59)
    	at org.junit.internal.runners.model.ReflectiveCallable.run(ReflectiveCallable.java:12)
    	at org.junit.runners.model.FrameworkMethod.invokeExplosively(FrameworkMethod.java:56)
    	at org.junit.internal.runners.statements.InvokeMethod.evaluate(InvokeMethod.java:17)
    	at org.junit.runners.ParentRunner$3.evaluate(ParentRunner.java:305)
    	at org.junit.runners.BlockJUnit4ClassRunner$1.evaluate(BlockJUnit4ClassRunner.java:100)
    	at org.junit.runners.ParentRunner.runLeaf(ParentRunner.java:365)
    	at org.junit.runners.BlockJUnit4ClassRunner.runChild(BlockJUnit4ClassRunner.java:103)
    	at org.junit.runners.BlockJUnit4ClassRunner.runChild(BlockJUnit4ClassRunner.java:63)
    	at org.junit.runners.ParentRunner$4.run(ParentRunner.java:330)
    	at org.junit.runners.ParentRunner$1.schedule(ParentRunner.java:78)
    	at org.junit.runners.ParentRunner.runChildren(ParentRunner.java:328)
    	at org.junit.runners.ParentRunner.access$100(ParentRunner.java:65)
    	at org.junit.runners.ParentRunner$2.evaluate(ParentRunner.java:292)
    	at org.junit.runners.ParentRunner$3.evaluate(ParentRunner.java:305)
    	at org.junit.runners.ParentRunner.run(ParentRunner.java:412)
    	at org.gradle.api.internal.tasks.testing.junit.JUnitTestClassExecutor.runTestClass(JUnitTestClassExecutor.java:110)
    	at org.gradle.api.internal.tasks.testing.junit.JUnitTestClassExecutor.execute(JUnitTestClassExecutor.java:58)
    	at org.gradle.api.internal.tasks.testing.junit.JUnitTestClassExecutor.execute(JUnitTestClassExecutor.java:38)
    	at org.gradle.api.internal.tasks.testing.junit.AbstractJUnitTestClassProcessor.processTestClass(AbstractJUnitTestClassProcessor.java:62)
    	at org.gradle.api.internal.tasks.testing.SuiteTestClassProcessor.processTestClass(SuiteTestClassProcessor.java:51)
    	at sun.reflect.NativeMethodAccessorImpl.invoke0(Native Method)
    	at sun.reflect.NativeMethodAccessorImpl.invoke(NativeMethodAccessorImpl.java:62)
    	at sun.reflect.DelegatingMethodAccessorImpl.invoke(DelegatingMethodAccessorImpl.java:43)
    	at java.lang.reflect.Method.invoke(Method.java:498)
    	at org.gradle.internal.dispatch.ReflectionDispatch.dispatch(ReflectionDispatch.java:36)
    	at org.gradle.internal.dispatch.ReflectionDispatch.dispatch(ReflectionDispatch.java:24)
    	at org.gradle.internal.dispatch.ContextClassLoaderDispatch.dispatch(ContextClassLoaderDispatch.java:33)
    	at org.gradle.internal.dispatch.ProxyDispatchAdapter$DispatchingInvocationHandler.invoke(ProxyDispatchAdapter.java:94)
    	at com.sun.proxy.$Proxy2.processTestClass(Unknown Source)
    	at org.gradle.api.internal.tasks.testing.worker.TestWorker.processTestClass(TestWorker.java:118)
    	at sun.reflect.NativeMethodAccessorImpl.invoke0(Native Method)
    	at sun.reflect.NativeMethodAccessorImpl.invoke(NativeMethodAccessorImpl.java:62)
    	at sun.reflect.DelegatingMethodAccessorImpl.invoke(DelegatingMethodAccessorImpl.java:43)
    	at java.lang.reflect.Method.invoke(Method.java:498)
    	at org.gradle.internal.dispatch.ReflectionDispatch.dispatch(ReflectionDispatch.java:36)
    	at org.gradle.internal.dispatch.ReflectionDispatch.dispatch(ReflectionDispatch.java:24)
    	at org.gradle.internal.remote.internal.hub.MessageHubBackedObjectConnection$DispatchWrapper.dispatch(MessageHubBackedObjectConnection.java:182)
    	at org.gradle.internal.remote.internal.hub.MessageHubBackedObjectConnection$DispatchWrapper.dispatch(MessageHubBackedObjectConnection.java:164)
    	at org.gradle.internal.remote.internal.hub.MessageHub$Handler.run(MessageHub.java:412)
    	at org.gradle.internal.concurrent.ExecutorPolicy$CatchAndRecordFailures.onExecute(ExecutorPolicy.java:64)
    	at org.gradle.internal.concurrent.ManagedExecutorImpl$1.run(ManagedExecutorImpl.java:48)
    	at java.util.concurrent.ThreadPoolExecutor.runWorker(ThreadPoolExecutor.java:1149)
    	at java.util.concurrent.ThreadPoolExecutor$Worker.run(ThreadPoolExecutor.java:624)
    	at org.gradle.internal.concurrent.ThreadFactoryImpl$ManagedThreadRunnable.run(ThreadFactoryImpl.java:56)
    	at java.lang.Thread.run(Thread.java:748)
    Caused by: java.lang.RuntimeException: Hit partition revoke [test-0]
    	at org.apache.kafka.clients.consumer.KafkaConsumerTest$9.onPartitionsRevoked(KafkaConsumerTest.java:1819)
    	at org.apache.kafka.clients.consumer.internals.ConsumerCoordinator.invokePartitionsRevoked(ConsumerCoordinator.java:291)
    	at org.apache.kafka.clients.consumer.internals.ConsumerCoordinator.onLeavePrepare(ConsumerCoordinator.java:707)
    	... 55 more

org.apache.kafka.clients.consumer.KafkaConsumerTest > testSubscriptionOnInvalidTopic STANDARD_OUT
    [2022-07-16 15:10:56,907] ERROR Metadata response reported invalid topics [topic abc] (org.apache.kafka.clients.Metadata:276)

org.apache.kafka.common.record.MemoryRecordsBuilderTest > shouldThrowIllegalStateExceptionOnBuildWhenAborted[bufferOffset=0, compression=ZSTD] SKIPPED

org.apache.kafka.common.record.MemoryRecordsBuilderTest > buildUsingCreateTime[bufferOffset=0, compression=ZSTD] SKIPPED

org.apache.kafka.common.record.MemoryRecordsBuilderTest > testCompressionRateV0[bufferOffset=0, compression=ZSTD] SKIPPED

org.apache.kafka.common.record.MemoryRecordsBuilderTest > testCompressionRateV1[bufferOffset=0, compression=ZSTD] SKIPPED

org.apache.kafka.common.record.MemoryRecordsBuilderTest > buildUsingLogAppendTime[bufferOffset=0, compression=ZSTD] SKIPPED

org.apache.kafka.common.record.MemoryRecordsBuilderTest > testAppendedChecksumConsistency[bufferOffset=0, compression=ZSTD] SKIPPED

org.apache.kafka.common.record.MemoryRecordsBuilderTest > convertToV1WithMixedV0AndV2Data[bufferOffset=0, compression=ZSTD] SKIPPED

org.apache.kafka.common.record.MemoryRecordsBuilderTest > testWriteEmptyRecordSet[bufferOffset=0, compression=ZSTD] SKIPPED

org.apache.kafka.common.record.MemoryRecordsBuilderTest > shouldThrowIllegalStateExceptionOnCloseWhenAborted[bufferOffset=0, compression=ZSTD] SKIPPED

org.apache.kafka.common.record.MemoryRecordsBuilderTest > shouldThrowIllegalStateExceptionOnAppendWhenAborted[bufferOffset=0, compression=ZSTD] SKIPPED

org.apache.kafka.common.record.MemoryRecordsBuilderTest > shouldResetBufferToInitialPositionOnAbort[bufferOffset=0, compression=ZSTD] SKIPPED

org.apache.kafka.common.record.MemoryRecordsBuilderTest > writePastLimit[bufferOffset=0, compression=ZSTD] SKIPPED

org.apache.kafka.clients.consumer.internals.ConsumerCoordinatorTest > testCommitOffsetSyncCallbackWithNonRetriableException[rebalance protocol = EAGER] STANDARD_OUT
    [2022-07-16 15:10:58,346] ERROR Offset commit failed on partition test1-0 at offset 100: The server experienced an unexpected error when processing the request. (org.apache.kafka.clients.consumer.internals.ConsumerCoordinator:1108)

org.apache.kafka.common.memory.GarbageCollectedMemoryPoolTest > testBuffersGarbageCollected STANDARD_OUT
    [2022-07-16 15:10:58,442] ERROR Reclaimed buffer of size 190893260 and identity 1343464195 that was not properly release()ed. This is a bug. (org.apache.kafka.common.memory.GarbageCollectedMemoryPool:106)
    [2022-07-16 15:10:58,450] ERROR Reclaimed buffer of size 190893260 and identity 2138261202 that was not properly release()ed. This is a bug. (org.apache.kafka.common.memory.GarbageCollectedMemoryPool:106)
    [2022-07-16 15:10:58,450] ERROR Reclaimed buffer of size 190893260 and identity 1321107356 that was not properly release()ed. This is a bug. (org.apache.kafka.common.memory.GarbageCollectedMemoryPool:106)

org.apache.kafka.clients.consumer.internals.ConsumerCoordinatorTest > testCommitOffsetRebalanceInProgress[rebalance protocol = EAGER] STANDARD_OUT
    [2022-07-16 15:10:58,508] ERROR Offset commit failed on partition test1-0 at offset 100: The group is rebalancing, so a rejoin is needed. (org.apache.kafka.clients.consumer.internals.ConsumerCoordinator:1108)

org.apache.kafka.common.memory.GarbageCollectedMemoryPoolTest > testBuffersGarbageCollected STANDARD_OUT
    [2022-07-16 15:10:58,451] ERROR Reclaimed buffer of size 190893260 and identity 1740252425 that was not properly release()ed. This is a bug. (org.apache.kafka.common.memory.GarbageCollectedMemoryPool:106)
    [2022-07-16 15:10:58,540] ERROR Reclaimed buffer of size 190893260 and identity 218488864 that was not properly release()ed. This is a bug. (org.apache.kafka.common.memory.GarbageCollectedMemoryPool:106)
    [2022-07-16 15:10:58,541] ERROR Reclaimed buffer of size 190893260 and identity 1045407466 that was not properly release()ed. This is a bug. (org.apache.kafka.common.memory.GarbageCollectedMemoryPool:106)
    [2022-07-16 15:10:58,542] ERROR Reclaimed buffer of size 190893260 and identity 1122443489 that was not properly release()ed. This is a bug. (org.apache.kafka.common.memory.GarbageCollectedMemoryPool:106)
    [2022-07-16 15:10:58,572] ERROR Reclaimed buffer of size 190893260 and identity 1514533698 that was not properly release()ed. This is a bug. (org.apache.kafka.common.memory.GarbageCollectedMemoryPool:106)
    [2022-07-16 15:10:58,572] ERROR Reclaimed buffer of size 190893260 and identity 891666050 that was not properly release()ed. This is a bug. (org.apache.kafka.common.memory.GarbageCollectedMemoryPool:106)
    [2022-07-16 15:10:58,573] ERROR Reclaimed buffer of size 190893260 and identity 2028144798 that was not properly release()ed. This is a bug. (org.apache.kafka.common.memory.GarbageCollectedMemoryPool:106)
    [2022-07-16 15:10:58,573] ERROR Reclaimed buffer of size 190893260 and identity 523503194 that was not properly release()ed. This is a bug. (org.apache.kafka.common.memory.GarbageCollectedMemoryPool:106)

org.apache.kafka.common.record.MemoryRecordsBuilderTest > shouldThrowIllegalStateExceptionOnBuildWhenAborted[bufferOffset=15, compression=ZSTD] SKIPPED

org.apache.kafka.common.record.MemoryRecordsBuilderTest > buildUsingCreateTime[bufferOffset=15, compression=ZSTD] SKIPPED

org.apache.kafka.common.record.MemoryRecordsBuilderTest > testCompressionRateV0[bufferOffset=15, compression=ZSTD] SKIPPED

org.apache.kafka.common.record.MemoryRecordsBuilderTest > testCompressionRateV1[bufferOffset=15, compression=ZSTD] SKIPPED

org.apache.kafka.common.record.MemoryRecordsBuilderTest > buildUsingLogAppendTime[bufferOffset=15, compression=ZSTD] SKIPPED

org.apache.kafka.common.record.MemoryRecordsBuilderTest > testAppendedChecksumConsistency[bufferOffset=15, compression=ZSTD] SKIPPED

org.apache.kafka.common.record.MemoryRecordsBuilderTest > convertToV1WithMixedV0AndV2Data[bufferOffset=15, compression=ZSTD] SKIPPED

org.apache.kafka.common.record.MemoryRecordsBuilderTest > testWriteEmptyRecordSet[bufferOffset=15, compression=ZSTD] SKIPPED

org.apache.kafka.common.record.MemoryRecordsBuilderTest > shouldThrowIllegalStateExceptionOnCloseWhenAborted[bufferOffset=15, compression=ZSTD] SKIPPED

org.apache.kafka.common.record.MemoryRecordsBuilderTest > shouldThrowIllegalStateExceptionOnAppendWhenAborted[bufferOffset=15, compression=ZSTD] SKIPPED

org.apache.kafka.common.memory.GarbageCollectedMemoryPoolTest > testBuffersGarbageCollected STANDARD_OUT
    [2022-07-16 15:10:58,952] ERROR Reclaimed buffer of size 190893260 and identity 1547356970 that was not properly release()ed. This is a bug. (org.apache.kafka.common.memory.GarbageCollectedMemoryPool:106)
    [2022-07-16 15:10:58,952] ERROR Reclaimed buffer of size 190893260 and identity 2095801920 that was not properly release()ed. This is a bug. (org.apache.kafka.common.memory.GarbageCollectedMemoryPool:106)
    [2022-07-16 15:10:58,953] ERROR Reclaimed buffer of size 190893260 and identity 958026665 that was not properly release()ed. This is a bug. (org.apache.kafka.common.memory.GarbageCollectedMemoryPool:106)
    [2022-07-16 15:10:58,953] ERROR Reclaimed buffer of size 190893260 and identity 1788754205 that was not properly release()ed. This is a bug. (org.apache.kafka.common.memory.GarbageCollectedMemoryPool:106)

org.apache.kafka.common.record.MemoryRecordsBuilderTest > shouldResetBufferToInitialPositionOnAbort[bufferOffset=15, compression=ZSTD] SKIPPED

org.apache.kafka.common.record.MemoryRecordsBuilderTest > writePastLimit[bufferOffset=15, compression=ZSTD] SKIPPED

org.apache.kafka.common.memory.GarbageCollectedMemoryPoolTest > testBuffersGarbageCollected STANDARD_OUT
    [2022-07-16 15:10:58,954] ERROR Reclaimed buffer of size 190893260 and identity 493753118 that was not properly release()ed. This is a bug. (org.apache.kafka.common.memory.GarbageCollectedMemoryPool:106)
    [2022-07-16 15:10:58,956] ERROR Reclaimed buffer of size 190893260 and identity 83411613 that was not properly release()ed. This is a bug. (org.apache.kafka.common.memory.GarbageCollectedMemoryPool:106)
    [2022-07-16 15:10:58,956] ERROR Reclaimed buffer of size 190893260 and identity 191453004 that was not properly release()ed. This is a bug. (org.apache.kafka.common.memory.GarbageCollectedMemoryPool:106)
    [2022-07-16 15:10:58,956] ERROR Reclaimed buffer of size 190893260 and identity 394782722 that was not properly release()ed. This is a bug. (org.apache.kafka.common.memory.GarbageCollectedMemoryPool:106)
    [2022-07-16 15:10:58,957] ERROR Reclaimed buffer of size 190893260 and identity 587626971 that was not properly release()ed. This is a bug. (org.apache.kafka.common.memory.GarbageCollectedMemoryPool:106)
    [2022-07-16 15:10:58,957] ERROR Reclaimed buffer of size 190893260 and identity 111379462 that was not properly release()ed. This is a bug. (org.apache.kafka.common.memory.GarbageCollectedMemoryPool:106)
    [2022-07-16 15:10:58,957] ERROR Reclaimed buffer of size 190893260 and identity 1727159919 that was not properly release()ed. This is a bug. (org.apache.kafka.common.memory.GarbageCollectedMemoryPool:106)

Gradle Test Executor 21 finished executing tests.
Gradle Test Executor 22 finished executing tests.
Gradle Test Executor 36 finished executing tests.

> Task :clients:unitTest

org.apache.kafka.clients.consumer.internals.ConsumerCoordinatorTest > testCommitOffsetRequestSyncWithFencedInstanceIdException[rebalance protocol = EAGER] STANDARD_OUT
    [2022-07-16 15:10:59,238] ERROR Offset commit failed on partition test1-0 at offset 100: The broker rejected this static consumer since another consumer with the same group.instance.id has registered with a different member.id. (org.apache.kafka.clients.consumer.internals.ConsumerCoordinator:1108)
    [2022-07-16 15:10:59,239] ERROR Received fatal exception: group.instance.id gets fenced (org.apache.kafka.clients.consumer.internals.ConsumerCoordinator:1133)

org.apache.kafka.clients.admin.KafkaAdminClientTest > testHandleTimeout SKIPPED

org.apache.kafka.common.security.oauthbearer.internals.unsecured.OAuthBearerUnsecuredJwsTest > blankPrincipalName STANDARD_OUT
    [2022-07-16 15:10:59,529] ERROR Reclaimed buffer of size 190893260 and identity 2094117996 that was not properly release()ed. This is a bug. (org.apache.kafka.common.memory.GarbageCollectedMemoryPool:106)
    [2022-07-16 15:10:59,529] ERROR Reclaimed buffer of size 10 and identity 451536837 that was not properly release()ed. This is a bug. (org.apache.kafka.common.memory.GarbageCollectedMemoryPool:106)
    [2022-07-16 15:10:59,530] ERROR Reclaimed buffer of size 190893260 and identity 558329960 that was not properly release()ed. This is a bug. (org.apache.kafka.common.memory.GarbageCollectedMemoryPool:106)
    [2022-07-16 15:10:59,531] ERROR Reclaimed buffer of size 10 and identity 1895002040 that was not properly release()ed. This is a bug. (org.apache.kafka.common.memory.GarbageCollectedMemoryPool:106)
    [2022-07-16 15:10:59,531] ERROR Reclaimed buffer of size 190893260 and identity 790669351 that was not properly release()ed. This is a bug. (org.apache.kafka.common.memory.GarbageCollectedMemoryPool:106)
    [2022-07-16 15:10:59,532] ERROR Reclaimed buffer of size 10 and identity 932975532 that was not properly release()ed. This is a bug. (org.apache.kafka.common.memory.GarbageCollectedMemoryPool:106)
    [2022-07-16 15:10:59,532] ERROR Reclaimed buffer of size 190893260 and identity 897473232 that was not properly release()ed. This is a bug. (org.apache.kafka.common.memory.GarbageCollectedMemoryPool:106)
    [2022-07-16 15:10:59,533] ERROR Reclaimed buffer of size 190893260 and identity 24172846 that was not properly release()ed. This is a bug. (org.apache.kafka.common.memory.GarbageCollectedMemoryPool:106)
    [2022-07-16 15:10:59,533] ERROR Reclaimed buffer of size 190893260 and identity 832507681 that was not properly release()ed. This is a bug. (org.apache.kafka.common.memory.GarbageCollectedMemoryPool:106)
    [2022-07-16 15:10:59,533] ERROR Reclaimed buffer of size 190893260 and identity 1667867383 that was not properly release()ed. This is a bug. (org.apache.kafka.common.memory.GarbageCollectedMemoryPool:106)
    [2022-07-16 15:10:59,533] ERROR Reclaimed buffer of size 190893260 and identity 1888347467 that was not properly release()ed. This is a bug. (org.apache.kafka.common.memory.GarbageCollectedMemoryPool:106)

org.apache.kafka.clients.consumer.internals.ConsumerCoordinatorTest > testConsumerRejoinAfterRebalance[rebalance protocol = EAGER] STANDARD_OUT
    [2022-07-16 15:10:59,957] ERROR Offset commit failed on partition test1-0 at offset 100: The group is rebalancing, so a rejoin is needed. (org.apache.kafka.clients.consumer.internals.ConsumerCoordinator:1108)

org.apache.kafka.clients.consumer.internals.ConsumerCoordinatorTest > testGroupReadUnauthorized[rebalance protocol = EAGER] STANDARD_OUT
    [2022-07-16 15:10:59,992] ERROR Attempt to join group failed due to fatal error: Group authorization failed. (org.apache.kafka.clients.consumer.internals.AbstractCoordinator:602)

org.apache.kafka.clients.consumer.internals.ConsumerCoordinatorTest > testCommitOffsetUnknownMemberId[rebalance protocol = EAGER] STANDARD_OUT
    [2022-07-16 15:10:59,997] ERROR Offset commit failed on partition test1-0 at offset 100: The coordinator is not aware of this member. (org.apache.kafka.clients.consumer.internals.ConsumerCoordinator:1108)

org.apache.kafka.clients.consumer.KafkaConsumerTest > testUnsubscribeShouldTriggerPartitionsLostWithNoGeneration STANDARD_OUT
    [2022-07-16 15:11:00,144] ERROR User provided listener org.apache.kafka.clients.consumer.KafkaConsumerTest$9 failed on invocation of onPartitionsAssigned for partitions [test-0] (org.apache.kafka.clients.consumer.internals.ConsumerCoordinator:277)
    java.lang.RuntimeException: Hit partition assign [test-0]
    	at org.apache.kafka.clients.consumer.KafkaConsumerTest$9.onPartitionsAssigned(KafkaConsumerTest.java:1824)
    	at org.apache.kafka.clients.consumer.internals.ConsumerCoordinator.invokePartitionsAssigned(ConsumerCoordinator.java:272)
    	at org.apache.kafka.clients.consumer.internals.ConsumerCoordinator.onJoinComplete(ConsumerCoordinator.java:400)
    	at org.apache.kafka.clients.consumer.internals.AbstractCoordinator.joinGroupIfNeeded(AbstractCoordinator.java:421)
    	at org.apache.kafka.clients.consumer.internals.AbstractCoordinator.ensureActiveGroup(AbstractCoordinator.java:340)
    	at org.apache.kafka.clients.consumer.internals.ConsumerCoordinator.poll(ConsumerCoordinator.java:471)
    	at org.apache.kafka.clients.consumer.KafkaConsumer.updateAssignmentMetadataIfNeeded(KafkaConsumer.java:1267)
    	at org.apache.kafka.clients.consumer.KafkaConsumerTest.lambda$testUnsubscribeShouldTriggerPartitionsLostWithNoGeneration$2(KafkaConsumerTest.java:1187)
    	at org.junit.Assert.assertThrows(Assert.java:1003)
    	at org.junit.Assert.assertThrows(Assert.java:983)
    	at org.apache.kafka.clients.consumer.KafkaConsumerTest.testUnsubscribeShouldTriggerPartitionsLostWithNoGeneration(KafkaConsumerTest.java:1186)
    	at sun.reflect.NativeMethodAccessorImpl.invoke0(Native Method)
    	at sun.reflect.NativeMethodAccessorImpl.invoke(NativeMethodAccessorImpl.java:62)
    	at sun.reflect.DelegatingMethodAccessorImpl.invoke(DelegatingMethodAccessorImpl.java:43)
    	at java.lang.reflect.Method.invoke(Method.java:498)
    	at org.junit.runners.model.FrameworkMethod$1.runReflectiveCall(FrameworkMethod.java:59)
    	at org.junit.internal.runners.model.ReflectiveCallable.run(ReflectiveCallable.java:12)
    	at org.junit.runners.model.FrameworkMethod.invokeExplosively(FrameworkMethod.java:56)
    	at org.junit.internal.runners.statements.InvokeMethod.evaluate(InvokeMethod.java:17)
    	at org.junit.runners.ParentRunner$3.evaluate(ParentRunner.java:305)
    	at org.junit.runners.BlockJUnit4ClassRunner$1.evaluate(BlockJUnit4ClassRunner.java:100)
    	at org.junit.runners.ParentRunner.runLeaf(ParentRunner.java:365)
    	at org.junit.runners.BlockJUnit4ClassRunner.runChild(BlockJUnit4ClassRunner.java:103)
    	at org.junit.runners.BlockJUnit4ClassRunner.runChild(BlockJUnit4ClassRunner.java:63)
    	at org.junit.runners.ParentRunner$4.run(ParentRunner.java:330)
    	at org.junit.runners.ParentRunner$1.schedule(ParentRunner.java:78)
    	at org.junit.runners.ParentRunner.runChildren(ParentRunner.java:328)
    	at org.junit.runners.ParentRunner.access$100(ParentRunner.java:65)
    	at org.junit.runners.ParentRunner$2.evaluate(ParentRunner.java:292)
    	at org.junit.runners.ParentRunner$3.evaluate(ParentRunner.java:305)
    	at org.junit.runners.ParentRunner.run(ParentRunner.java:412)
    	at org.gradle.api.internal.tasks.testing.junit.JUnitTestClassExecutor.runTestClass(JUnitTestClassExecutor.java:110)
    	at org.gradle.api.internal.tasks.testing.junit.JUnitTestClassExecutor.execute(JUnitTestClassExecutor.java:58)
    	at org.gradle.api.internal.tasks.testing.junit.JUnitTestClassExecutor.execute(JUnitTestClassExecutor.java:38)
    	at org.gradle.api.internal.tasks.testing.junit.AbstractJUnitTestClassProcessor.processTestClass(AbstractJUnitTestClassProcessor.java:62)
    	at org.gradle.api.internal.tasks.testing.SuiteTestClassProcessor.processTestClass(SuiteTestClassProcessor.java:51)
    	at sun.reflect.NativeMethodAccessorImpl.invoke0(Native Method)
    	at sun.reflect.NativeMethodAccessorImpl.invoke(NativeMethodAccessorImpl.java:62)
    	at sun.reflect.DelegatingMethodAccessorImpl.invoke(DelegatingMethodAccessorImpl.java:43)
    	at java.lang.reflect.Method.invoke(Method.java:498)
    	at org.gradle.internal.dispatch.ReflectionDispatch.dispatch(ReflectionDispatch.java:36)
    	at org.gradle.internal.dispatch.ReflectionDispatch.dispatch(ReflectionDispatch.java:24)
    	at org.gradle.internal.dispatch.ContextClassLoaderDispatch.dispatch(ContextClassLoaderDispatch.java:33)
    	at org.gradle.internal.dispatch.ProxyDispatchAdapter$DispatchingInvocationHandler.invoke(ProxyDispatchAdapter.java:94)
    	at com.sun.proxy.$Proxy2.processTestClass(Unknown Source)
    	at org.gradle.api.internal.tasks.testing.worker.TestWorker.processTestClass(TestWorker.java:118)
    	at sun.reflect.NativeMethodAccessorImpl.invoke0(Native Method)
    	at sun.reflect.NativeMethodAccessorImpl.invoke(NativeMethodAccessorImpl.java:62)
    	at sun.reflect.DelegatingMethodAccessorImpl.invoke(DelegatingMethodAccessorImpl.java:43)
    	at java.lang.reflect.Method.invoke(Method.java:498)
    	at org.gradle.internal.dispatch.ReflectionDispatch.dispatch(ReflectionDispatch.java:36)
    	at org.gradle.internal.dispatch.ReflectionDispatch.dispatch(ReflectionDispatch.java:24)
    	at org.gradle.internal.remote.internal.hub.MessageHubBackedObjectConnection$DispatchWrapper.dispatch(MessageHubBackedObjectConnection.java:182)
    	at org.gradle.internal.remote.internal.hub.MessageHubBackedObjectConnection$DispatchWrapper.dispatch(MessageHubBackedObjectConnection.java:164)
    	at org.gradle.internal.remote.internal.hub.MessageHub$Handler.run(MessageHub.java:412)
    	at org.gradle.internal.concurrent.ExecutorPolicy$CatchAndRecordFailures.onExecute(ExecutorPolicy.java:64)
    	at org.gradle.internal.concurrent.ManagedExecutorImpl$1.run(ManagedExecutorImpl.java:48)
    	at java.util.concurrent.ThreadPoolExecutor.runWorker(ThreadPoolExecutor.java:1149)
    	at java.util.concurrent.ThreadPoolExecutor$Worker.run(ThreadPoolExecutor.java:624)
    	at org.gradle.internal.concurrent.ThreadFactoryImpl$ManagedThreadRunnable.run(ThreadFactoryImpl.java:56)
    	at java.lang.Thread.run(Thread.java:748)
    [2022-07-16 15:11:00,253] ERROR User provided listener org.apache.kafka.clients.consumer.KafkaConsumerTest$9 failed on invocation of onPartitionsLost for partitions [test-0] (org.apache.kafka.clients.consumer.internals.ConsumerCoordinator:315)
    java.lang.RuntimeException: Hit partition lost [test-0]
    	at org.apache.kafka.clients.consumer.KafkaConsumerTest$9.onPartitionsLost(KafkaConsumerTest.java:1829)
    	at org.apache.kafka.clients.consumer.internals.ConsumerCoordinator.invokePartitionsLost(ConsumerCoordinator.java:310)
    	at org.apache.kafka.clients.consumer.internals.ConsumerCoordinator.onLeavePrepare(ConsumerCoordinator.java:709)
    	at org.apache.kafka.clients.consumer.KafkaConsumer.unsubscribe(KafkaConsumer.java:1073)
    	at org.junit.Assert.assertThrows(Assert.java:1003)
    	at org.junit.Assert.assertThrows(Assert.java:983)
    	at org.apache.kafka.clients.consumer.KafkaConsumerTest.testUnsubscribeShouldTriggerPartitionsLostWithNoGeneration(KafkaConsumerTest.java:1198)
    	at sun.reflect.NativeMethodAccessorImpl.invoke0(Native Method)
    	at sun.reflect.NativeMethodAccessorImpl.invoke(NativeMethodAccessorImpl.java:62)
    	at sun.reflect.DelegatingMethodAccessorImpl.invoke(DelegatingMethodAccessorImpl.java:43)
    	at java.lang.reflect.Method.invoke(Method.java:498)
    	at org.junit.runners.model.FrameworkMethod$1.runReflectiveCall(FrameworkMethod.java:59)
    	at org.junit.internal.runners.model.ReflectiveCallable.run(ReflectiveCallable.java:12)
    	at org.junit.runners.model.FrameworkMethod.invokeExplosively(FrameworkMethod.java:56)
    	at org.junit.internal.runners.statements.InvokeMethod.evaluate(InvokeMethod.java:17)
    	at org.junit.runners.ParentRunner$3.evaluate(ParentRunner.java:305)
    	at org.junit.runners.BlockJUnit4ClassRunner$1.evaluate(BlockJUnit4ClassRunner.java:100)
    	at org.junit.runners.ParentRunner.runLeaf(ParentRunner.java:365)
    	at org.junit.runners.BlockJUnit4ClassRunner.runChild(BlockJUnit4ClassRunner.java:103)
    	at org.junit.runners.BlockJUnit4ClassRunner.runChild(BlockJUnit4ClassRunner.java:63)
    	at org.junit.runners.ParentRunner$4.run(ParentRunner.java:330)
    	at org.junit.runners.ParentRunner$1.schedule(ParentRunner.java:78)
    	at org.junit.runners.ParentRunner.runChildren(ParentRunner.java:328)
    	at org.junit.runners.ParentRunner.access$100(ParentRunner.java:65)
    	at org.junit.runners.ParentRunner$2.evaluate(ParentRunner.java:292)
    	at org.junit.runners.ParentRunner$3.evaluate(ParentRunner.java:305)
    	at org.junit.runners.ParentRunner.run(ParentRunner.java:412)
    	at org.gradle.api.internal.tasks.testing.junit.JUnitTestClassExecutor.runTestClass(JUnitTestClassExecutor.java:110)
    	at org.gradle.api.internal.tasks.testing.junit.JUnitTestClassExecutor.execute(JUnitTestClassExecutor.java:58)
    	at org.gradle.api.internal.tasks.testing.junit.JUnitTestClassExecutor.execute(JUnitTestClassExecutor.java:38)
    	at org.gradle.api.internal.tasks.testing.junit.AbstractJUnitTestClassProcessor.processTestClass(AbstractJUnitTestClassProcessor.java:62)
    	at org.gradle.api.internal.tasks.testing.SuiteTestClassProcessor.processTestClass(SuiteTestClassProcessor.java:51)
    	at sun.reflect.NativeMethodAccessorImpl.invoke0(Native Method)
    	at sun.reflect.NativeMethodAccessorImpl.invoke(NativeMethodAccessorImpl.java:62)
    	at sun.reflect.DelegatingMethodAccessorImpl.invoke(DelegatingMethodAccessorImpl.java:43)
    	at java.lang.reflect.Method.invoke(Method.java:498)
    	at org.gradle.internal.dispatch.ReflectionDispatch.dispatch(ReflectionDispatch.java:36)
    	at org.gradle.internal.dispatch.ReflectionDispatch.dispatch(ReflectionDispatch.java:24)
    	at org.gradle.internal.dispatch.ContextClassLoaderDispatch.dispatch(ContextClassLoaderDispatch.java:33)
    	at org.gradle.internal.dispatch.ProxyDispatchAdapter$DispatchingInvocationHandler.invoke(ProxyDispatchAdapter.java:94)
    	at com.sun.proxy.$Proxy2.processTestClass(Unknown Source)
    	at org.gradle.api.internal.tasks.testing.worker.TestWorker.processTestClass(TestWorker.java:118)
    	at sun.reflect.NativeMethodAccessorImpl.invoke0(Native Method)
    	at sun.reflect.NativeMethodAccessorImpl.invoke(NativeMethodAccessorImpl.java:62)
    	at sun.reflect.DelegatingMethodAccessorImpl.invoke(DelegatingMethodAccessorImpl.java:43)
    	at java.lang.reflect.Method.invoke(Method.java:498)
    	at org.gradle.internal.dispatch.ReflectionDispatch.dispatch(ReflectionDispatch.java:36)
    	at org.gradle.internal.dispatch.ReflectionDispatch.dispatch(ReflectionDispatch.java:24)
    	at org.gradle.internal.remote.internal.hub.MessageHubBackedObjectConnection$DispatchWrapper.dispatch(MessageHubBackedObjectConnection.java:182)
    	at org.gradle.internal.remote.internal.hub.MessageHubBackedObjectConnection$DispatchWrapper.dispatch(MessageHubBackedObjectConnection.java:164)
    	at org.gradle.internal.remote.internal.hub.MessageHub$Handler.run(MessageHub.java:412)
    	at org.gradle.internal.concurrent.ExecutorPolicy$CatchAndRecordFailures.onExecute(ExecutorPolicy.java:64)
    	at org.gradle.internal.concurrent.ManagedExecutorImpl$1.run(ManagedExecutorImpl.java:48)
    	at java.util.concurrent.ThreadPoolExecutor.runWorker(ThreadPoolExecutor.java:1149)
    	at java.util.concurrent.ThreadPoolExecutor$Worker.run(ThreadPoolExecutor.java:624)
    	at org.gradle.internal.concurrent.ThreadFactoryImpl$ManagedThreadRunnable.run(ThreadFactoryImpl.java:56)
    	at java.lang.Thread.run(Thread.java:748)

org.apache.kafka.common.security.ssl.SslFactoryTest > testReconfiguration STANDARD_OUT
    [2022-07-16 15:11:00,592] ERROR Modification time of key store could not be obtained: /tmp/serverKS6322295870990565765.jks (org.apache.kafka.common.security.ssl.SslEngineBuilder:300)
    java.nio.file.NoSuchFileException: /tmp/serverKS6322295870990565765.jks
    	at sun.nio.fs.UnixException.translateToIOException(UnixException.java:86)
    	at sun.nio.fs.UnixException.rethrowAsIOException(UnixException.java:102)
    	at sun.nio.fs.UnixException.rethrowAsIOException(UnixException.java:107)
    	at sun.nio.fs.UnixFileAttributeViews$Basic.readAttributes(UnixFileAttributeViews.java:55)
    	at sun.nio.fs.UnixFileSystemProvider.readAttributes(UnixFileSystemProvider.java:144)
    	at sun.nio.fs.LinuxFileSystemProvider.readAttributes(LinuxFileSystemProvider.java:99)
    	at java.nio.file.Files.readAttributes(Files.java:1737)
    	at java.nio.file.Files.getLastModifiedTime(Files.java:2266)
    	at org.apache.kafka.common.security.ssl.SslEngineBuilder$SecurityStore.lastModifiedMs(SslEngineBuilder.java:298)
    	at org.apache.kafka.common.security.ssl.SslEngineBuilder$SecurityStore.modified(SslEngineBuilder.java:306)
    	at org.apache.kafka.common.security.ssl.SslEngineBuilder.shouldBeRebuilt(SslEngineBuilder.java:255)
    	at org.apache.kafka.common.security.ssl.SslFactory.createNewSslEngineBuilder(SslFactory.java:136)
    	at org.apache.kafka.common.security.ssl.SslFactory.reconfigure(SslFactory.java:119)
    	at org.apache.kafka.common.security.ssl.SslFactoryTest.testReconfiguration(SslFactoryTest.java:180)
    	at sun.reflect.NativeMethodAccessorImpl.invoke0(Native Method)
    	at sun.reflect.NativeMethodAccessorImpl.invoke(NativeMethodAccessorImpl.java:62)
    	at sun.reflect.DelegatingMethodAccessorImpl.invoke(DelegatingMethodAccessorImpl.java:43)
    	at java.lang.reflect.Method.invoke(Method.java:498)
    	at org.junit.runners.model.FrameworkMethod$1.runReflectiveCall(FrameworkMethod.java:59)
    	at org.junit.internal.runners.model.ReflectiveCallable.run(ReflectiveCallable.java:12)
    	at org.junit.runners.model.FrameworkMethod.invokeExplosively(FrameworkMethod.java:56)
    	at org.junit.internal.runners.statements.InvokeMethod.evaluate(InvokeMethod.java:17)
    	at org.junit.runners.ParentRunner$3.evaluate(ParentRunner.java:305)
    	at org.junit.runners.BlockJUnit4ClassRunner$1.evaluate(BlockJUnit4ClassRunner.java:100)
    	at org.junit.runners.ParentRunner.runLeaf(ParentRunner.java:365)
    	at org.junit.runners.BlockJUnit4ClassRunner.runChild(BlockJUnit4ClassRunner.java:103)
    	at org.junit.runners.BlockJUnit4ClassRunner.runChild(BlockJUnit4ClassRunner.java:63)
    	at org.junit.runners.ParentRunner$4.run(ParentRunner.java:330)
    	at org.junit.runners.ParentRunner$1.schedule(ParentRunner.java:78)
    	at org.junit.runners.ParentRunner.runChildren(ParentRunner.java:328)
    	at org.junit.runners.ParentRunner.access$100(ParentRunner.java:65)
    	at org.junit.runners.ParentRunner$2.evaluate(ParentRunner.java:292)
    	at org.junit.runners.ParentRunner$3.evaluate(ParentRunner.java:305)
    	at org.junit.runners.ParentRunner.run(ParentRunner.java:412)
    	at org.gradle.api.internal.tasks.testing.junit.JUnitTestClassExecutor.runTestClass(JUnitTestClassExecutor.java:110)
    	at org.gradle.api.internal.tasks.testing.junit.JUnitTestClassExecutor.execute(JUnitTestClassExecutor.java:58)
    	at org.gradle.api.internal.tasks.testing.junit.JUnitTestClassExecutor.execute(JUnitTestClassExecutor.java:38)
    	at org.gradle.api.internal.tasks.testing.junit.AbstractJUnitTestClassProcessor.processTestClass(AbstractJUnitTestClassProcessor.java:62)
    	at org.gradle.api.internal.tasks.testing.SuiteTestClassProcessor.processTestClass(SuiteTestClassProcessor.java:51)
    	at sun.reflect.NativeMethodAccessorImpl.invoke0(Native Method)
    	at sun.reflect.NativeMethodAccessorImpl.invoke(NativeMethodAccessorImpl.java:62)
    	at sun.reflect.DelegatingMethodAccessorImpl.invoke(DelegatingMethodAccessorImpl.java:43)
    	at java.lang.reflect.Method.invoke(Method.java:498)
    	at org.gradle.internal.dispatch.ReflectionDispatch.dispatch(ReflectionDispatch.java:36)
    	at org.gradle.internal.dispatch.ReflectionDispatch.dispatch(ReflectionDispatch.java:24)
    	at org.gradle.internal.dispatch.ContextClassLoaderDispatch.dispatch(ContextClassLoaderDispatch.java:33)
    	at org.gradle.internal.dispatch.ProxyDispatchAdapter$DispatchingInvocationHandler.invoke(ProxyDispatchAdapter.java:94)
    	at com.sun.proxy.$Proxy2.processTestClass(Unknown Source)
    	at org.gradle.api.internal.tasks.testing.worker.TestWorker.processTestClass(TestWorker.java:118)

org.apache.kafka.clients.consumer.internals.ConsumerCoordinatorTest > testCommitOffsetRequestAsyncAlwaysReceiveFencedException[rebalance protocol = EAGER] STANDARD_OUT
    [2022-07-16 15:11:00,604] ERROR Offset commit failed on partition test1-0 at offset 100: The broker rejected this static consumer since another consumer with the same group.instance.id has registered with a different member.id. (org.apache.kafka.clients.consumer.internals.ConsumerCoordinator:1108)

org.apache.kafka.common.security.ssl.SslFactoryTest > testReconfiguration STANDARD_OUT
    	at sun.reflect.NativeMethodAccessorImpl.invoke0(Native Method)
    	at sun.reflect.NativeMethodAccessorImpl.invoke(NativeMethodAccessorImpl.java:62)
    	at sun.reflect.DelegatingMethodAccessorImpl.invoke(DelegatingMethodAccessorImpl.java:43)
    	at java.lang.reflect.Method.invoke(Method.java:498)
    	at org.gradle.internal.dispatch.ReflectionDispatch.dispatch(ReflectionDispatch.java:36)
    	at org.gradle.internal.dispatch.ReflectionDispatch.dispatch(ReflectionDispatch.java:24)
    	at org.gradle.internal.remote.internal.hub.MessageHubBackedObjectConnection$DispatchWrapper.dispatch(MessageHubBackedObjectConnection.java:182)
    	at org.gradle.internal.remote.internal.hub.MessageHubBackedObjectConnection$DispatchWrapper.dispatch(MessageHubBackedObjectConnection.java:164)
    	at org.gradle.internal.remote.internal.hub.MessageHub$Handler.run(MessageHub.java:412)
    	at org.gradle.internal.concurrent.ExecutorPolicy$CatchAndRecordFailures.onExecute(ExecutorPolicy.java:64)

org.apache.kafka.clients.consumer.internals.ConsumerCoordinatorTest > testCommitOffsetRequestAsyncAlwaysReceiveFencedException[rebalance protocol = EAGER] STANDARD_OUT
    [2022-07-16 15:11:00,605] ERROR Received fatal exception: group.instance.id gets fenced (org.apache.kafka.clients.consumer.internals.ConsumerCoordinator:1133)

org.apache.kafka.common.security.ssl.SslFactoryTest > testReconfiguration STANDARD_OUT
    	at org.gradle.internal.concurrent.ManagedExecutorImpl$1.run(ManagedExecutorImpl.java:48)
    	at java.util.concurrent.ThreadPoolExecutor.runWorker(ThreadPoolExecutor.java:1149)
    	at java.util.concurrent.ThreadPoolExecutor$Worker.run(ThreadPoolExecutor.java:624)
    	at org.gradle.internal.concurrent.ThreadFactoryImpl$ManagedThreadRunnable.run(ThreadFactoryImpl.java:56)
    	at java.lang.Thread.run(Thread.java:748)

org.apache.kafka.clients.consumer.internals.ConsumerCoordinatorTest > testCommitOffsetMetadataTooLarge[rebalance protocol = EAGER] STANDARD_OUT
    [2022-07-16 15:11:00,623] ERROR Offset commit failed on partition test1-0 at offset 100: The metadata field of the offset request was too large. (org.apache.kafka.clients.consumer.internals.ConsumerCoordinator:1108)

org.apache.kafka.clients.consumer.internals.ConsumerCoordinatorTest > testCommitOffsetRequestAsyncWithFencedInstanceIdException[rebalance protocol = EAGER] STANDARD_OUT
    [2022-07-16 15:11:00,781] ERROR Offset commit failed on partition test1-0 at offset 100: The broker rejected this static consumer since another consumer with the same group.instance.id has registered with a different member.id. (org.apache.kafka.clients.consumer.internals.ConsumerCoordinator:1108)
    [2022-07-16 15:11:00,781] ERROR Received fatal exception: group.instance.id gets fenced (org.apache.kafka.clients.consumer.internals.ConsumerCoordinator:1133)

org.apache.kafka.clients.consumer.internals.ConsumerCoordinatorTest > testJoinGroupInvalidGroupId[rebalance protocol = EAGER] STANDARD_OUT
    [2022-07-16 15:11:00,788] ERROR Attempt to join group failed due to fatal error: The configured groupId is invalid. (org.apache.kafka.clients.consumer.internals.AbstractCoordinator:602)

org.apache.kafka.clients.consumer.internals.ConsumerCoordinatorTest > testCommitOffsetIllegalGeneration[rebalance protocol = EAGER] STANDARD_OUT
    [2022-07-16 15:11:00,791] ERROR Offset commit failed on partition test1-0 at offset 100: Specified group generation id is not valid. (org.apache.kafka.clients.consumer.internals.ConsumerCoordinator:1108)

org.apache.kafka.clients.consumer.internals.ConsumerCoordinatorTest > testInvalidSessionTimeout[rebalance protocol = COOPERATIVE] STANDARD_OUT
    [2022-07-16 15:11:01,005] ERROR Attempt to join group failed due to fatal error: The session timeout is not within the range allowed by the broker (as configured by group.min.session.timeout.ms and group.max.session.timeout.ms). (org.apache.kafka.clients.consumer.internals.AbstractCoordinator:602)

org.apache.kafka.common.record.MemoryRecordsTest > testFilterToBatchDiscard[0 magic=0, firstOffset=0, compressionType=NONE] SKIPPED

org.apache.kafka.common.security.authenticator.ClientAuthenticationFailureTest > testProducerWithInvalidCredentials STANDARD_OUT
    [2022-07-16 15:11:01,864] ERROR [Producer clientId=producer-1] Connection to node -1 (localhost/127.0.0.1:43845) failed authentication due to: Authentication failed: Invalid username or password (org.apache.kafka.clients.NetworkClient:739)

org.apache.kafka.common.record.MemoryRecordsTest > testNextBatchSize[4 magic=0, firstOffset=0, compressionType=ZSTD] SKIPPED

org.apache.kafka.common.record.MemoryRecordsTest > testFilterToAlreadyCompactedLog[4 magic=0, firstOffset=0, compressionType=ZSTD] SKIPPED

org.apache.kafka.common.record.MemoryRecordsTest > testFilterToBatchDiscard[4 magic=0, firstOffset=0, compressionType=ZSTD] SKIPPED

org.apache.kafka.common.record.MemoryRecordsTest > testHasRoomForMethod[4 magic=0, firstOffset=0, compressionType=ZSTD] SKIPPED

org.apache.kafka.common.record.MemoryRecordsTest > testFilterToPreservesLogAppendTime[4 magic=0, firstOffset=0, compressionType=ZSTD] SKIPPED

org.apache.kafka.common.record.MemoryRecordsTest > testFilterTo[4 magic=0, firstOffset=0, compressionType=ZSTD] SKIPPED

org.apache.kafka.common.record.MemoryRecordsTest > testFilterToWithUndersizedBuffer[4 magic=0, firstOffset=0, compressionType=ZSTD] SKIPPED

org.apache.kafka.common.record.MemoryRecordsTest > testIterator[4 magic=0, firstOffset=0, compressionType=ZSTD] SKIPPED

org.apache.kafka.common.record.MemoryRecordsTest > testFilterToBatchDiscard[5 magic=1, firstOffset=0, compressionType=NONE] SKIPPED

org.apache.kafka.common.record.MemoryRecordsTest > testNextBatchSize[9 magic=1, firstOffset=0, compressionType=ZSTD] SKIPPED

org.apache.kafka.common.record.MemoryRecordsTest > testFilterToAlreadyCompactedLog[9 magic=1, firstOffset=0, compressionType=ZSTD] SKIPPED

org.apache.kafka.common.record.MemoryRecordsTest > testFilterToBatchDiscard[9 magic=1, firstOffset=0, compressionType=ZSTD] SKIPPED

org.apache.kafka.common.record.MemoryRecordsTest > testHasRoomForMethod[9 magic=1, firstOffset=0, compressionType=ZSTD] SKIPPED

org.apache.kafka.common.record.MemoryRecordsTest > testFilterToPreservesLogAppendTime[9 magic=1, firstOffset=0, compressionType=ZSTD] SKIPPED

org.apache.kafka.common.record.MemoryRecordsTest > testFilterTo[9 magic=1, firstOffset=0, compressionType=ZSTD] SKIPPED

org.apache.kafka.common.record.MemoryRecordsTest > testFilterToWithUndersizedBuffer[9 magic=1, firstOffset=0, compressionType=ZSTD] SKIPPED

org.apache.kafka.common.record.MemoryRecordsTest > testIterator[9 magic=1, firstOffset=0, compressionType=ZSTD] SKIPPED

org.apache.kafka.common.security.authenticator.ClientAuthenticationFailureTest > testTransactionalProducerWithInvalidCredentials STANDARD_OUT
    [2022-07-16 15:11:02,010] ERROR [Producer clientId=producer-txclient-1, transactionalId=txclient-1] Connection to node -1 (localhost/127.0.0.1:34529) failed authentication due to: Authentication failed: Invalid username or password (org.apache.kafka.clients.NetworkClient:739)

org.apache.kafka.common.record.MemoryRecordsTest > testFilterToBatchDiscard[15 magic=0, firstOffset=57, compressionType=NONE] SKIPPED

org.apache.kafka.common.record.MemoryRecordsTest > testNextBatchSize[19 magic=0, firstOffset=57, compressionType=ZSTD] SKIPPED

org.apache.kafka.common.record.MemoryRecordsTest > testFilterToAlreadyCompactedLog[19 magic=0, firstOffset=57, compressionType=ZSTD] SKIPPED

org.apache.kafka.common.record.MemoryRecordsTest > testFilterToBatchDiscard[19 magic=0, firstOffset=57, compressionType=ZSTD] SKIPPED

org.apache.kafka.common.record.MemoryRecordsTest > testHasRoomForMethod[19 magic=0, firstOffset=57, compressionType=ZSTD] SKIPPED

org.apache.kafka.common.record.MemoryRecordsTest > testFilterToPreservesLogAppendTime[19 magic=0, firstOffset=57, compressionType=ZSTD] SKIPPED

org.apache.kafka.common.record.MemoryRecordsTest > testFilterTo[19 magic=0, firstOffset=57, compressionType=ZSTD] SKIPPED

org.apache.kafka.common.record.MemoryRecordsTest > testFilterToWithUndersizedBuffer[19 magic=0, firstOffset=57, compressionType=ZSTD] SKIPPED

org.apache.kafka.common.record.MemoryRecordsTest > testIterator[19 magic=0, firstOffset=57, compressionType=ZSTD] SKIPPED

org.apache.kafka.common.record.MemoryRecordsTest > testFilterToBatchDiscard[20 magic=1, firstOffset=57, compressionType=NONE] SKIPPED

org.apache.kafka.common.record.MemoryRecordsTest > testNextBatchSize[24 magic=1, firstOffset=57, compressionType=ZSTD] SKIPPED

org.apache.kafka.common.record.MemoryRecordsTest > testFilterToAlreadyCompactedLog[24 magic=1, firstOffset=57, compressionType=ZSTD] SKIPPED

org.apache.kafka.common.record.MemoryRecordsTest > testFilterToBatchDiscard[24 magic=1, firstOffset=57, compressionType=ZSTD] SKIPPED

org.apache.kafka.common.record.MemoryRecordsTest > testHasRoomForMethod[24 magic=1, firstOffset=57, compressionType=ZSTD] SKIPPED

org.apache.kafka.common.record.MemoryRecordsTest > testFilterToPreservesLogAppendTime[24 magic=1, firstOffset=57, compressionType=ZSTD] SKIPPED

org.apache.kafka.common.record.MemoryRecordsTest > testFilterTo[24 magic=1, firstOffset=57, compressionType=ZSTD] SKIPPED

org.apache.kafka.common.record.MemoryRecordsTest > testFilterToWithUndersizedBuffer[24 magic=1, firstOffset=57, compressionType=ZSTD] SKIPPED

org.apache.kafka.common.record.MemoryRecordsTest > testIterator[24 magic=1, firstOffset=57, compressionType=ZSTD] SKIPPED

org.apache.kafka.common.security.authenticator.ClientAuthenticationFailureTest > testConsumerWithInvalidCredentials STANDARD_OUT
    [2022-07-16 15:11:02,127] ERROR [Consumer clientId=consumer-8, groupId=] Connection to node -1 (localhost/127.0.0.1:44335) failed authentication due to: Authentication failed: Invalid username or password (org.apache.kafka.clients.NetworkClient:739)

Gradle Test Executor 25 finished executing tests.
Gradle Test Executor 31 finished executing tests.
Gradle Test Executor 24 finished executing tests.

> Task :clients:unitTest

org.apache.kafka.common.security.authenticator.ClientAuthenticationFailureTest > testAdminClientWithInvalidCredentials STANDARD_OUT
    [2022-07-16 15:11:02,292] ERROR [AdminClient clientId=adminclient-1] Connection to node -1 (localhost/127.0.0.1:37539) failed authentication due to: Authentication failed: Invalid username or password (org.apache.kafka.clients.NetworkClient:739)

org.apache.kafka.common.security.ssl.SslFactoryTest > testSslFactoryWithIncorrectProviderClassConfiguration STANDARD_OUT
    [2022-07-16 15:11:02,562] ERROR Unrecognized security provider creator class (org.apache.kafka.common.config.SecurityConfig:82)
    java.lang.ClassNotFoundException: com.fake.ProviderClass1
    	at java.net.URLClassLoader.findClass(URLClassLoader.java:387)
    	at java.lang.ClassLoader.loadClass(ClassLoader.java:418)
    	at sun.misc.Launcher$AppClassLoader.loadClass(Launcher.java:352)
    	at java.lang.ClassLoader.loadClass(ClassLoader.java:351)
    	at java.lang.Class.forName0(Native Method)
    	at java.lang.Class.forName(Class.java:264)
    	at org.apache.kafka.common.utils.SecurityUtils.addConfiguredSecurityProviders(SecurityUtils.java:74)
    	at org.apache.kafka.common.security.ssl.SslEngineBuilder.<init>(SslEngineBuilder.java:70)
    	at org.apache.kafka.common.security.ssl.SslFactory.configure(SslFactory.java:95)
    	at org.apache.kafka.common.security.ssl.SslFactoryTest.testSslFactoryWithIncorrectProviderClassConfiguration(SslFactoryTest.java:101)
    	at sun.reflect.NativeMethodAccessorImpl.invoke0(Native Method)
    	at sun.reflect.NativeMethodAccessorImpl.invoke(NativeMethodAccessorImpl.java:62)
    	at sun.reflect.DelegatingMethodAccessorImpl.invoke(DelegatingMethodAccessorImpl.java:43)
    	at java.lang.reflect.Method.invoke(Method.java:498)
    	at org.junit.runners.model.FrameworkMethod$1.runReflectiveCall(FrameworkMethod.java:59)
    	at org.junit.internal.runners.model.ReflectiveCallable.run(ReflectiveCallable.java:12)
    	at org.junit.runners.model.FrameworkMethod.invokeExplosively(FrameworkMethod.java:56)
    	at org.junit.internal.runners.statements.InvokeMethod.evaluate(InvokeMethod.java:17)
    	at org.junit.internal.runners.statements.ExpectException.evaluate(ExpectException.java:19)
    	at org.junit.runners.ParentRunner$3.evaluate(ParentRunner.java:305)
    	at org.junit.runners.BlockJUnit4ClassRunner$1.evaluate(BlockJUnit4ClassRunner.java:100)
    	at org.junit.runners.ParentRunner.runLeaf(ParentRunner.java:365)
    	at org.junit.runners.BlockJUnit4ClassRunner.runChild(BlockJUnit4ClassRunner.java:103)
    	at org.junit.runners.BlockJUnit4ClassRunner.runChild(BlockJUnit4ClassRunner.java:63)
    	at org.junit.runners.ParentRunner$4.run(ParentRunner.java:330)
    	at org.junit.runners.ParentRunner$1.schedule(ParentRunner.java:78)
    	at org.junit.runners.ParentRunner.runChildren(ParentRunner.java:328)
    	at org.junit.runners.ParentRunner.access$100(ParentRunner.java:65)
    	at org.junit.runners.ParentRunner$2.evaluate(ParentRunner.java:292)
    	at org.junit.runners.ParentRunner$3.evaluate(ParentRunner.java:305)
    	at org.junit.runners.ParentRunner.run(ParentRunner.java:412)
    	at org.gradle.api.internal.tasks.testing.junit.JUnitTestClassExecutor.runTestClass(JUnitTestClassExecutor.java:110)
    	at org.gradle.api.internal.tasks.testing.junit.JUnitTestClassExecutor.execute(JUnitTestClassExecutor.java:58)
    	at org.gradle.api.internal.tasks.testing.junit.JUnitTestClassExecutor.execute(JUnitTestClassExecutor.java:38)
    	at org.gradle.api.internal.tasks.testing.junit.AbstractJUnitTestClassProcessor.processTestClass(AbstractJUnitTestClassProcessor.java:62)
    	at org.gradle.api.internal.tasks.testing.SuiteTestClassProcessor.processTestClass(SuiteTestClassProcessor.java:51)
    	at sun.reflect.NativeMethodAccessorImpl.invoke0(Native Method)
    	at sun.reflect.NativeMethodAccessorImpl.invoke(NativeMethodAccessorImpl.java:62)
    	at sun.reflect.DelegatingMethodAccessorImpl.invoke(DelegatingMethodAccessorImpl.java:43)
    	at java.lang.reflect.Method.invoke(Method.java:498)
    	at org.gradle.internal.dispatch.ReflectionDispatch.dispatch(ReflectionDispatch.java:36)
    	at org.gradle.internal.dispatch.ReflectionDispatch.dispatch(ReflectionDispatch.java:24)
    	at org.gradle.internal.dispatch.ContextClassLoaderDispatch.dispatch(ContextClassLoaderDispatch.java:33)
    	at org.gradle.internal.dispatch.ProxyDispatchAdapter$DispatchingInvocationHandler.invoke(ProxyDispatchAdapter.java:94)
    	at com.sun.proxy.$Proxy2.processTestClass(Unknown Source)
    	at org.gradle.api.internal.tasks.testing.worker.TestWorker.processTestClass(TestWorker.java:118)
    	at sun.reflect.NativeMethodAccessorImpl.invoke0(Native Method)
    	at sun.reflect.NativeMethodAccessorImpl.invoke(NativeMethodAccessorImpl.java:62)
    	at sun.reflect.DelegatingMethodAccessorImpl.invoke(DelegatingMethodAccessorImpl.java:43)
    	at java.lang.reflect.Method.invoke(Method.java:498)
    	at org.gradle.internal.dispatch.ReflectionDispatch.dispatch(ReflectionDispatch.java:36)
    	at org.gradle.internal.dispatch.ReflectionDispatch.dispatch(ReflectionDispatch.java:24)
    	at org.gradle.internal.remote.internal.hub.MessageHubBackedObjectConnection$DispatchWrapper.dispatch(MessageHubBackedObjectConnection.java:182)
    	at org.gradle.internal.remote.internal.hub.MessageHubBackedObjectConnection$DispatchWrapper.dispatch(MessageHubBackedObjectConnection.java:164)
    	at org.gradle.internal.remote.internal.hub.MessageHub$Handler.run(MessageHub.java:412)
    	at org.gradle.internal.concurrent.ExecutorPolicy$CatchAndRecordFailures.onExecute(ExecutorPolicy.java:64)
    	at org.gradle.internal.concurrent.ManagedExecutorImpl$1.run(ManagedExecutorImpl.java:48)
    	at java.util.concurrent.ThreadPoolExecutor.runWorker(ThreadPoolExecutor.java:1149)
    	at java.util.concurrent.ThreadPoolExecutor$Worker.run(ThreadPoolExecutor.java:624)
    	at org.gradle.internal.concurrent.ThreadFactoryImpl$ManagedThreadRunnable.run(ThreadFactoryImpl.java:56)
    	at java.lang.Thread.run(Thread.java:748)
org.apache.kafka.common.network.SslTransportLayerTest.testUnsupportedTLSVersion failed, log available in /users/miaoyu/kafka/clients/build/reports/testOutput/org.apache.kafka.common.network.SslTransportLayerTest.testUnsupportedTLSVersion.test.stdout

org.apache.kafka.common.network.SslTransportLayerTest > testUnsupportedTLSVersion FAILED
    java.lang.AssertionError: expected:<AUTHENTICATION_FAILED> but was:<AUTHENTICATE>
        at org.junit.Assert.fail(Assert.java:89)
        at org.junit.Assert.failNotEquals(Assert.java:835)
        at org.junit.Assert.assertEquals(Assert.java:120)
        at org.junit.Assert.assertEquals(Assert.java:146)
        at org.apache.kafka.common.network.NetworkTestUtils.waitForChannelClose(NetworkTestUtils.java:111)
        at org.apache.kafka.common.network.SslTransportLayerTest.testUnsupportedTLSVersion(SslTransportLayerTest.java:536)

org.apache.kafka.clients.consumer.internals.ConsumerCoordinatorTest > testCommitOffsetSyncCallbackWithNonRetriableException[rebalance protocol = COOPERATIVE] STANDARD_OUT
    [2022-07-16 15:11:04,032] ERROR Offset commit failed on partition test1-0 at offset 100: The server experienced an unexpected error when processing the request. (org.apache.kafka.clients.consumer.internals.ConsumerCoordinator:1108)

org.apache.kafka.clients.consumer.internals.ConsumerCoordinatorTest > testCommitOffsetRebalanceInProgress[rebalance protocol = COOPERATIVE] STANDARD_OUT
    [2022-07-16 15:11:04,169] ERROR Offset commit failed on partition test1-0 at offset 100: The group is rebalancing, so a rejoin is needed. (org.apache.kafka.clients.consumer.internals.ConsumerCoordinator:1108)

Gradle Test Executor 34 finished executing tests.

> Task :clients:unitTest

org.apache.kafka.clients.consumer.internals.ConsumerCoordinatorTest > testCommitOffsetRequestSyncWithFencedInstanceIdException[rebalance protocol = COOPERATIVE] STANDARD_OUT
    [2022-07-16 15:11:04,883] ERROR Offset commit failed on partition test1-0 at offset 100: The broker rejected this static consumer since another consumer with the same group.instance.id has registered with a different member.id. (org.apache.kafka.clients.consumer.internals.ConsumerCoordinator:1108)
    [2022-07-16 15:11:04,884] ERROR Received fatal exception: group.instance.id gets fenced (org.apache.kafka.clients.consumer.internals.ConsumerCoordinator:1133)

org.apache.kafka.clients.consumer.internals.ConsumerCoordinatorTest > testConsumerRejoinAfterRebalance[rebalance protocol = COOPERATIVE] STANDARD_OUT
    [2022-07-16 15:11:05,596] ERROR Offset commit failed on partition test1-0 at offset 100: The group is rebalancing, so a rejoin is needed. (org.apache.kafka.clients.consumer.internals.ConsumerCoordinator:1108)

org.apache.kafka.clients.consumer.internals.ConsumerCoordinatorTest > testGroupReadUnauthorized[rebalance protocol = COOPERATIVE] STANDARD_OUT
    [2022-07-16 15:11:05,625] ERROR Attempt to join group failed due to fatal error: Group authorization failed. (org.apache.kafka.clients.consumer.internals.AbstractCoordinator:602)

org.apache.kafka.clients.consumer.internals.ConsumerCoordinatorTest > testCommitOffsetUnknownMemberId[rebalance protocol = COOPERATIVE] STANDARD_OUT
    [2022-07-16 15:11:05,630] ERROR Offset commit failed on partition test1-0 at offset 100: The coordinator is not aware of this member. (org.apache.kafka.clients.consumer.internals.ConsumerCoordinator:1108)

org.apache.kafka.clients.consumer.internals.ConsumerCoordinatorTest > testCommitOffsetRequestAsyncAlwaysReceiveFencedException[rebalance protocol = COOPERATIVE] STANDARD_OUT
    [2022-07-16 15:11:06,235] ERROR Offset commit failed on partition test1-0 at offset 100: The broker rejected this static consumer since another consumer with the same group.instance.id has registered with a different member.id. (org.apache.kafka.clients.consumer.internals.ConsumerCoordinator:1108)
    [2022-07-16 15:11:06,236] ERROR Received fatal exception: group.instance.id gets fenced (org.apache.kafka.clients.consumer.internals.ConsumerCoordinator:1133)

org.apache.kafka.clients.consumer.internals.ConsumerCoordinatorTest > testCommitOffsetMetadataTooLarge[rebalance protocol = COOPERATIVE] STANDARD_OUT
    [2022-07-16 15:11:06,249] ERROR Offset commit failed on partition test1-0 at offset 100: The metadata field of the offset request was too large. (org.apache.kafka.clients.consumer.internals.ConsumerCoordinator:1108)

org.apache.kafka.clients.consumer.internals.ConsumerCoordinatorTest > testCommitOffsetRequestAsyncWithFencedInstanceIdException[rebalance protocol = COOPERATIVE] STANDARD_OUT
    [2022-07-16 15:11:06,383] ERROR Offset commit failed on partition test1-0 at offset 100: The broker rejected this static consumer since another consumer with the same group.instance.id has registered with a different member.id. (org.apache.kafka.clients.consumer.internals.ConsumerCoordinator:1108)
    [2022-07-16 15:11:06,384] ERROR Received fatal exception: group.instance.id gets fenced (org.apache.kafka.clients.consumer.internals.ConsumerCoordinator:1133)

org.apache.kafka.clients.consumer.internals.ConsumerCoordinatorTest > testJoinGroupInvalidGroupId[rebalance protocol = COOPERATIVE] STANDARD_OUT
    [2022-07-16 15:11:06,389] ERROR Attempt to join group failed due to fatal error: The configured groupId is invalid. (org.apache.kafka.clients.consumer.internals.AbstractCoordinator:602)

org.apache.kafka.clients.consumer.internals.ConsumerCoordinatorTest > testCommitOffsetIllegalGeneration[rebalance protocol = COOPERATIVE] STANDARD_OUT
    [2022-07-16 15:11:06,391] ERROR Offset commit failed on partition test1-0 at offset 100: Specified group generation id is not valid. (org.apache.kafka.clients.consumer.internals.ConsumerCoordinator:1108)

Gradle Test Executor 40 finished executing tests.

> Task :clients:unitTest

org.apache.kafka.common.security.authenticator.SaslAuthenticatorTest > testValidSaslOauthBearerMechanismWithoutServerTokens STANDARD_OUT
    [2022-07-16 15:11:07,485] ERROR Extensions provided in login context without a token (org.apache.kafka.common.security.oauthbearer.OAuthBearerLoginModule:318)
    java.io.IOException: Extensions provided in login context without a token
    	at org.apache.kafka.common.security.oauthbearer.internals.unsecured.OAuthBearerUnsecuredLoginCallbackHandler.handle(OAuthBearerUnsecuredLoginCallbackHandler.java:164)
    	at org.apache.kafka.common.security.oauthbearer.OAuthBearerLoginModule.identifyToken(OAuthBearerLoginModule.java:316)
    	at org.apache.kafka.common.security.oauthbearer.OAuthBearerLoginModule.login(OAuthBearerLoginModule.java:301)
    	at sun.reflect.NativeMethodAccessorImpl.invoke0(Native Method)
    	at sun.reflect.NativeMethodAccessorImpl.invoke(NativeMethodAccessorImpl.java:62)
    	at sun.reflect.DelegatingMethodAccessorImpl.invoke(DelegatingMethodAccessorImpl.java:43)
    	at java.lang.reflect.Method.invoke(Method.java:498)
    	at javax.security.auth.login.LoginContext.invoke(LoginContext.java:755)
    	at javax.security.auth.login.LoginContext.access$000(LoginContext.java:195)
    	at javax.security.auth.login.LoginContext$4.run(LoginContext.java:682)
    	at javax.security.auth.login.LoginContext$4.run(LoginContext.java:680)
    	at java.security.AccessController.doPrivileged(Native Method)
    	at javax.security.auth.login.LoginContext.invokePriv(LoginContext.java:680)
    	at javax.security.auth.login.LoginContext.login(LoginContext.java:587)
    	at org.apache.kafka.common.security.authenticator.AbstractLogin.login(AbstractLogin.java:60)
    	at org.apache.kafka.common.security.authenticator.LoginManager.<init>(LoginManager.java:62)
    	at org.apache.kafka.common.security.authenticator.LoginManager.acquireLoginManager(LoginManager.java:105)
    	at org.apache.kafka.common.network.SaslChannelBuilder.configure(SaslChannelBuilder.java:147)
    	at org.apache.kafka.common.network.ChannelBuilders.create(ChannelBuilders.java:146)
    	at org.apache.kafka.common.network.ChannelBuilders.serverChannelBuilder(ChannelBuilders.java:85)
    	at org.apache.kafka.common.network.NioEchoServer.<init>(NioEchoServer.java:121)
    	at org.apache.kafka.common.network.NioEchoServer.<init>(NioEchoServer.java:97)
    	at org.apache.kafka.common.network.NetworkTestUtils.createEchoServer(NetworkTestUtils.java:49)
    	at org.apache.kafka.common.network.NetworkTestUtils.createEchoServer(NetworkTestUtils.java:43)
    	at org.apache.kafka.common.security.authenticator.SaslAuthenticatorTest.createEchoServer(SaslAuthenticatorTest.java:1939)
    	at org.apache.kafka.common.security.authenticator.SaslAuthenticatorTest.createEchoServer(SaslAuthenticatorTest.java:1935)
    	at org.apache.kafka.common.security.authenticator.SaslAuthenticatorTest.testValidSaslOauthBearerMechanismWithoutServerTokens(SaslAuthenticatorTest.java:1664)
    	at sun.reflect.NativeMethodAccessorImpl.invoke0(Native Method)
    	at sun.reflect.NativeMethodAccessorImpl.invoke(NativeMethodAccessorImpl.java:62)
    	at sun.reflect.DelegatingMethodAccessorImpl.invoke(DelegatingMethodAccessorImpl.java:43)
    	at java.lang.reflect.Method.invoke(Method.java:498)
    	at org.junit.runners.model.FrameworkMethod$1.runReflectiveCall(FrameworkMethod.java:59)
    	at org.junit.internal.runners.model.ReflectiveCallable.run(ReflectiveCallable.java:12)
    	at org.junit.runners.model.FrameworkMethod.invokeExplosively(FrameworkMethod.java:56)
    	at org.junit.internal.runners.statements.InvokeMethod.evaluate(InvokeMethod.java:17)
    	at org.junit.internal.runners.statements.RunBefores.evaluate(RunBefores.java:26)
    	at org.junit.internal.runners.statements.RunAfters.evaluate(RunAfters.java:27)
    	at org.junit.runners.ParentRunner$3.evaluate(ParentRunner.java:305)
    	at org.junit.runners.BlockJUnit4ClassRunner$1.evaluate(BlockJUnit4ClassRunner.java:100)
    	at org.junit.runners.ParentRunner.runLeaf(ParentRunner.java:365)
    	at org.junit.runners.BlockJUnit4ClassRunner.runChild(BlockJUnit4ClassRunner.java:103)
    	at org.junit.runners.BlockJUnit4ClassRunner.runChild(BlockJUnit4ClassRunner.java:63)
    	at org.junit.runners.ParentRunner$4.run(ParentRunner.java:330)
    	at org.junit.runners.ParentRunner$1.schedule(ParentRunner.java:78)
    	at org.junit.runners.ParentRunner.runChildren(ParentRunner.java:328)
    	at org.junit.runners.ParentRunner.access$100(ParentRunner.java:65)
    	at org.junit.runners.ParentRunner$2.evaluate(ParentRunner.java:292)
    	at org.junit.runners.ParentRunner$3.evaluate(ParentRunner.java:305)
    	at org.junit.runners.ParentRunner.run(ParentRunner.java:412)
    	at org.gradle.api.internal.tasks.testing.junit.JUnitTestClassExecutor.runTestClass(JUnitTestClassExecutor.java:110)
    	at org.gradle.api.internal.tasks.testing.junit.JUnitTestClassExecutor.execute(JUnitTestClassExecutor.java:58)
    	at org.gradle.api.internal.tasks.testing.junit.JUnitTestClassExecutor.execute(JUnitTestClassExecutor.java:38)
    	at org.gradle.api.internal.tasks.testing.junit.AbstractJUnitTestClassProcessor.processTestClass(AbstractJUnitTestClassProcessor.java:62)
    	at org.gradle.api.internal.tasks.testing.SuiteTestClassProcessor.processTestClass(SuiteTestClassProcessor.java:51)
    	at sun.reflect.NativeMethodAccessorImpl.invoke0(Native Method)
    	at sun.reflect.NativeMethodAccessorImpl.invoke(NativeMethodAccessorImpl.java:62)
    	at sun.reflect.DelegatingMethodAccessorImpl.invoke(DelegatingMethodAccessorImpl.java:43)
    	at java.lang.reflect.Method.invoke(Method.java:498)
    	at org.gradle.internal.dispatch.ReflectionDispatch.dispatch(ReflectionDispatch.java:36)
    	at org.gradle.internal.dispatch.ReflectionDispatch.dispatch(ReflectionDispatch.java:24)
    	at org.gradle.internal.dispatch.ContextClassLoaderDispatch.dispatch(ContextClassLoaderDispatch.java:33)
    	at org.gradle.internal.dispatch.ProxyDispatchAdapter$DispatchingInvocationHandler.invoke(ProxyDispatchAdapter.java:94)
    	at com.sun.proxy.$Proxy2.processTestClass(Unknown Source)
    	at org.gradle.api.internal.tasks.testing.worker.TestWorker.processTestClass(TestWorker.java:118)
    	at sun.reflect.NativeMethodAccessorImpl.invoke0(Native Method)
    	at sun.reflect.NativeMethodAccessorImpl.invoke(NativeMethodAccessorImpl.java:62)
    	at sun.reflect.DelegatingMethodAccessorImpl.invoke(DelegatingMethodAccessorImpl.java:43)
    	at java.lang.reflect.Method.invoke(Method.java:498)
    	at org.gradle.internal.dispatch.ReflectionDispatch.dispatch(ReflectionDispatch.java:36)
    	at org.gradle.internal.dispatch.ReflectionDispatch.dispatch(ReflectionDispatch.java:24)
    	at org.gradle.internal.remote.internal.hub.MessageHubBackedObjectConnection$DispatchWrapper.dispatch(MessageHubBackedObjectConnection.java:182)
    	at org.gradle.internal.remote.internal.hub.MessageHubBackedObjectConnection$DispatchWrapper.dispatch(MessageHubBackedObjectConnection.java:164)
    	at org.gradle.internal.remote.internal.hub.MessageHub$Handler.run(MessageHub.java:412)
    	at org.gradle.internal.concurrent.ExecutorPolicy$CatchAndRecordFailures.onExecute(ExecutorPolicy.java:64)
    	at org.gradle.internal.concurrent.ManagedExecutorImpl$1.run(ManagedExecutorImpl.java:48)
    	at java.util.concurrent.ThreadPoolExecutor.runWorker(ThreadPoolExecutor.java:1149)
    	at java.util.concurrent.ThreadPoolExecutor$Worker.run(ThreadPoolExecutor.java:624)
    	at org.gradle.internal.concurrent.ThreadFactoryImpl$ManagedThreadRunnable.run(ThreadFactoryImpl.java:56)
    	at java.lang.Thread.run(Thread.java:748)
    Caused by: org.apache.kafka.common.security.oauthbearer.internals.unsecured.OAuthBearerConfigException: Extensions provided in login context without a token
    	at org.apache.kafka.common.security.oauthbearer.internals.unsecured.OAuthBearerUnsecuredLoginCallbackHandler.handleTokenCallback(OAuthBearerUnsecuredLoginCallbackHandler.java:191)
    	at org.apache.kafka.common.security.oauthbearer.internals.unsecured.OAuthBearerUnsecuredLoginCallbackHandler.handle(OAuthBearerUnsecuredLoginCallbackHandler.java:162)
    	... 78 more

org.apache.kafka.clients.producer.internals.SenderTest > testCancelInFlightRequestAfterFatalError STANDARD_OUT
    [2022-07-16 15:11:09,662] ERROR Aborting producer batches due to fatal error (org.apache.kafka.clients.producer.internals.Sender:486)
    org.apache.kafka.common.errors.ClusterAuthorizationException: The producer is not authorized to do idempotent sends

org.apache.kafka.clients.producer.KafkaProducerTest > testCloseWhenWaitingForMetadataUpdate STANDARD_OUT
    [2022-07-16 15:11:10,136] ERROR [Producer clientId=producer-6] Uncaught error in kafka producer I/O thread:  (org.apache.kafka.clients.producer.internals.Sender:246)
    java.lang.IllegalStateException: No previous metadata update to use
    	at org.apache.kafka.clients.MockClient$DefaultMockMetadataUpdater.updateWithCurrentMetadata(MockClient.java:625)
    	at org.apache.kafka.clients.MockClient.poll(MockClient.java:287)
    	at org.apache.kafka.clients.producer.internals.Sender.runOnce(Sender.java:335)
    	at org.apache.kafka.clients.producer.internals.Sender.run(Sender.java:244)
    	at java.lang.Thread.run(Thread.java:748)

org.apache.kafka.clients.producer.KafkaProducerTest > testTopicRefreshInMetadata STANDARD_OUT
    [2022-07-16 15:11:10,333] ERROR [Producer clientId=producer-8] Uncaught error in kafka producer I/O thread:  (org.apache.kafka.clients.producer.internals.Sender:246)
    java.lang.IllegalStateException: No previous metadata update to use
    	at org.apache.kafka.clients.MockClient$DefaultMockMetadataUpdater.updateWithCurrentMetadata(MockClient.java:625)
    	at org.apache.kafka.clients.MockClient.poll(MockClient.java:287)
    	at org.apache.kafka.clients.producer.internals.Sender.runOnce(Sender.java:335)
    	at org.apache.kafka.clients.producer.internals.Sender.run(Sender.java:244)
    	at java.lang.Thread.run(Thread.java:748)
    [2022-07-16 15:11:10,336] ERROR [Producer clientId=producer-8] Uncaught error in kafka producer I/O thread:  (org.apache.kafka.clients.producer.internals.Sender:246)
    java.lang.IllegalStateException: No previous metadata update to use
    	at org.apache.kafka.clients.MockClient$DefaultMockMetadataUpdater.updateWithCurrentMetadata(MockClient.java:625)
    	at org.apache.kafka.clients.MockClient.poll(MockClient.java:287)
    	at org.apache.kafka.clients.producer.internals.Sender.runOnce(Sender.java:335)
    	at org.apache.kafka.clients.producer.internals.Sender.run(Sender.java:244)
    	at java.lang.Thread.run(Thread.java:748)
    [2022-07-16 15:11:10,338] ERROR [Producer clientId=producer-8] Uncaught error in kafka producer I/O thread:  (org.apache.kafka.clients.producer.internals.Sender:246)
    java.lang.IllegalStateException: No previous metadata update to use
    	at org.apache.kafka.clients.MockClient$DefaultMockMetadataUpdater.updateWithCurrentMetadata(MockClient.java:625)
    	at org.apache.kafka.clients.MockClient.poll(MockClient.java:287)
    	at org.apache.kafka.clients.producer.internals.Sender.runOnce(Sender.java:335)
    	at org.apache.kafka.clients.producer.internals.Sender.run(Sender.java:244)
    	at java.lang.Thread.run(Thread.java:748)

org.apache.kafka.clients.producer.internals.SenderTest > testExpiryOfFirstBatchShouldCauseResetIfFutureBatchesFail STANDARD_OUT
    [2022-07-16 15:11:10,447] ERROR The broker returned org.apache.kafka.common.errors.OutOfOrderSequenceException: The broker received an out of order sequence number. for topic-partition test-0 with producerId 343434, epoch 0, and sequence number 1 (org.apache.kafka.clients.producer.internals.TransactionManager:608)

org.apache.kafka.clients.producer.internals.SenderTest > testClusterAuthorizationExceptionInProduceRequest STANDARD_OUT
    [2022-07-16 15:11:10,486] ERROR Aborting producer batches due to fatal error (org.apache.kafka.clients.producer.internals.Sender:486)
    org.apache.kafka.common.errors.ClusterAuthorizationException: The producer is not authorized to do idempotent sends

org.apache.kafka.clients.producer.KafkaProducerTest > shouldCloseProperlyAndThrowIfInterrupted STANDARD_OUT
    [2022-07-16 15:11:10,487] ERROR [Producer clientId=producer-9] Interrupted while joining ioThread (org.apache.kafka.clients.producer.KafkaProducer:1202)
    java.lang.InterruptedException
    	at java.lang.Object.wait(Native Method)
    	at java.lang.Thread.join(Thread.java:1260)
    	at org.apache.kafka.clients.producer.KafkaProducer.close(KafkaProducer.java:1199)
    	at org.apache.kafka.clients.producer.KafkaProducer.close(KafkaProducer.java:1176)
    	at org.apache.kafka.clients.producer.KafkaProducer.close(KafkaProducer.java:1154)
    	at org.apache.kafka.clients.producer.KafkaProducerTest.lambda$shouldCloseProperlyAndThrowIfInterrupted$0(KafkaProducerTest.java:264)
    	at java.util.concurrent.Executors$RunnableAdapter.call(Executors.java:511)
    	at java.util.concurrent.FutureTask.run(FutureTask.java:266)
    	at java.util.concurrent.ThreadPoolExecutor.runWorker(ThreadPoolExecutor.java:1149)
    	at java.util.concurrent.ThreadPoolExecutor$Worker.run(ThreadPoolExecutor.java:624)
    	at java.lang.Thread.run(Thread.java:748)

org.apache.kafka.clients.producer.internals.SenderTest > testBatchesDrainedWithOldProducerIdShouldFailWithOutOfOrderSequenceOnSubsequentRetry STANDARD_OUT
    [2022-07-16 15:11:10,496] ERROR The broker returned org.apache.kafka.common.errors.OutOfOrderSequenceException: The broker received an out of order sequence number. for topic-partition test-0 with producerId 343434, epoch 0, and sequence number 0 (org.apache.kafka.clients.producer.internals.TransactionManager:608)

org.apache.kafka.clients.producer.internals.SenderTest > testCloseWithProducerIdReset STANDARD_OUT
    [2022-07-16 15:11:10,502] ERROR The broker returned org.apache.kafka.common.errors.OutOfOrderSequenceException: The broker received an out of order sequence number. for topic-partition test-0 with producerId 343434, epoch 0, and sequence number 0 (org.apache.kafka.clients.producer.internals.TransactionManager:608)

org.apache.kafka.clients.producer.internals.SenderTest > testShouldRaiseOutOfOrderSequenceExceptionToUserIfLogWasNotTruncated STANDARD_OUT
    [2022-07-16 15:11:10,509] ERROR The broker returned org.apache.kafka.common.errors.UnknownProducerIdException: This exception is raised by the broker if it could not locate the producer metadata associated with the producerId in question. This could happen if, for instance, the producer's records were deleted because their retention time had elapsed. Once the last records of the producerId are removed, the producer's metadata is removed from the broker, and future appends by the producer will return this exception. for topic-partition test-0 with producerId 343434, epoch 0, and sequence number 1 (org.apache.kafka.clients.producer.internals.TransactionManager:608)

org.apache.kafka.clients.producer.internals.SenderTest > testForceCloseWithProducerIdReset STANDARD_OUT
    [2022-07-16 15:11:10,516] ERROR The broker returned org.apache.kafka.common.errors.OutOfOrderSequenceException: The broker received an out of order sequence number. for topic-partition test-0 with producerId 1, epoch 0, and sequence number 0 (org.apache.kafka.clients.producer.internals.TransactionManager:608)

org.apache.kafka.clients.producer.internals.SenderTest > testResetWhenOutOfOrderSequenceReceived STANDARD_OUT
    [2022-07-16 15:11:10,522] ERROR The broker returned org.apache.kafka.common.errors.OutOfOrderSequenceException: The broker received an out of order sequence number. for topic-partition test-0 with producerId 343434, epoch 0, and sequence number 0 (org.apache.kafka.clients.producer.internals.TransactionManager:608)

org.apache.kafka.clients.producer.internals.SenderTest > testMustNotRetryOutOfOrderSequenceForNextBatch STANDARD_OUT
    [2022-07-16 15:11:10,531] ERROR The broker returned org.apache.kafka.common.errors.OutOfOrderSequenceException: The broker received an out of order sequence number. for topic-partition test-0 with producerId 343434, epoch 0, and sequence number 2 (org.apache.kafka.clients.producer.internals.TransactionManager:608)

org.apache.kafka.clients.producer.internals.SenderTest > testResetOfProducerStateShouldAllowQueuedBatchesToDrain STANDARD_OUT
    [2022-07-16 15:11:10,536] ERROR The broker returned org.apache.kafka.common.errors.OutOfOrderSequenceException: The broker received an out of order sequence number. for topic-partition test-0 with producerId 343434, epoch 0, and sequence number 0 (org.apache.kafka.clients.producer.internals.TransactionManager:608)

org.apache.kafka.clients.producer.internals.SenderTest > testClusterAuthorizationExceptionInInitProducerIdRequest STANDARD_OUT
    [2022-07-16 15:11:10,543] ERROR Aborting producer batches due to fatal error (org.apache.kafka.clients.producer.internals.Sender:486)
    org.apache.kafka.common.errors.ClusterAuthorizationException: Cluster authorization failed.

org.apache.kafka.clients.producer.internals.SenderTest > testUnsupportedVersionInProduceRequest STANDARD_OUT
    [2022-07-16 15:11:10,546] ERROR Aborting producer batches due to fatal error (org.apache.kafka.clients.producer.internals.Sender:486)
    org.apache.kafka.common.errors.UnsupportedVersionException: The version of API is not supported.

org.apache.kafka.clients.producer.KafkaProducerTest > testSendToInvalidTopic STANDARD_OUT
    [2022-07-16 15:11:10,782] ERROR Metadata response reported invalid topics [topic abc] (org.apache.kafka.clients.Metadata:276)

Gradle Test Executor 35 finished executing tests.
Gradle Test Executor 26 finished executing tests.

> Task :clients:unitTest

org.apache.kafka.common.network.SslTransportLayerTest > testServerTruststoreDynamicUpdate STANDARD_OUT
    [2022-07-16 15:11:51,175] ERROR Modification time of key store could not be obtained: some.truststore.path (org.apache.kafka.common.security.ssl.SslEngineBuilder:300)
    java.nio.file.NoSuchFileException: some.truststore.path
    	at sun.nio.fs.UnixException.translateToIOException(UnixException.java:86)
    	at sun.nio.fs.UnixException.rethrowAsIOException(UnixException.java:102)
    	at sun.nio.fs.UnixException.rethrowAsIOException(UnixException.java:107)
    	at sun.nio.fs.UnixFileAttributeViews$Basic.readAttributes(UnixFileAttributeViews.java:55)
    	at sun.nio.fs.UnixFileSystemProvider.readAttributes(UnixFileSystemProvider.java:144)
    	at sun.nio.fs.LinuxFileSystemProvider.readAttributes(LinuxFileSystemProvider.java:99)
    	at java.nio.file.Files.readAttributes(Files.java:1737)
    	at java.nio.file.Files.getLastModifiedTime(Files.java:2266)
    	at org.apache.kafka.common.security.ssl.SslEngineBuilder$SecurityStore.lastModifiedMs(SslEngineBuilder.java:298)
    	at org.apache.kafka.common.security.ssl.SslEngineBuilder$SecurityStore.<init>(SslEngineBuilder.java:275)
    	at org.apache.kafka.common.security.ssl.SslEngineBuilder.createTruststore(SslEngineBuilder.java:182)
    	at org.apache.kafka.common.security.ssl.SslEngineBuilder.<init>(SslEngineBuilder.java:100)
    	at org.apache.kafka.common.security.ssl.SslFactory.createNewSslEngineBuilder(SslFactory.java:140)
    	at org.apache.kafka.common.security.ssl.SslFactory.validateReconfiguration(SslFactory.java:114)
    	at org.apache.kafka.common.network.SslChannelBuilder.validateReconfiguration(SslChannelBuilder.java:82)
    	at org.apache.kafka.common.network.SslTransportLayerTest.verifyInvalidReconfigure(SslTransportLayerTest.java:1052)
    	at org.apache.kafka.common.network.SslTransportLayerTest.testServerTruststoreDynamicUpdate(SslTransportLayerTest.java:1042)
    	at sun.reflect.NativeMethodAccessorImpl.invoke0(Native Method)
    	at sun.reflect.NativeMethodAccessorImpl.invoke(NativeMethodAccessorImpl.java:62)
    	at sun.reflect.DelegatingMethodAccessorImpl.invoke(DelegatingMethodAccessorImpl.java:43)
    	at java.lang.reflect.Method.invoke(Method.java:498)
    	at org.junit.runners.model.FrameworkMethod$1.runReflectiveCall(FrameworkMethod.java:59)
    	at org.junit.internal.runners.model.ReflectiveCallable.run(ReflectiveCallable.java:12)
    	at org.junit.runners.model.FrameworkMethod.invokeExplosively(FrameworkMethod.java:56)
    	at org.junit.internal.runners.statements.InvokeMethod.evaluate(InvokeMethod.java:17)
    	at org.junit.internal.runners.statements.RunBefores.evaluate(RunBefores.java:26)
    	at org.junit.internal.runners.statements.RunAfters.evaluate(RunAfters.java:27)
    	at org.junit.runners.ParentRunner$3.evaluate(ParentRunner.java:305)
    	at org.junit.runners.BlockJUnit4ClassRunner$1.evaluate(BlockJUnit4ClassRunner.java:100)
    	at org.junit.runners.ParentRunner.runLeaf(ParentRunner.java:365)
    	at org.junit.runners.BlockJUnit4ClassRunner.runChild(BlockJUnit4ClassRunner.java:103)
    	at org.junit.runners.BlockJUnit4ClassRunner.runChild(BlockJUnit4ClassRunner.java:63)
    	at org.junit.runners.ParentRunner$4.run(ParentRunner.java:330)
    	at org.junit.runners.ParentRunner$1.schedule(ParentRunner.java:78)
    	at org.junit.runners.ParentRunner.runChildren(ParentRunner.java:328)
    	at org.junit.runners.ParentRunner.access$100(ParentRunner.java:65)
    	at org.junit.runners.ParentRunner$2.evaluate(ParentRunner.java:292)
    	at org.junit.runners.ParentRunner$3.evaluate(ParentRunner.java:305)
    	at org.junit.runners.ParentRunner.run(ParentRunner.java:412)
    	at org.gradle.api.internal.tasks.testing.junit.JUnitTestClassExecutor.runTestClass(JUnitTestClassExecutor.java:110)
    	at org.gradle.api.internal.tasks.testing.junit.JUnitTestClassExecutor.execute(JUnitTestClassExecutor.java:58)
    	at org.gradle.api.internal.tasks.testing.junit.JUnitTestClassExecutor.execute(JUnitTestClassExecutor.java:38)
    	at org.gradle.api.internal.tasks.testing.junit.AbstractJUnitTestClassProcessor.processTestClass(AbstractJUnitTestClassProcessor.java:62)
    	at org.gradle.api.internal.tasks.testing.SuiteTestClassProcessor.processTestClass(SuiteTestClassProcessor.java:51)
    	at sun.reflect.NativeMethodAccessorImpl.invoke0(Native Method)
    	at sun.reflect.NativeMethodAccessorImpl.invoke(NativeMethodAccessorImpl.java:62)
    	at sun.reflect.DelegatingMethodAccessorImpl.invoke(DelegatingMethodAccessorImpl.java:43)
    	at java.lang.reflect.Method.invoke(Method.java:498)
    	at org.gradle.internal.dispatch.ReflectionDispatch.dispatch(ReflectionDispatch.java:36)
    	at org.gradle.internal.dispatch.ReflectionDispatch.dispatch(ReflectionDispatch.java:24)
    	at org.gradle.internal.dispatch.ContextClassLoaderDispatch.dispatch(ContextClassLoaderDispatch.java:33)
    	at org.gradle.internal.dispatch.ProxyDispatchAdapter$DispatchingInvocationHandler.invoke(ProxyDispatchAdapter.java:94)
    	at com.sun.proxy.$Proxy2.processTestClass(Unknown Source)
    	at org.gradle.api.internal.tasks.testing.worker.TestWorker.processTestClass(TestWorker.java:118)
    	at sun.reflect.NativeMethodAccessorImpl.invoke0(Native Method)
    	at sun.reflect.NativeMethodAccessorImpl.invoke(NativeMethodAccessorImpl.java:62)
    	at sun.reflect.DelegatingMethodAccessorImpl.invoke(DelegatingMethodAccessorImpl.java:43)
    	at java.lang.reflect.Method.invoke(Method.java:498)
    	at org.gradle.internal.dispatch.ReflectionDispatch.dispatch(ReflectionDispatch.java:36)
    	at org.gradle.internal.dispatch.ReflectionDispatch.dispatch(ReflectionDispatch.java:24)
    	at org.gradle.internal.remote.internal.hub.MessageHubBackedObjectConnection$DispatchWrapper.dispatch(MessageHubBackedObjectConnection.java:182)
    	at org.gradle.internal.remote.internal.hub.MessageHubBackedObjectConnection$DispatchWrapper.dispatch(MessageHubBackedObjectConnection.java:164)
    	at org.gradle.internal.remote.internal.hub.MessageHub$Handler.run(MessageHub.java:412)
    	at org.gradle.internal.concurrent.ExecutorPolicy$CatchAndRecordFailures.onExecute(ExecutorPolicy.java:64)
    	at org.gradle.internal.concurrent.ManagedExecutorImpl$1.run(ManagedExecutorImpl.java:48)
    	at java.util.concurrent.ThreadPoolExecutor.runWorker(ThreadPoolExecutor.java:1149)
    	at java.util.concurrent.ThreadPoolExecutor$Worker.run(ThreadPoolExecutor.java:624)
    	at org.gradle.internal.concurrent.ThreadFactoryImpl$ManagedThreadRunnable.run(ThreadFactoryImpl.java:56)
    	at java.lang.Thread.run(Thread.java:748)
    [2022-07-16 15:11:51,186] ERROR Modification time of key store could not be obtained: some.truststore.path (org.apache.kafka.common.security.ssl.SslEngineBuilder:300)
    java.nio.file.NoSuchFileException: some.truststore.path
    	at sun.nio.fs.UnixException.translateToIOException(UnixException.java:86)
    	at sun.nio.fs.UnixException.rethrowAsIOException(UnixException.java:102)
    	at sun.nio.fs.UnixException.rethrowAsIOException(UnixException.java:107)
    	at sun.nio.fs.UnixFileAttributeViews$Basic.readAttributes(UnixFileAttributeViews.java:55)
    	at sun.nio.fs.UnixFileSystemProvider.readAttributes(UnixFileSystemProvider.java:144)
    	at sun.nio.fs.LinuxFileSystemProvider.readAttributes(LinuxFileSystemProvider.java:99)
    	at java.nio.file.Files.readAttributes(Files.java:1737)
    	at java.nio.file.Files.getLastModifiedTime(Files.java:2266)
    	at org.apache.kafka.common.security.ssl.SslEngineBuilder$SecurityStore.lastModifiedMs(SslEngineBuilder.java:298)
    	at org.apache.kafka.common.security.ssl.SslEngineBuilder$SecurityStore.<init>(SslEngineBuilder.java:275)
    	at org.apache.kafka.common.security.ssl.SslEngineBuilder.createTruststore(SslEngineBuilder.java:182)
    	at org.apache.kafka.common.security.ssl.SslEngineBuilder.<init>(SslEngineBuilder.java:100)
    	at org.apache.kafka.common.security.ssl.SslFactory.createNewSslEngineBuilder(SslFactory.java:140)
    	at org.apache.kafka.common.security.ssl.SslFactory.reconfigure(SslFactory.java:119)
    	at org.apache.kafka.common.network.SslChannelBuilder.reconfigure(SslChannelBuilder.java:87)
    	at org.apache.kafka.common.network.SslTransportLayerTest.verifyInvalidReconfigure(SslTransportLayerTest.java:1058)
    	at org.apache.kafka.common.network.SslTransportLayerTest.testServerTruststoreDynamicUpdate(SslTransportLayerTest.java:1042)
    	at sun.reflect.NativeMethodAccessorImpl.invoke0(Native Method)
    	at sun.reflect.NativeMethodAccessorImpl.invoke(NativeMethodAccessorImpl.java:62)
    	at sun.reflect.DelegatingMethodAccessorImpl.invoke(DelegatingMethodAccessorImpl.java:43)
    	at java.lang.reflect.Method.invoke(Method.java:498)
    	at org.junit.runners.model.FrameworkMethod$1.runReflectiveCall(FrameworkMethod.java:59)
    	at org.junit.internal.runners.model.ReflectiveCallable.run(ReflectiveCallable.java:12)
    	at org.junit.runners.model.FrameworkMethod.invokeExplosively(FrameworkMethod.java:56)
    	at org.junit.internal.runners.statements.InvokeMethod.evaluate(InvokeMethod.java:17)
    	at org.junit.internal.runners.statements.RunBefores.evaluate(RunBefores.java:26)
    	at org.junit.internal.runners.statements.RunAfters.evaluate(RunAfters.java:27)
    	at org.junit.runners.ParentRunner$3.evaluate(ParentRunner.java:305)
    	at org.junit.runners.BlockJUnit4ClassRunner$1.evaluate(BlockJUnit4ClassRunner.java:100)
    	at org.junit.runners.ParentRunner.runLeaf(ParentRunner.java:365)
    	at org.junit.runners.BlockJUnit4ClassRunner.runChild(BlockJUnit4ClassRunner.java:103)
    	at org.junit.runners.BlockJUnit4ClassRunner.runChild(BlockJUnit4ClassRunner.java:63)
    	at org.junit.runners.ParentRunner$4.run(ParentRunner.java:330)
    	at org.junit.runners.ParentRunner$1.schedule(ParentRunner.java:78)
    	at org.junit.runners.ParentRunner.runChildren(ParentRunner.java:328)
    	at org.junit.runners.ParentRunner.access$100(ParentRunner.java:65)
    	at org.junit.runners.ParentRunner$2.evaluate(ParentRunner.java:292)
    	at org.junit.runners.ParentRunner$3.evaluate(ParentRunner.java:305)
    	at org.junit.runners.ParentRunner.run(ParentRunner.java:412)
    	at org.gradle.api.internal.tasks.testing.junit.JUnitTestClassExecutor.runTestClass(JUnitTestClassExecutor.java:110)
    	at org.gradle.api.internal.tasks.testing.junit.JUnitTestClassExecutor.execute(JUnitTestClassExecutor.java:58)
    	at org.gradle.api.internal.tasks.testing.junit.JUnitTestClassExecutor.execute(JUnitTestClassExecutor.java:38)
    	at org.gradle.api.internal.tasks.testing.junit.AbstractJUnitTestClassProcessor.processTestClass(AbstractJUnitTestClassProcessor.java:62)
    	at org.gradle.api.internal.tasks.testing.SuiteTestClassProcessor.processTestClass(SuiteTestClassProcessor.java:51)
    	at sun.reflect.NativeMethodAccessorImpl.invoke0(Native Method)
    	at sun.reflect.NativeMethodAccessorImpl.invoke(NativeMethodAccessorImpl.java:62)
    	at sun.reflect.DelegatingMethodAccessorImpl.invoke(DelegatingMethodAccessorImpl.java:43)
    	at java.lang.reflect.Method.invoke(Method.java:498)
    	at org.gradle.internal.dispatch.ReflectionDispatch.dispatch(ReflectionDispatch.java:36)
    	at org.gradle.internal.dispatch.ReflectionDispatch.dispatch(ReflectionDispatch.java:24)
    	at org.gradle.internal.dispatch.ContextClassLoaderDispatch.dispatch(ContextClassLoaderDispatch.java:33)
    	at org.gradle.internal.dispatch.ProxyDispatchAdapter$DispatchingInvocationHandler.invoke(ProxyDispatchAdapter.java:94)
    	at com.sun.proxy.$Proxy2.processTestClass(Unknown Source)
    	at org.gradle.api.internal.tasks.testing.worker.TestWorker.processTestClass(TestWorker.java:118)
    	at sun.reflect.NativeMethodAccessorImpl.invoke0(Native Method)
    	at sun.reflect.NativeMethodAccessorImpl.invoke(NativeMethodAccessorImpl.java:62)
    	at sun.reflect.DelegatingMethodAccessorImpl.invoke(DelegatingMethodAccessorImpl.java:43)
    	at java.lang.reflect.Method.invoke(Method.java:498)
    	at org.gradle.internal.dispatch.ReflectionDispatch.dispatch(ReflectionDispatch.java:36)
    	at org.gradle.internal.dispatch.ReflectionDispatch.dispatch(ReflectionDispatch.java:24)
    	at org.gradle.internal.remote.internal.hub.MessageHubBackedObjectConnection$DispatchWrapper.dispatch(MessageHubBackedObjectConnection.java:182)
    	at org.gradle.internal.remote.internal.hub.MessageHubBackedObjectConnection$DispatchWrapper.dispatch(MessageHubBackedObjectConnection.java:164)
    	at org.gradle.internal.remote.internal.hub.MessageHub$Handler.run(MessageHub.java:412)
    	at org.gradle.internal.concurrent.ExecutorPolicy$CatchAndRecordFailures.onExecute(ExecutorPolicy.java:64)
    	at org.gradle.internal.concurrent.ManagedExecutorImpl$1.run(ManagedExecutorImpl.java:48)
    	at java.util.concurrent.ThreadPoolExecutor.runWorker(ThreadPoolExecutor.java:1149)
    	at java.util.concurrent.ThreadPoolExecutor$Worker.run(ThreadPoolExecutor.java:624)
    	at org.gradle.internal.concurrent.ThreadFactoryImpl$ManagedThreadRunnable.run(ThreadFactoryImpl.java:56)
    	at java.lang.Thread.run(Thread.java:748)

org.apache.kafka.common.network.SslSelectorTest > testCantSendWithInProgress STANDARD_OUT
    [2022-07-16 15:11:56,918] ERROR Unexpected exception during send, closing connection 0 and rethrowing exception {} (org.apache.kafka.common.network.Selector:403)
    java.lang.IllegalStateException: Attempt to begin a send operation with prior send operation still in progress, connection id is 0
    	at org.apache.kafka.common.network.KafkaChannel.setSend(KafkaChannel.java:373)
    	at org.apache.kafka.common.network.Selector.send(Selector.java:395)
    	at org.apache.kafka.common.network.SelectorTest.testCantSendWithInProgress(SelectorTest.java:153)
    	at sun.reflect.NativeMethodAccessorImpl.invoke0(Native Method)
    	at sun.reflect.NativeMethodAccessorImpl.invoke(NativeMethodAccessorImpl.java:62)
    	at sun.reflect.DelegatingMethodAccessorImpl.invoke(DelegatingMethodAccessorImpl.java:43)
    	at java.lang.reflect.Method.invoke(Method.java:498)
    	at org.junit.runners.model.FrameworkMethod$1.runReflectiveCall(FrameworkMethod.java:59)
    	at org.junit.internal.runners.model.ReflectiveCallable.run(ReflectiveCallable.java:12)
    	at org.junit.runners.model.FrameworkMethod.invokeExplosively(FrameworkMethod.java:56)
    	at org.junit.internal.runners.statements.InvokeMethod.evaluate(InvokeMethod.java:17)
    	at org.junit.internal.runners.statements.RunBefores.evaluate(RunBefores.java:26)
    	at org.junit.internal.runners.statements.RunAfters.evaluate(RunAfters.java:27)
    	at org.junit.runners.ParentRunner$3.evaluate(ParentRunner.java:305)
    	at org.junit.runners.BlockJUnit4ClassRunner$1.evaluate(BlockJUnit4ClassRunner.java:100)
    	at org.junit.runners.ParentRunner.runLeaf(ParentRunner.java:365)
    	at org.junit.runners.BlockJUnit4ClassRunner.runChild(BlockJUnit4ClassRunner.java:103)
    	at org.junit.runners.BlockJUnit4ClassRunner.runChild(BlockJUnit4ClassRunner.java:63)
    	at org.junit.runners.ParentRunner$4.run(ParentRunner.java:330)
    	at org.junit.runners.ParentRunner$1.schedule(ParentRunner.java:78)
    	at org.junit.runners.ParentRunner.runChildren(ParentRunner.java:328)
    	at org.junit.runners.ParentRunner.access$100(ParentRunner.java:65)
    	at org.junit.runners.ParentRunner$2.evaluate(ParentRunner.java:292)
    	at org.junit.runners.ParentRunner$3.evaluate(ParentRunner.java:305)
    	at org.junit.runners.ParentRunner.run(ParentRunner.java:412)
    	at org.gradle.api.internal.tasks.testing.junit.JUnitTestClassExecutor.runTestClass(JUnitTestClassExecutor.java:110)
    	at org.gradle.api.internal.tasks.testing.junit.JUnitTestClassExecutor.execute(JUnitTestClassExecutor.java:58)
    	at org.gradle.api.internal.tasks.testing.junit.JUnitTestClassExecutor.execute(JUnitTestClassExecutor.java:38)
    	at org.gradle.api.internal.tasks.testing.junit.AbstractJUnitTestClassProcessor.processTestClass(AbstractJUnitTestClassProcessor.java:62)
    	at org.gradle.api.internal.tasks.testing.SuiteTestClassProcessor.processTestClass(SuiteTestClassProcessor.java:51)
    	at sun.reflect.NativeMethodAccessorImpl.invoke0(Native Method)
    	at sun.reflect.NativeMethodAccessorImpl.invoke(NativeMethodAccessorImpl.java:62)
    	at sun.reflect.DelegatingMethodAccessorImpl.invoke(DelegatingMethodAccessorImpl.java:43)
    	at java.lang.reflect.Method.invoke(Method.java:498)
    	at org.gradle.internal.dispatch.ReflectionDispatch.dispatch(ReflectionDispatch.java:36)
    	at org.gradle.internal.dispatch.ReflectionDispatch.dispatch(ReflectionDispatch.java:24)
    	at org.gradle.internal.dispatch.ContextClassLoaderDispatch.dispatch(ContextClassLoaderDispatch.java:33)
    	at org.gradle.internal.dispatch.ProxyDispatchAdapter$DispatchingInvocationHandler.invoke(ProxyDispatchAdapter.java:94)
    	at com.sun.proxy.$Proxy2.processTestClass(Unknown Source)
    	at org.gradle.api.internal.tasks.testing.worker.TestWorker.processTestClass(TestWorker.java:118)
    	at sun.reflect.NativeMethodAccessorImpl.invoke0(Native Method)
    	at sun.reflect.NativeMethodAccessorImpl.invoke(NativeMethodAccessorImpl.java:62)
    	at sun.reflect.DelegatingMethodAccessorImpl.invoke(DelegatingMethodAccessorImpl.java:43)
    	at java.lang.reflect.Method.invoke(Method.java:498)
    	at org.gradle.internal.dispatch.ReflectionDispatch.dispatch(ReflectionDispatch.java:36)
    	at org.gradle.internal.dispatch.ReflectionDispatch.dispatch(ReflectionDispatch.java:24)
    	at org.gradle.internal.remote.internal.hub.MessageHubBackedObjectConnection$DispatchWrapper.dispatch(MessageHubBackedObjectConnection.java:182)
    	at org.gradle.internal.remote.internal.hub.MessageHubBackedObjectConnection$DispatchWrapper.dispatch(MessageHubBackedObjectConnection.java:164)
    	at org.gradle.internal.remote.internal.hub.MessageHub$Handler.run(MessageHub.java:412)
    	at org.gradle.internal.concurrent.ExecutorPolicy$CatchAndRecordFailures.onExecute(ExecutorPolicy.java:64)
    	at org.gradle.internal.concurrent.ManagedExecutorImpl$1.run(ManagedExecutorImpl.java:48)
    	at java.util.concurrent.ThreadPoolExecutor.runWorker(ThreadPoolExecutor.java:1149)
    	at java.util.concurrent.ThreadPoolExecutor$Worker.run(ThreadPoolExecutor.java:624)
    	at org.gradle.internal.concurrent.ThreadFactoryImpl$ManagedThreadRunnable.run(ThreadFactoryImpl.java:56)
    	at java.lang.Thread.run(Thread.java:748)

Gradle Test Executor 32 finished executing tests.

> Task :clients:unitTest

org.apache.kafka.common.network.SslTransportLayerTest > testServerKeystoreDynamicUpdate STANDARD_OUT
    [2022-07-16 15:12:04,350] ERROR Modification time of key store could not be obtained: some.keystore.path (org.apache.kafka.common.security.ssl.SslEngineBuilder:300)
    java.nio.file.NoSuchFileException: some.keystore.path
    	at sun.nio.fs.UnixException.translateToIOException(UnixException.java:86)
    	at sun.nio.fs.UnixException.rethrowAsIOException(UnixException.java:102)
    	at sun.nio.fs.UnixException.rethrowAsIOException(UnixException.java:107)
    	at sun.nio.fs.UnixFileAttributeViews$Basic.readAttributes(UnixFileAttributeViews.java:55)
    	at sun.nio.fs.UnixFileSystemProvider.readAttributes(UnixFileSystemProvider.java:144)
    	at sun.nio.fs.LinuxFileSystemProvider.readAttributes(LinuxFileSystemProvider.java:99)
    	at java.nio.file.Files.readAttributes(Files.java:1737)
    	at java.nio.file.Files.getLastModifiedTime(Files.java:2266)
    	at org.apache.kafka.common.security.ssl.SslEngineBuilder$SecurityStore.lastModifiedMs(SslEngineBuilder.java:298)
    	at org.apache.kafka.common.security.ssl.SslEngineBuilder$SecurityStore.<init>(SslEngineBuilder.java:275)
    	at org.apache.kafka.common.security.ssl.SslEngineBuilder.createKeystore(SslEngineBuilder.java:173)
    	at org.apache.kafka.common.security.ssl.SslEngineBuilder.<init>(SslEngineBuilder.java:95)
    	at org.apache.kafka.common.security.ssl.SslFactory.createNewSslEngineBuilder(SslFactory.java:140)
    	at org.apache.kafka.common.security.ssl.SslFactory.validateReconfiguration(SslFactory.java:114)
    	at org.apache.kafka.common.network.SslChannelBuilder.validateReconfiguration(SslChannelBuilder.java:82)
    	at org.apache.kafka.common.network.SslTransportLayerTest.verifyInvalidReconfigure(SslTransportLayerTest.java:1052)
    	at org.apache.kafka.common.network.SslTransportLayerTest.testServerKeystoreDynamicUpdate(SslTransportLayerTest.java:983)
    	at sun.reflect.NativeMethodAccessorImpl.invoke0(Native Method)
    	at sun.reflect.NativeMethodAccessorImpl.invoke(NativeMethodAccessorImpl.java:62)
    	at sun.reflect.DelegatingMethodAccessorImpl.invoke(DelegatingMethodAccessorImpl.java:43)
    	at java.lang.reflect.Method.invoke(Method.java:498)
    	at org.junit.runners.model.FrameworkMethod$1.runReflectiveCall(FrameworkMethod.java:59)
    	at org.junit.internal.runners.model.ReflectiveCallable.run(ReflectiveCallable.java:12)
    	at org.junit.runners.model.FrameworkMethod.invokeExplosively(FrameworkMethod.java:56)
    	at org.junit.internal.runners.statements.InvokeMethod.evaluate(InvokeMethod.java:17)
    	at org.junit.internal.runners.statements.RunBefores.evaluate(RunBefores.java:26)
    	at org.junit.internal.runners.statements.RunAfters.evaluate(RunAfters.java:27)
    	at org.junit.runners.ParentRunner$3.evaluate(ParentRunner.java:305)
    	at org.junit.runners.BlockJUnit4ClassRunner$1.evaluate(BlockJUnit4ClassRunner.java:100)
    	at org.junit.runners.ParentRunner.runLeaf(ParentRunner.java:365)
    	at org.junit.runners.BlockJUnit4ClassRunner.runChild(BlockJUnit4ClassRunner.java:103)
    	at org.junit.runners.BlockJUnit4ClassRunner.runChild(BlockJUnit4ClassRunner.java:63)
    	at org.junit.runners.ParentRunner$4.run(ParentRunner.java:330)
    	at org.junit.runners.ParentRunner$1.schedule(ParentRunner.java:78)
    	at org.junit.runners.ParentRunner.runChildren(ParentRunner.java:328)
    	at org.junit.runners.ParentRunner.access$100(ParentRunner.java:65)
    	at org.junit.runners.ParentRunner$2.evaluate(ParentRunner.java:292)
    	at org.junit.runners.ParentRunner$3.evaluate(ParentRunner.java:305)
    	at org.junit.runners.ParentRunner.run(ParentRunner.java:412)
    	at org.gradle.api.internal.tasks.testing.junit.JUnitTestClassExecutor.runTestClass(JUnitTestClassExecutor.java:110)
    	at org.gradle.api.internal.tasks.testing.junit.JUnitTestClassExecutor.execute(JUnitTestClassExecutor.java:58)
    	at org.gradle.api.internal.tasks.testing.junit.JUnitTestClassExecutor.execute(JUnitTestClassExecutor.java:38)
    	at org.gradle.api.internal.tasks.testing.junit.AbstractJUnitTestClassProcessor.processTestClass(AbstractJUnitTestClassProcessor.java:62)
    	at org.gradle.api.internal.tasks.testing.SuiteTestClassProcessor.processTestClass(SuiteTestClassProcessor.java:51)
    	at sun.reflect.NativeMethodAccessorImpl.invoke0(Native Method)
    	at sun.reflect.NativeMethodAccessorImpl.invoke(NativeMethodAccessorImpl.java:62)
    	at sun.reflect.DelegatingMethodAccessorImpl.invoke(DelegatingMethodAccessorImpl.java:43)
    	at java.lang.reflect.Method.invoke(Method.java:498)
    	at org.gradle.internal.dispatch.ReflectionDispatch.dispatch(ReflectionDispatch.java:36)
    	at org.gradle.internal.dispatch.ReflectionDispatch.dispatch(ReflectionDispatch.java:24)
    	at org.gradle.internal.dispatch.ContextClassLoaderDispatch.dispatch(ContextClassLoaderDispatch.java:33)
    	at org.gradle.internal.dispatch.ProxyDispatchAdapter$DispatchingInvocationHandler.invoke(ProxyDispatchAdapter.java:94)
    	at com.sun.proxy.$Proxy2.processTestClass(Unknown Source)
    	at org.gradle.api.internal.tasks.testing.worker.TestWorker.processTestClass(TestWorker.java:118)
    	at sun.reflect.NativeMethodAccessorImpl.invoke0(Native Method)
    	at sun.reflect.NativeMethodAccessorImpl.invoke(NativeMethodAccessorImpl.java:62)
    	at sun.reflect.DelegatingMethodAccessorImpl.invoke(DelegatingMethodAccessorImpl.java:43)
    	at java.lang.reflect.Method.invoke(Method.java:498)
    	at org.gradle.internal.dispatch.ReflectionDispatch.dispatch(ReflectionDispatch.java:36)
    	at org.gradle.internal.dispatch.ReflectionDispatch.dispatch(ReflectionDispatch.java:24)
    	at org.gradle.internal.remote.internal.hub.MessageHubBackedObjectConnection$DispatchWrapper.dispatch(MessageHubBackedObjectConnection.java:182)
    	at org.gradle.internal.remote.internal.hub.MessageHubBackedObjectConnection$DispatchWrapper.dispatch(MessageHubBackedObjectConnection.java:164)
    	at org.gradle.internal.remote.internal.hub.MessageHub$Handler.run(MessageHub.java:412)
    	at org.gradle.internal.concurrent.ExecutorPolicy$CatchAndRecordFailures.onExecute(ExecutorPolicy.java:64)
    	at org.gradle.internal.concurrent.ManagedExecutorImpl$1.run(ManagedExecutorImpl.java:48)
    	at java.util.concurrent.ThreadPoolExecutor.runWorker(ThreadPoolExecutor.java:1149)
    	at java.util.concurrent.ThreadPoolExecutor$Worker.run(ThreadPoolExecutor.java:624)
    	at org.gradle.internal.concurrent.ThreadFactoryImpl$ManagedThreadRunnable.run(ThreadFactoryImpl.java:56)
    	at java.lang.Thread.run(Thread.java:748)
    [2022-07-16 15:12:04,353] ERROR Modification time of key store could not be obtained: some.keystore.path (org.apache.kafka.common.security.ssl.SslEngineBuilder:300)
    java.nio.file.NoSuchFileException: some.keystore.path
    	at sun.nio.fs.UnixException.translateToIOException(UnixException.java:86)
    	at sun.nio.fs.UnixException.rethrowAsIOException(UnixException.java:102)
    	at sun.nio.fs.UnixException.rethrowAsIOException(UnixException.java:107)
    	at sun.nio.fs.UnixFileAttributeViews$Basic.readAttributes(UnixFileAttributeViews.java:55)
    	at sun.nio.fs.UnixFileSystemProvider.readAttributes(UnixFileSystemProvider.java:144)
    	at sun.nio.fs.LinuxFileSystemProvider.readAttributes(LinuxFileSystemProvider.java:99)
    	at java.nio.file.Files.readAttributes(Files.java:1737)
    	at java.nio.file.Files.getLastModifiedTime(Files.java:2266)
    	at org.apache.kafka.common.security.ssl.SslEngineBuilder$SecurityStore.lastModifiedMs(SslEngineBuilder.java:298)
    	at org.apache.kafka.common.security.ssl.SslEngineBuilder$SecurityStore.<init>(SslEngineBuilder.java:275)
    	at org.apache.kafka.common.security.ssl.SslEngineBuilder.createKeystore(SslEngineBuilder.java:173)
    	at org.apache.kafka.common.security.ssl.SslEngineBuilder.<init>(SslEngineBuilder.java:95)
    	at org.apache.kafka.common.security.ssl.SslFactory.createNewSslEngineBuilder(SslFactory.java:140)
    	at org.apache.kafka.common.security.ssl.SslFactory.reconfigure(SslFactory.java:119)
    	at org.apache.kafka.common.network.SslChannelBuilder.reconfigure(SslChannelBuilder.java:87)
    	at org.apache.kafka.common.network.SslTransportLayerTest.verifyInvalidReconfigure(SslTransportLayerTest.java:1058)
    	at org.apache.kafka.common.network.SslTransportLayerTest.testServerKeystoreDynamicUpdate(SslTransportLayerTest.java:983)
    	at sun.reflect.NativeMethodAccessorImpl.invoke0(Native Method)
    	at sun.reflect.NativeMethodAccessorImpl.invoke(NativeMethodAccessorImpl.java:62)
    	at sun.reflect.DelegatingMethodAccessorImpl.invoke(DelegatingMethodAccessorImpl.java:43)
    	at java.lang.reflect.Method.invoke(Method.java:498)
    	at org.junit.runners.model.FrameworkMethod$1.runReflectiveCall(FrameworkMethod.java:59)
    	at org.junit.internal.runners.model.ReflectiveCallable.run(ReflectiveCallable.java:12)
    	at org.junit.runners.model.FrameworkMethod.invokeExplosively(FrameworkMethod.java:56)
    	at org.junit.internal.runners.statements.InvokeMethod.evaluate(InvokeMethod.java:17)
    	at org.junit.internal.runners.statements.RunBefores.evaluate(RunBefores.java:26)
    	at org.junit.internal.runners.statements.RunAfters.evaluate(RunAfters.java:27)
    	at org.junit.runners.ParentRunner$3.evaluate(ParentRunner.java:305)
    	at org.junit.runners.BlockJUnit4ClassRunner$1.evaluate(BlockJUnit4ClassRunner.java:100)
    	at org.junit.runners.ParentRunner.runLeaf(ParentRunner.java:365)
    	at org.junit.runners.BlockJUnit4ClassRunner.runChild(BlockJUnit4ClassRunner.java:103)
    	at org.junit.runners.BlockJUnit4ClassRunner.runChild(BlockJUnit4ClassRunner.java:63)
    	at org.junit.runners.ParentRunner$4.run(ParentRunner.java:330)
    	at org.junit.runners.ParentRunner$1.schedule(ParentRunner.java:78)
    	at org.junit.runners.ParentRunner.runChildren(ParentRunner.java:328)
    	at org.junit.runners.ParentRunner.access$100(ParentRunner.java:65)
    	at org.junit.runners.ParentRunner$2.evaluate(ParentRunner.java:292)
    	at org.junit.runners.ParentRunner$3.evaluate(ParentRunner.java:305)
    	at org.junit.runners.ParentRunner.run(ParentRunner.java:412)
    	at org.gradle.api.internal.tasks.testing.junit.JUnitTestClassExecutor.runTestClass(JUnitTestClassExecutor.java:110)
    	at org.gradle.api.internal.tasks.testing.junit.JUnitTestClassExecutor.execute(JUnitTestClassExecutor.java:58)
    	at org.gradle.api.internal.tasks.testing.junit.JUnitTestClassExecutor.execute(JUnitTestClassExecutor.java:38)
    	at org.gradle.api.internal.tasks.testing.junit.AbstractJUnitTestClassProcessor.processTestClass(AbstractJUnitTestClassProcessor.java:62)
    	at org.gradle.api.internal.tasks.testing.SuiteTestClassProcessor.processTestClass(SuiteTestClassProcessor.java:51)
    	at sun.reflect.NativeMethodAccessorImpl.invoke0(Native Method)
    	at sun.reflect.NativeMethodAccessorImpl.invoke(NativeMethodAccessorImpl.java:62)
    	at sun.reflect.DelegatingMethodAccessorImpl.invoke(DelegatingMethodAccessorImpl.java:43)
    	at java.lang.reflect.Method.invoke(Method.java:498)
    	at org.gradle.internal.dispatch.ReflectionDispatch.dispatch(ReflectionDispatch.java:36)
    	at org.gradle.internal.dispatch.ReflectionDispatch.dispatch(ReflectionDispatch.java:24)
    	at org.gradle.internal.dispatch.ContextClassLoaderDispatch.dispatch(ContextClassLoaderDispatch.java:33)
    	at org.gradle.internal.dispatch.ProxyDispatchAdapter$DispatchingInvocationHandler.invoke(ProxyDispatchAdapter.java:94)
    	at com.sun.proxy.$Proxy2.processTestClass(Unknown Source)
    	at org.gradle.api.internal.tasks.testing.worker.TestWorker.processTestClass(TestWorker.java:118)
    	at sun.reflect.NativeMethodAccessorImpl.invoke0(Native Method)
    	at sun.reflect.NativeMethodAccessorImpl.invoke(NativeMethodAccessorImpl.java:62)
    	at sun.reflect.DelegatingMethodAccessorImpl.invoke(DelegatingMethodAccessorImpl.java:43)
    	at java.lang.reflect.Method.invoke(Method.java:498)
    	at org.gradle.internal.dispatch.ReflectionDispatch.dispatch(ReflectionDispatch.java:36)
    	at org.gradle.internal.dispatch.ReflectionDispatch.dispatch(ReflectionDispatch.java:24)
    	at org.gradle.internal.remote.internal.hub.MessageHubBackedObjectConnection$DispatchWrapper.dispatch(MessageHubBackedObjectConnection.java:182)
    	at org.gradle.internal.remote.internal.hub.MessageHubBackedObjectConnection$DispatchWrapper.dispatch(MessageHubBackedObjectConnection.java:164)
    	at org.gradle.internal.remote.internal.hub.MessageHub$Handler.run(MessageHub.java:412)
    	at org.gradle.internal.concurrent.ExecutorPolicy$CatchAndRecordFailures.onExecute(ExecutorPolicy.java:64)
    	at org.gradle.internal.concurrent.ManagedExecutorImpl$1.run(ManagedExecutorImpl.java:48)
    	at java.util.concurrent.ThreadPoolExecutor.runWorker(ThreadPoolExecutor.java:1149)
    	at java.util.concurrent.ThreadPoolExecutor$Worker.run(ThreadPoolExecutor.java:624)
    	at org.gradle.internal.concurrent.ThreadFactoryImpl$ManagedThreadRunnable.run(ThreadFactoryImpl.java:56)
    	at java.lang.Thread.run(Thread.java:748)

org.apache.kafka.clients.consumer.internals.AbstractCoordinatorTest > testJoinGroupRequestWithFencedInstanceIdException STANDARD_OUT
    [2022-07-16 15:12:05,885] ERROR Received fatal exception: group.instance.id gets fenced (org.apache.kafka.clients.consumer.internals.AbstractCoordinator:594)

org.apache.kafka.clients.consumer.internals.AbstractCoordinatorTest > testSyncGroupRequestWithFencedInstanceIdException STANDARD_OUT
    [2022-07-16 15:12:06,004] ERROR Received fatal exception: group.instance.id gets fenced (org.apache.kafka.clients.consumer.internals.AbstractCoordinator:701)

org.apache.kafka.clients.consumer.internals.AbstractCoordinatorTest > testHeartbeatRequestWithFencedInstanceIdException STANDARD_OUT
    [2022-07-16 15:12:06,229] ERROR Received fatal exception: group.instance.id gets fenced (org.apache.kafka.clients.consumer.internals.AbstractCoordinator:992)
    [2022-07-16 15:12:06,231] ERROR Caught fenced group.instance.id Optional.empty error in heartbeat thread (org.apache.kafka.clients.consumer.internals.AbstractCoordinator:1256)

org.apache.kafka.clients.consumer.internals.AbstractCoordinatorTest > testHandleLeaveGroupResponseWithException STANDARD_OUT
    [2022-07-16 15:12:06,452] ERROR LeaveGroup request failed with error: The coordinator is not aware of this member. (org.apache.kafka.clients.consumer.internals.AbstractCoordinator:950)

org.apache.kafka.clients.consumer.internals.AbstractCoordinatorTest > testGroupMaxSizeExceptionIsFatal STANDARD_OUT
    [2022-07-16 15:12:06,873] ERROR Attempt to join group failed due to fatal error: The consumer group has reached its max size. (org.apache.kafka.clients.consumer.internals.AbstractCoordinator:602)

org.apache.kafka.clients.consumer.internals.AbstractCoordinatorTest > testUncaughtExceptionInHeartbeatThread STANDARD_OUT
    [2022-07-16 15:12:07,324] ERROR Heartbeat thread failed due to unexpected error (org.apache.kafka.clients.consumer.internals.AbstractCoordinator:1281)
    java.lang.RuntimeException
    	at org.apache.kafka.clients.consumer.internals.AbstractCoordinatorTest.testUncaughtExceptionInHeartbeatThread(AbstractCoordinatorTest.java:519)
    	at sun.reflect.NativeMethodAccessorImpl.invoke0(Native Method)
    	at sun.reflect.NativeMethodAccessorImpl.invoke(NativeMethodAccessorImpl.java:62)
    	at sun.reflect.DelegatingMethodAccessorImpl.invoke(DelegatingMethodAccessorImpl.java:43)
    	at java.lang.reflect.Method.invoke(Method.java:498)
    	at org.junit.runners.model.FrameworkMethod$1.runReflectiveCall(FrameworkMethod.java:59)
    	at org.junit.internal.runners.model.ReflectiveCallable.run(ReflectiveCallable.java:12)
    	at org.junit.runners.model.FrameworkMethod.invokeExplosively(FrameworkMethod.java:56)
    	at org.junit.internal.runners.statements.InvokeMethod.evaluate(InvokeMethod.java:17)
    	at org.junit.runners.ParentRunner$3.evaluate(ParentRunner.java:305)
    	at org.junit.runners.BlockJUnit4ClassRunner$1.evaluate(BlockJUnit4ClassRunner.java:100)
    	at org.junit.runners.ParentRunner.runLeaf(ParentRunner.java:365)
    	at org.junit.runners.BlockJUnit4ClassRunner.runChild(BlockJUnit4ClassRunner.java:103)
    	at org.junit.runners.BlockJUnit4ClassRunner.runChild(BlockJUnit4ClassRunner.java:63)
    	at org.junit.runners.ParentRunner$4.run(ParentRunner.java:330)
    	at org.junit.runners.ParentRunner$1.schedule(ParentRunner.java:78)
    	at org.junit.runners.ParentRunner.runChildren(ParentRunner.java:328)
    	at org.junit.runners.ParentRunner.access$100(ParentRunner.java:65)
    	at org.junit.runners.ParentRunner$2.evaluate(ParentRunner.java:292)
    	at org.junit.runners.ParentRunner$3.evaluate(ParentRunner.java:305)
    	at org.junit.runners.ParentRunner.run(ParentRunner.java:412)
    	at org.gradle.api.internal.tasks.testing.junit.JUnitTestClassExecutor.runTestClass(JUnitTestClassExecutor.java:110)
    	at org.gradle.api.internal.tasks.testing.junit.JUnitTestClassExecutor.execute(JUnitTestClassExecutor.java:58)
    	at org.gradle.api.internal.tasks.testing.junit.JUnitTestClassExecutor.execute(JUnitTestClassExecutor.java:38)
    	at org.gradle.api.internal.tasks.testing.junit.AbstractJUnitTestClassProcessor.processTestClass(AbstractJUnitTestClassProcessor.java:62)
    	at org.gradle.api.internal.tasks.testing.SuiteTestClassProcessor.processTestClass(SuiteTestClassProcessor.java:51)
    	at sun.reflect.NativeMethodAccessorImpl.invoke0(Native Method)
    	at sun.reflect.NativeMethodAccessorImpl.invoke(NativeMethodAccessorImpl.java:62)
    	at sun.reflect.DelegatingMethodAccessorImpl.invoke(DelegatingMethodAccessorImpl.java:43)
    	at java.lang.reflect.Method.invoke(Method.java:498)
    	at org.gradle.internal.dispatch.ReflectionDispatch.dispatch(ReflectionDispatch.java:36)
    	at org.gradle.internal.dispatch.ReflectionDispatch.dispatch(ReflectionDispatch.java:24)
    	at org.gradle.internal.dispatch.ContextClassLoaderDispatch.dispatch(ContextClassLoaderDispatch.java:33)
    	at org.gradle.internal.dispatch.ProxyDispatchAdapter$DispatchingInvocationHandler.invoke(ProxyDispatchAdapter.java:94)
    	at com.sun.proxy.$Proxy2.processTestClass(Unknown Source)
    	at org.gradle.api.internal.tasks.testing.worker.TestWorker.processTestClass(TestWorker.java:118)
    	at sun.reflect.NativeMethodAccessorImpl.invoke0(Native Method)
    	at sun.reflect.NativeMethodAccessorImpl.invoke(NativeMethodAccessorImpl.java:62)
    	at sun.reflect.DelegatingMethodAccessorImpl.invoke(DelegatingMethodAccessorImpl.java:43)
    	at java.lang.reflect.Method.invoke(Method.java:498)
    	at org.gradle.internal.dispatch.ReflectionDispatch.dispatch(ReflectionDispatch.java:36)
    	at org.gradle.internal.dispatch.ReflectionDispatch.dispatch(ReflectionDispatch.java:24)
    	at org.gradle.internal.remote.internal.hub.MessageHubBackedObjectConnection$DispatchWrapper.dispatch(MessageHubBackedObjectConnection.java:182)
    	at org.gradle.internal.remote.internal.hub.MessageHubBackedObjectConnection$DispatchWrapper.dispatch(MessageHubBackedObjectConnection.java:164)
    	at org.gradle.internal.remote.internal.hub.MessageHub$Handler.run(MessageHub.java:412)
    	at org.gradle.internal.concurrent.ExecutorPolicy$CatchAndRecordFailures.onExecute(ExecutorPolicy.java:64)
    	at org.gradle.internal.concurrent.ManagedExecutorImpl$1.run(ManagedExecutorImpl.java:48)
    	at java.util.concurrent.ThreadPoolExecutor.runWorker(ThreadPoolExecutor.java:1149)
    	at java.util.concurrent.ThreadPoolExecutor$Worker.run(ThreadPoolExecutor.java:624)
    	at org.gradle.internal.concurrent.ThreadFactoryImpl$ManagedThreadRunnable.run(ThreadFactoryImpl.java:56)
    	at java.lang.Thread.run(Thread.java:748)

Gradle Test Executor 33 finished executing tests.

> Task :clients:unitTest

5508 tests completed, 5 failed, 61 skipped
Finished generating test XML results (0.03 secs) into: /users/miaoyu/kafka/clients/build/test-results/unitTest
Generating HTML test report...
Finished generating test html results (0.033 secs) into: /users/miaoyu/kafka/clients/build/reports/tests/unitTest

> Task :clients:unitTest FAILED
:clients:unitTest (Thread[Execution worker for ':' Thread 18,5,main]) completed. Took 1 mins 21.304 secs.

FAILURE: Build failed with an exception.

* What went wrong:
Execution failed for task ':clients:unitTest'.
> There were failing tests. See the report at: file:///users/miaoyu/kafka/clients/build/reports/tests/unitTest/index.html

* Try:
Run with --stacktrace option to get the stack trace. Run with --debug option to get more log output. Run with --scan to get full insights.

* Get more help at https://help.gradle.org

Deprecated Gradle features were used in this build, making it incompatible with Gradle 6.0.
Use '--warning-mode all' to show the individual deprecation warnings.
See https://docs.gradle.org/5.6.2/userguide/command_line_interface.html#sec:command_line_warnings

BUILD FAILED in 1m 23s
39 actionable tasks: 1 executed, 38 up-to-date
